[2026-04-15 15:33:50.972] [FAILED] JobId: f70afab4-5f05-4bc9-977d-9d592394447f, Type: Prime, Reason: Invalid 'numbers' parameter, Attempts: 1
[2026-04-15 15:33:50.972] [FAILED] JobId: 6db0e1c7-94bc-44db-a428-9042e9a43285, Type: IO, Reason: Invalid 'delay' parameter, Attempts: 1
[2026-04-15 15:33:50.972] [FAILED] JobId: 9bc35410-2ac5-4981-9e37-94f3561a61ca, Type: IO, Reason: Invalid 'delay' parameter, Attempts: 1
[2026-04-15 15:33:50.972] [FAILED] JobId: f67de13e-d8c6-49ed-a9a5-6d7bccb996dc, Type: IO, Reason: Invalid 'delay' parameter, Attempts: 1
[2026-04-15 15:33:50.972] [FAILED] JobId: 7e32c80c-9fe6-4c4a-9b81-e36a5239cef3, Type: Prime, Reason: Invalid 'numbers' parameter, Attempts: 1
[2026-04-15 15:33:51.876] [COMPLETED] JobId: 12a253e7-1bd4-429f-b5db-ca1519992965, Type: Prime, Result: 4175
[2026-04-15 15:33:52.999] [COMPLETED] JobId: 45045fda-a464-4a94-8430-d848cb2f1c00, Type: Prime, Result: 1183
[2026-04-15 15:33:53.548] [COMPLETED] JobId: 6cae46f8-63e0-409d-a9b9-fdc8a6391eb4, Type: Prime, Result: 5090
[2026-04-15 15:33:53.722] [COMPLETED] JobId: 07a7fb1d-8ce0-467b-9f88-ddab236d9bee, Type: IO, Result: 18
[2026-04-15 15:33:54.313] [COMPLETED] JobId: 92e01029-a0b3-4061-bd60-9eaa1a76f710, Type: IO, Result: 2
[2026-04-15 15:33:55.023] [COMPLETED] JobId: d867a382-ed88-47c2-b1ea-115ecc380592, Type: Prime, Result: 3890
[2026-04-15 15:33:55.339] [COMPLETED] JobId: ee62bc81-dd0c-4ff4-99d8-a03b88c746f9, Type: Prime, Result: 2864
[2026-04-15 15:33:56.946] [COMPLETED] JobId: 9ab24497-8497-4904-a74f-2f07f7b83001, Type: Prime, Result: 2487
[2026-04-15 15:33:58.282] [COMPLETED] JobId: 8e7f15ac-c683-4a3e-8180-9b60929c0998, Type: IO, Result: 75
[2026-04-15 15:33:59.363] [COMPLETED] JobId: 78b56ee5-6c7d-4e35-a650-dd651a8f7a9e, Type: IO, Result: 96
[2026-04-15 15:34:00.189] [COMPLETED] JobId: 8e878f38-9b28-42d1-89f8-7fd3b5b91644, Type: IO, Result: 35
[2026-04-15 15:34:00.957] [COMPLETED] JobId: d432193c-8e13-46ec-8bc9-d695bca3004b, Type: IO, Result: 7
[2026-04-15 15:34:01.259] [COMPLETED] JobId: f96f0440-73b8-41a9-93d2-3a19686c807a, Type: IO, Result: 52
[2026-04-15 15:34:01.740] [COMPLETED] JobId: f034821b-8498-4e92-a6e6-58278e877617, Type: IO, Result: 81
[2026-04-15 15:34:01.779] [COMPLETED] JobId: dee256c5-4c69-44e3-a073-3165ba12c254, Type: IO, Result: 37
[2026-04-15 15:34:02.222] [COMPLETED] JobId: b91df2e0-a66d-415d-bcba-63301b68ef6c, Type: Prime, Result: 2105
[2026-04-15 15:34:02.738] [COMPLETED] JobId: 2a617b05-cf23-4d0e-b99e-c1809c116745, Type: IO, Result: 19
[2026-04-15 15:34:03.557] [COMPLETED] JobId: 2f6acb94-fee7-4485-a5d1-f194c9bcb6d5, Type: IO, Result: 29
[2026-04-15 15:34:04.507] [COMPLETED] JobId: 1c45b2e0-8272-4da7-9eb3-503f3563220d, Type: IO, Result: 65
[2026-04-15 15:34:04.710] [COMPLETED] JobId: 7ca8e8f0-9d44-4aa9-aa44-67ac4a535be2, Type: IO, Result: 99
[2026-04-15 15:34:05.381] [COMPLETED] JobId: a6d4f83c-ad11-40a0-806a-b5ee12bbfa77, Type: Prime, Result: 4268
[2026-04-15 15:34:05.934] [COMPLETED] JobId: f7d908db-7f62-4e24-bdf3-221daf1a343c, Type: IO, Result: 76
[2026-04-15 15:34:06.161] [COMPLETED] JobId: 86addd25-800c-40ee-a5b6-d4710778d63f, Type: IO, Result: 15
[2026-04-15 15:34:06.565] [COMPLETED] JobId: c3055d94-b260-4bab-a762-4699bcf8ec79, Type: Prime, Result: 2610
[2026-04-15 15:34:06.719] [COMPLETED] JobId: affe0c6f-bd97-4bc3-b359-cc79dda4c932, Type: Prime, Result: 4922
[2026-04-15 15:34:07.995] [COMPLETED] JobId: da5146b6-f4ac-456f-801f-8d625b717595, Type: Prime, Result: 4626
[2026-04-15 15:34:08.674] [COMPLETED] JobId: 1ccefe4f-39c7-4d02-9dd4-6e3250d83d07, Type: Prime, Result: 910
[2026-04-15 15:34:09.498] [COMPLETED] JobId: a9f4ac66-86c0-4d21-a52b-e1b79e8e1f4c, Type: Prime, Result: 3221
[2026-04-15 15:34:10.688] [COMPLETED] JobId: 5bc76e49-7758-4c2c-9ec5-c9f042042819, Type: IO, Result: 92
[2026-04-15 15:34:10.883] [COMPLETED] JobId: 3dfd5659-c67a-401a-87bc-81cc632f75ae, Type: IO, Result: 61
[2026-04-15 15:34:12.010] [COMPLETED] JobId: 8aa9cae7-4ebf-4698-a8d4-539b8a2cfb0c, Type: IO, Result: 71
[2026-04-15 15:34:12.146] [COMPLETED] JobId: 06d7816c-e353-4f43-b16e-99e88605c2ad, Type: Prime, Result: 4947
[2026-04-15 15:34:12.185] [COMPLETED] JobId: d7105c81-1fbb-419d-8962-c72a6d6d8918, Type: Prime, Result: 4412
[2026-04-15 15:34:14.182] [COMPLETED] JobId: 0a618c90-3a3b-4cbd-a509-c142af70b590, Type: Prime, Result: 3959
[2026-04-15 15:34:14.788] [COMPLETED] JobId: 9afcd5e0-8af9-450a-b584-dad7bd9200a1, Type: Prime, Result: 2384
[2026-04-15 15:34:14.840] [COMPLETED] JobId: 165007b7-b218-4ca5-a3e1-94d02e56c333, Type: IO, Result: 1
[2026-04-15 15:34:15.169] [COMPLETED] JobId: 42f733e9-075e-4c46-8fa2-80fc67dfaa67, Type: IO, Result: 91
[2026-04-15 15:34:15.843] [COMPLETED] JobId: 2ae96b30-59c0-437c-be80-6d0fda1aa6bc, Type: Prime, Result: 4457
[2026-04-15 15:34:16.690] [COMPLETED] JobId: 4def6ad1-ecd1-4bf6-bc0a-6eeba3b93b27, Type: Prime, Result: 3187
[2026-04-15 15:34:17.506] [COMPLETED] JobId: 3f5e87fd-3fec-4317-8449-968651d6ebff, Type: Prime, Result: 4663
[2026-04-15 15:34:18.196] [COMPLETED] JobId: af156088-8dab-483a-9cc5-27a4c05dfb57, Type: Prime, Result: 4334
[2026-04-15 15:34:19.313] [COMPLETED] JobId: b77477a9-e2f3-4f9c-b1bb-70a208cb710f, Type: Prime, Result: 1285
[2026-04-15 15:34:20.369] [COMPLETED] JobId: e029869f-c3fc-4368-a60c-0c7d14d204c8, Type: Prime, Result: 3251
[2026-04-15 15:34:20.934] [COMPLETED] JobId: 4e4b0ee2-e70b-4b4a-98f6-d81ff53aea5c, Type: IO, Result: 15
[2026-04-15 15:34:20.970] [COMPLETED] JobId: 68de383a-2043-40bd-b276-47085f0fe0f8, Type: Prime, Result: 2738
[2026-04-15 15:34:21.339] [COMPLETED] JobId: 1e9276e3-a546-4ff7-9b88-b6b9394dd498, Type: Prime, Result: 4383
[2026-04-15 15:34:21.735] [COMPLETED] JobId: ca00a475-e22e-414e-b64c-d2d24dbb5b84, Type: Prime, Result: 5116
[2026-04-15 15:34:22.117] [COMPLETED] JobId: 42fc3fcc-23b6-4661-9a69-4edf3361fb49, Type: Prime, Result: 3841
[2026-04-15 15:34:24.006] [COMPLETED] JobId: c7c700a8-9908-4a88-8ef4-ed6d5969e6f5, Type: Prime, Result: 1007
[2026-04-15 15:34:25.137] [COMPLETED] JobId: d7a2fb4e-eb6a-4488-9039-ce8c02dc2147, Type: IO, Result: 14
[2026-04-15 15:34:25.524] [COMPLETED] JobId: c53f01a0-7610-4598-bfdf-8b5ce1f45aef, Type: Prime, Result: 1210
[2026-04-15 15:34:26.028] [COMPLETED] JobId: c0863e57-fa5b-44e6-854f-70d5a0b1f9d8, Type: IO, Result: 99
[2026-04-15 15:34:26.150] [COMPLETED] JobId: 589b9356-4de7-4c23-babc-a85d319a29c1, Type: Prime, Result: 1046
[2026-04-15 15:34:26.955] [COMPLETED] JobId: bfbe82b2-6ba7-46f8-9900-650134d423c2, Type: Prime, Result: 2893
[2026-04-15 15:34:27.454] [COMPLETED] JobId: 30281cb9-ccbe-4384-b3dd-fbf4f30750a5, Type: Prime, Result: 3778
[2026-04-15 15:34:28.949] [COMPLETED] JobId: 5403f9c3-e15c-4038-8dd0-2b5ec0c7eb5f, Type: Prime, Result: 3845
[2026-04-15 15:34:29.075] [COMPLETED] JobId: 545cbb94-c5f8-4acf-97a4-c69f8b7d4789, Type: IO, Result: 8
[2026-04-15 15:34:29.533] [COMPLETED] JobId: ee650327-e8a2-446e-8dbe-5cbe56a7ec13, Type: Prime, Result: 4059
[2026-04-15 15:34:30.068] [COMPLETED] JobId: 0bb10ffd-d438-447c-8aa6-634acebd228b, Type: Prime, Result: 3894
[2026-04-15 15:34:30.705] [COMPLETED] JobId: e5e792ff-4813-41d8-98d6-cb2f8ff7e456, Type: IO, Result: 48
[2026-04-15 15:34:31.220] [COMPLETED] JobId: 750f20e8-f342-4e19-92b8-cf41c1db9b4d, Type: IO, Result: 33
[2026-04-15 15:34:32.051] [COMPLETED] JobId: 02198d1b-2589-4975-9953-48c6c6286d2d, Type: Prime, Result: 2025
[2026-04-15 15:34:33.343] [COMPLETED] JobId: 8f9dc503-4678-4889-b1bf-c5ad86fd2122, Type: IO, Result: 83
[2026-04-15 15:34:33.348] [COMPLETED] JobId: 0fbd9a3f-3d80-4942-932c-4c5c4821e890, Type: Prime, Result: 2989
[2026-04-15 15:34:33.657] [COMPLETED] JobId: c80c3243-5486-4050-b55a-7eb2180908cb, Type: Prime, Result: 3161
[2026-04-15 15:34:34.767] [COMPLETED] JobId: e4ea4301-8dd1-411c-bd3d-70c7631cc7e3, Type: Prime, Result: 2578
[2026-04-15 15:34:36.422] [COMPLETED] JobId: 166e908d-acc4-4a42-9d04-86e348d1bb97, Type: IO, Result: 54
[2026-04-15 15:34:37.140] [COMPLETED] JobId: 79340b2e-4c2a-4b49-9b7b-dba8ba60ebf2, Type: IO, Result: 63
[2026-04-15 15:34:37.439] [COMPLETED] JobId: de3161d7-3cce-4ac4-b5b8-95c66deac3a7, Type: IO, Result: 94
[2026-04-15 15:34:38.406] [COMPLETED] JobId: 53bf2128-83ac-49b7-8aad-5cfb9f07eed6, Type: Prime, Result: 3301
[2026-04-15 15:34:39.110] [COMPLETED] JobId: d23f5d32-853b-4c64-a3fb-4f623865e2ca, Type: IO, Result: 42
[2026-04-15 15:34:39.200] [COMPLETED] JobId: c0769885-b0c5-4cca-bbcb-ea4f054eb65c, Type: Prime, Result: 4037
[2026-04-15 15:34:40.625] [COMPLETED] JobId: c31119c3-485e-4b44-86e6-32a812b21699, Type: IO, Result: 28
[2026-04-15 15:34:40.892] [COMPLETED] JobId: 778ae82a-36b3-4b46-bb24-3931349e6d0e, Type: Prime, Result: 4692
[2026-04-15 15:34:41.335] [COMPLETED] JobId: 6339a16e-bcd7-45ea-b8bb-7f7f4ada19a2, Type: IO, Result: 53
[2026-04-15 15:34:41.647] [COMPLETED] JobId: 54b7876c-3aeb-4c0a-a122-1cf3d3886bd1, Type: IO, Result: 7
[2026-04-15 15:34:42.498] [COMPLETED] JobId: b7b22dc6-a39d-4649-a1d2-8e8760e286b6, Type: IO, Result: 61
[2026-04-15 15:34:43.149] [COMPLETED] JobId: c3ad0981-af8b-43dd-95a7-bfbccf5b7c79, Type: IO, Result: 18
[2026-04-15 15:34:43.232] [COMPLETED] JobId: acfb0d57-7fd7-4a83-9385-b887cde4273b, Type: Prime, Result: 1724
[2026-04-15 15:34:43.307] [COMPLETED] JobId: 10a3b24a-2a24-43ba-a320-4b3d6787076f, Type: IO, Result: 52
[2026-04-15 15:34:44.079] [COMPLETED] JobId: 0c418dfb-1b37-421e-9952-ea92c5af8df0, Type: Prime, Result: 2788
[2026-04-15 15:34:45.212] [COMPLETED] JobId: c7fc9e01-ca26-4eb2-8419-87e3f7b25d4f, Type: IO, Result: 69
[2026-04-15 15:34:45.581] [COMPLETED] JobId: 89faa6ef-a252-4aa5-83d3-19b42a70c051, Type: Prime, Result: 4634
[2026-04-15 15:34:46.994] [COMPLETED] JobId: a56a6d69-9039-45d5-b6f8-88dae9561c1d, Type: IO, Result: 51
[2026-04-15 15:34:47.156] [COMPLETED] JobId: 6d519084-3a67-4415-ab5b-424c8c90f62d, Type: IO, Result: 73
[2026-04-15 15:34:47.690] [COMPLETED] JobId: d5ef6350-0fd6-42aa-835e-8c6e30e53d97, Type: IO, Result: 22
[2026-04-15 15:34:48.166] [COMPLETED] JobId: 1b369080-f0fc-44d0-8ab9-142762431bde, Type: IO, Result: 11
[2026-04-15 15:34:48.507] [COMPLETED] JobId: deb860f2-c4c1-4dd5-90fa-58027885d362, Type: IO, Result: 100
[2026-04-15 15:34:48.538] [COMPLETED] JobId: 69ac986c-6603-41d4-be88-d6ea048c4227, Type: Prime, Result: 1438
[2026-04-15 15:34:50.155] [COMPLETED] JobId: cb2252af-471e-428d-b0aa-d96532de1d7e, Type: IO, Result: 89
[2026-04-15 15:34:50.466] [COMPLETED] JobId: ad45349c-db51-4f1d-9b34-b8a990de0987, Type: Prime, Result: 1746
[2026-04-15 15:34:52.047] [COMPLETED] JobId: 9315feb2-9aa3-41df-bdb3-b3488a6eac97, Type: IO, Result: 37
[2026-04-15 15:34:52.147] [COMPLETED] JobId: b0d35811-0706-4765-bbf0-6a7738669234, Type: Prime, Result: 725
[2026-04-15 15:34:52.354] [COMPLETED] JobId: 6b0245b5-c58f-40cc-91b4-e0646a6efcbb, Type: IO, Result: 33
[2026-04-15 15:34:53.355] [COMPLETED] JobId: 9caa7b21-9056-4aaa-a32a-c5a0b6da3dce, Type: IO, Result: 23
[2026-04-15 15:34:53.573] [COMPLETED] JobId: 94678d28-820c-479a-86d2-d196137ab7a8, Type: Prime, Result: 1278
[2026-04-15 15:34:55.481] [COMPLETED] JobId: 8595cfdf-58fc-4cc6-9347-27ed47c99759, Type: Prime, Result: 4902
[2026-04-15 15:34:55.505] [COMPLETED] JobId: ad6df828-ced8-4b4b-9caa-1c61f1c5f8a2, Type: IO, Result: 94
[2026-04-15 15:34:55.679] [COMPLETED] JobId: fdb61bda-10f8-4499-ab7b-91cc6031c92f, Type: IO, Result: 61
[2026-04-15 15:34:56.942] [COMPLETED] JobId: b59fb498-52f5-4c31-8da9-d65fea1d8b23, Type: IO, Result: 21
[2026-04-15 15:34:57.161] [COMPLETED] JobId: 48660291-3548-4fb1-bb64-ead3fb4c43d1, Type: IO, Result: 76
[2026-04-15 15:34:57.360] [COMPLETED] JobId: 9eca2b80-f80c-4c66-88ff-4fc324be3a65, Type: Prime, Result: 1229
[2026-04-15 15:34:59.093] [COMPLETED] JobId: 24ca8098-4f69-41da-a1d5-c89229b537b8, Type: Prime, Result: 3056
[2026-04-15 15:34:59.140] [COMPLETED] JobId: a78bada0-d81e-469f-aad9-1bf4049887c4, Type: Prime, Result: 2893
[2026-04-15 15:34:59.457] [COMPLETED] JobId: dd665ad6-188d-4cb8-bb77-4330f9f8d54c, Type: IO, Result: 40
[2026-04-15 15:35:00.534] [COMPLETED] JobId: b6ce9a0b-ace2-4677-867f-ccdd5129c137, Type: Prime, Result: 2935
[2026-04-15 15:35:00.971] [COMPLETED] JobId: b038835f-a047-4d45-95be-e268d60f45ed, Type: Prime, Result: 2195
[2026-04-15 15:35:01.940] [COMPLETED] JobId: c95809d2-0362-4f48-a70a-3bc20196479f, Type: IO, Result: 25
[2026-04-15 15:35:01.999] [COMPLETED] JobId: 304a4844-bb3a-463b-927b-c7099d102a77, Type: IO, Result: 31
[2026-04-15 15:35:02.339] [COMPLETED] JobId: 57a10a55-c45b-4d1f-b9fe-47fa933c2957, Type: Prime, Result: 2453
[2026-04-15 15:35:03.717] [COMPLETED] JobId: ea84c5c6-a3a3-48b6-b4bb-beda07116d3e, Type: Prime, Result: 1409
[2026-04-15 15:35:04.449] [COMPLETED] JobId: af992db5-6b26-4e1b-9268-d1854c664c5d, Type: Prime, Result: 1227
[2026-04-15 15:35:05.380] [COMPLETED] JobId: 2f478278-eb1a-41e0-aada-eaed29fcea8c, Type: IO, Result: 71
[2026-04-15 15:35:05.733] [COMPLETED] JobId: c7d8c824-55d9-41e1-98f8-79c4974f99c4, Type: IO, Result: 88
[2026-04-15 15:35:06.289] [COMPLETED] JobId: 7c0f6093-1692-4ea0-82a4-f79e78f64d89, Type: IO, Result: 91
[2026-04-15 15:35:06.459] [COMPLETED] JobId: 3a7919cc-e7a2-4774-9f5f-f203b31d3dcf, Type: IO, Result: 52
[2026-04-15 15:35:06.913] [COMPLETED] JobId: 22254cd7-7033-43b8-8f3f-5a4c92d83886, Type: IO, Result: 68
[2026-04-15 15:35:07.825] [COMPLETED] JobId: 9a563260-bdf4-4995-98c0-86f50f40d629, Type: Prime, Result: 3668
[2026-04-15 15:35:08.570] [COMPLETED] JobId: 9dc66d0b-e2c2-44ef-8972-bd595e0400d0, Type: IO, Result: 47
[2026-04-15 15:35:09.475] [COMPLETED] JobId: 30065c16-e890-4f14-b743-ac43a2954685, Type: Prime, Result: 1119
[2026-04-15 15:35:09.494] [COMPLETED] JobId: 49799c68-82aa-40f7-8503-c9db0dbd390b, Type: Prime, Result: 5129
[2026-04-15 15:35:10.037] [COMPLETED] JobId: 647b3a32-1306-4465-8842-aebe2eb14eea, Type: Prime, Result: 4400
[2026-04-15 15:35:11.438] [COMPLETED] JobId: b87a238f-0f8b-4e1d-96d9-07fdac44372c, Type: Prime, Result: 3251
[2026-04-15 15:35:11.887] [COMPLETED] JobId: 54c076a9-ecd3-4bbe-b7a8-bda6373adc01, Type: IO, Result: 47
[2026-04-15 15:35:12.210] [COMPLETED] JobId: f36e148a-75ce-4f08-85d9-c9a75a58b663, Type: IO, Result: 58
[2026-04-15 15:35:13.022] [COMPLETED] JobId: b8ca642a-f936-4123-a6a4-2f73874e8f77, Type: Prime, Result: 2370
[2026-04-15 15:35:13.834] [COMPLETED] JobId: 6cae6ca9-46d1-47d9-bd15-9849bf484786, Type: Prime, Result: 1508
[2026-04-15 15:35:14.099] [COMPLETED] JobId: a0918152-e45d-49e0-9033-8cd321aac769, Type: IO, Result: 51
[2026-04-15 15:35:14.340] [COMPLETED] JobId: 26aeb9f3-1d3b-4fdc-875a-633e54f657fd, Type: Prime, Result: 2958
[2026-04-15 15:35:14.876] [COMPLETED] JobId: 68e688ce-6ae2-416d-a463-c0499f177928, Type: IO, Result: 0
[2026-04-15 15:35:15.225] [COMPLETED] JobId: 25b04607-92c5-4c54-998a-c4b7a86680e8, Type: IO, Result: 51
[2026-04-15 15:35:16.414] [COMPLETED] JobId: 2efbeeb6-ac50-4e31-b0bd-603de6c5659c, Type: Prime, Result: 3713
[2026-04-15 15:35:17.254] [COMPLETED] JobId: b26d5944-5c02-46cc-b053-a2c3f917692b, Type: IO, Result: 35
[2026-04-15 15:35:17.648] [COMPLETED] JobId: d2cadc39-afcc-40ee-b6c2-1068d1b21fab, Type: IO, Result: 53
[2026-04-15 15:35:18.214] [COMPLETED] JobId: 831b5ff2-bbb2-4a1a-87da-106fabfdde67, Type: Prime, Result: 5018
[2026-04-15 15:35:18.309] [COMPLETED] JobId: 85d1d0a5-3477-4810-adfc-a6a9923e7d8c, Type: IO, Result: 68
[2026-04-15 15:35:18.365] [COMPLETED] JobId: 9798be80-c14f-45cf-96de-6ab7730672da, Type: Prime, Result: 4551
[2026-04-15 15:35:18.728] [COMPLETED] JobId: 0e1f528e-1c47-4557-8037-8fb76ad8fcb6, Type: IO, Result: 86
[2026-04-15 15:35:19.731] [COMPLETED] JobId: f4cec33d-95cb-44f3-b006-9138228b4113, Type: IO, Result: 1
[2026-04-15 15:35:21.099] [COMPLETED] JobId: 73790803-c424-42aa-9b07-4cecbc17ced2, Type: IO, Result: 24
[2026-04-15 15:35:21.431] [COMPLETED] JobId: fb5ac7bf-eab6-4e4a-9834-9c69cfa6eeda, Type: IO, Result: 80
[2026-04-15 15:35:21.594] [COMPLETED] JobId: 45010bc0-1a36-44d8-ad93-84e8711fd74e, Type: Prime, Result: 2752
[2026-04-15 15:35:22.474] [COMPLETED] JobId: 877b1d38-7b00-4ab2-818a-0683f4086dd5, Type: IO, Result: 62
[2026-04-15 15:35:22.613] [COMPLETED] JobId: b43f2b9b-5feb-4c8a-9323-59446e4ff7cf, Type: IO, Result: 91
[2026-04-15 15:35:22.650] [COMPLETED] JobId: 54a4f7dc-7a05-4b09-ae16-1e0d2d631466, Type: IO, Result: 37
[2026-04-15 15:35:22.923] [COMPLETED] JobId: b529197c-6012-47db-ae3e-af825e8f4a58, Type: Prime, Result: 2090
[2026-04-15 15:35:24.175] [COMPLETED] JobId: 6af234f1-bff3-4303-b73a-ce711d6057ad, Type: Prime, Result: 2074
[2026-04-15 15:35:25.140] [COMPLETED] JobId: 0ee21603-2149-4a72-b5e4-cbdaf7424b32, Type: IO, Result: 99
[2026-04-15 15:35:26.509] [COMPLETED] JobId: 1bbdef78-5873-4145-b118-4ad8706bedce, Type: Prime, Result: 808
[2026-04-15 15:35:27.251] [COMPLETED] JobId: 78179030-686a-4eab-8072-23bdf205c60e, Type: IO, Result: 97
[2026-04-15 15:35:27.562] [COMPLETED] JobId: bfd29322-523f-4647-b894-d380bf14c276, Type: IO, Result: 54
[2026-04-15 15:35:27.599] [COMPLETED] JobId: fc16e880-df67-4ef3-b5cc-5dd256b42678, Type: Prime, Result: 2830
[2026-04-15 15:35:28.341] [COMPLETED] JobId: 91c79cbc-81d3-4b60-8822-ba3488df89e8, Type: Prime, Result: 2134
[2026-04-15 15:35:29.427] [COMPLETED] JobId: 27fed60a-bc8d-4ffb-a8aa-bf906c9460c0, Type: Prime, Result: 3434
[2026-04-15 15:35:29.646] [COMPLETED] JobId: abc5f1b7-2281-4a92-8dac-67f96e2520fb, Type: IO, Result: 7
[2026-04-15 15:35:30.048] [COMPLETED] JobId: df97c546-0b7b-4f57-80a1-2dfe17500090, Type: Prime, Result: 3637
[2026-04-15 15:35:30.907] [COMPLETED] JobId: e31d6d8a-c2bf-47e9-98b6-1c91b25180d8, Type: Prime, Result: 2669
[2026-04-15 15:35:31.296] [COMPLETED] JobId: afff4ae0-f4f0-4b33-9c95-ce229731067e, Type: Prime, Result: 2307
[2026-04-15 15:35:32.023] [COMPLETED] JobId: 72fb9830-5477-4849-996e-a3e8b83913b0, Type: Prime, Result: 2044
[2026-04-15 15:35:32.873] [COMPLETED] JobId: 61d80b24-5c3d-491f-814f-8d67d2b6081a, Type: Prime, Result: 2851
[2026-04-15 15:35:32.995] [COMPLETED] JobId: 2d3896ec-2250-4c1a-b866-5e023eaf5a71, Type: Prime, Result: 3087
[2026-04-15 15:35:33.498] [COMPLETED] JobId: af42e0d3-2729-40e8-9298-2f1de501e2bd, Type: Prime, Result: 1304
[2026-04-15 15:35:34.919] [COMPLETED] JobId: d26335d5-87c2-429a-8e19-d60d930d4808, Type: Prime, Result: 2233
[2026-04-15 15:35:35.402] [COMPLETED] JobId: bf9f97c3-7aae-4151-a074-c30621d17e5d, Type: Prime, Result: 4025
[2026-04-15 15:35:36.034] [COMPLETED] JobId: 9ce725cb-ce97-422f-b5c1-1f48e86e6a7e, Type: Prime, Result: 2800
[2026-04-15 15:35:37.176] [COMPLETED] JobId: 067bcc8b-3cf4-4c5a-ba67-e46eb8579722, Type: IO, Result: 8
[2026-04-15 15:35:37.635] [COMPLETED] JobId: 5e6eeb7f-5855-479d-a258-5b2b074a5dc3, Type: IO, Result: 17
[2026-04-15 15:35:37.905] [COMPLETED] JobId: f2a01690-f6eb-44d9-aae9-fcf62978e77f, Type: Prime, Result: 1684
[2026-04-15 15:35:38.687] [COMPLETED] JobId: a094f4d9-e940-4446-961f-5468f09d64da, Type: IO, Result: 20
[2026-04-15 15:35:40.044] [COMPLETED] JobId: f8b26122-0d9f-47dd-bf35-118e372b85e5, Type: IO, Result: 84
