[2026-04-17T16:40:46.2383712Z] [COMPLETED] 664c7193-c060-45fd-95ec-d2875a49ec87, 1754
[2026-04-17T16:40:46.2491966Z] [COMPLETED] 8ffba723-984c-4ee1-8670-4b069beaf513, 3018
[2026-04-17T16:40:46.5218851Z] [COMPLETED] 3262933a-f6d1-4420-a3da-20aff9970edd, 25
[2026-04-17T16:40:46.8794540Z] [COMPLETED] 4183642c-ded0-4444-bcae-9a0afec79759, 44
[2026-04-17T16:40:48.2231857Z] [FAILED] 9f704e05-fe92-404e-893d-eb3fae8b7101, N/A
[2026-04-17T16:40:48.2232118Z] [FAILED] bf398922-2b72-4202-abad-c3614e8d7be7, N/A
[2026-04-17T16:40:48.5221594Z] [FAILED] 3487573c-7528-4151-8156-891fa9b7bb48, N/A
[2026-04-17T16:40:48.7867250Z] [COMPLETED] 92c73fed-6199-4639-8759-2630a0695dae, 75
[2026-04-17T16:40:48.7874997Z] [COMPLETED] b9aaba42-d751-490e-af52-f29c979afada, 2327
[2026-04-17T16:40:48.7882347Z] [COMPLETED] 036df081-97bc-4141-8bd8-457ec2680e6f, 2612
[2026-04-17T16:40:48.9084102Z] [COMPLETED] b0d4319e-ad40-4748-874a-4ca73ae4bc05, 63
[2026-04-17T16:40:49.0557135Z] [COMPLETED] 7ca6c964-2df5-491c-a4eb-18ead26577c6, 50
[2026-04-17T16:40:49.0565584Z] [COMPLETED] f0f83985-9881-4e19-82ca-6646e7a9f4f5, 3536
[2026-04-17T16:40:50.2240054Z] [FAILED] bf398922-2b72-4202-abad-c3614e8d7be7, N/A
[2026-04-17T16:40:50.2240055Z] [FAILED] 9f704e05-fe92-404e-893d-eb3fae8b7101, N/A
[2026-04-17T16:40:50.2767507Z] [COMPLETED] 3e39871c-60ba-45c0-b180-93884b78f764, 50
[2026-04-17T16:40:50.4309993Z] [COMPLETED] e97453d4-dbc5-4047-ae7d-6b556d4d1c73, 81
[2026-04-17T16:40:50.5223876Z] [FAILED] 3487573c-7528-4151-8156-891fa9b7bb48, N/A
[2026-04-17T16:40:50.7052517Z] [COMPLETED] 962a253d-cf4b-4222-b00c-ae7730038f22, 20
[2026-04-17T16:40:50.7060803Z] [COMPLETED] 9c5bc029-9728-4eb1-b9e3-0a7e6aae872a, 3551
[2026-04-17T16:40:50.7075779Z] [COMPLETED] 8a8fe13b-7ab5-4768-892d-8dd08c2c359e, 3594
[2026-04-17T16:40:52.2239613Z] [ABORT] bf398922-2b72-4202-abad-c3614e8d7be7, N/A
[2026-04-17T16:40:52.2239665Z] [ABORT] 9f704e05-fe92-404e-893d-eb3fae8b7101, N/A
[2026-04-17T16:40:52.2247651Z] [COMPLETED] 153a6ae5-0b99-48fd-a55b-fa9ff5aa4bb6, 3935
[2026-04-17T16:40:52.3657487Z] [COMPLETED] a80b328a-23d9-48dd-9eb2-1196eefda2a9, 21
[2026-04-17T16:40:52.3670721Z] [COMPLETED] 35b5e2f1-2c92-4e9a-bb6a-30451ea3b4d4, 2851
[2026-04-17T16:40:52.3677537Z] [COMPLETED] e0a7ae53-a772-484a-9085-74fe2cb84505, 3062
[2026-04-17T16:40:52.5231466Z] [ABORT] 3487573c-7528-4151-8156-891fa9b7bb48, N/A
[2026-04-17T16:40:52.5237526Z] [COMPLETED] b30f526a-d1ae-4f7e-a491-afb0f126ac37, 2845
[2026-04-17T16:40:52.5242659Z] [COMPLETED] a5da4a1d-2967-4b29-9edf-2220d4aa9796, 3282
[2026-04-17T16:40:52.5247725Z] [COMPLETED] 0b5c78f0-5d74-4b69-b2be-0b864aba66bb, 3001
[2026-04-17T16:40:52.5253559Z] [COMPLETED] 057acc99-185f-4b92-a5b3-cba9afb8987b, 3989
[2026-04-17T16:40:52.5259637Z] [COMPLETED] 7678568a-4faf-45fa-9082-523372f3a542, 3793
[2026-04-17T16:40:53.5763323Z] [COMPLETED] 4c4cf28d-08da-49f7-b519-fa39e1191e99, 39
[2026-04-17T16:40:53.5795978Z] [COMPLETED] 9622824b-eb32-4b01-b69d-fcb66f9a949c, 3922
[2026-04-17T16:40:53.7389247Z] [COMPLETED] c944729d-a010-453b-8d34-63567493f716, 99
[2026-04-17T16:40:54.2244426Z] [FAILED] 0025036f-1b5d-427e-8257-87b8b48544a7, N/A
[2026-04-17T16:40:54.2245534Z] [FAILED] d12c967b-510b-4b0c-a422-4f050737439c, N/A
[2026-04-17T16:40:54.6581853Z] [COMPLETED] 94188c71-9e5f-4d59-bf47-3247b3662440, 65
[2026-04-17T16:40:55.5378031Z] [COMPLETED] 6644ee67-ef02-42fe-b7b2-4514198b3e13, 22
[2026-04-17T16:40:56.2252093Z] [FAILED] 0025036f-1b5d-427e-8257-87b8b48544a7, N/A
[2026-04-17T16:40:56.2252148Z] [FAILED] d12c967b-510b-4b0c-a422-4f050737439c, N/A
[2026-04-17T16:40:56.5434359Z] [COMPLETED] 38929a31-e735-45d8-af55-15e494b571c4, 97
[2026-04-17T16:40:56.5441355Z] [COMPLETED] d4b1f75a-d422-4e61-8314-6c57f00c90f9, 3221
[2026-04-17T16:40:56.8113943Z] [COMPLETED] bd0f9487-bc22-4c8c-a8a2-9f65810fa2f9, 30
[2026-04-17T16:40:56.8149939Z] [COMPLETED] 9683365d-31c8-43b7-8c0c-0ffb739a0396, 79
[2026-04-17T16:40:56.8155118Z] [COMPLETED] f1c10c09-30a8-4e66-a347-357eefdce525, 2622
[2026-04-17T16:40:56.8161993Z] [COMPLETED] da8b3195-e779-480d-8812-d710fd639c9b, 3010
[2026-04-17T16:40:58.1736300Z] [COMPLETED] 15adf408-3e2d-428b-bf70-4c8e8d1c8e38, 71
[2026-04-17T16:40:58.1741385Z] [COMPLETED] 10168511-595d-40d7-bc69-8e5a9905bf03, 2559
[2026-04-17T16:40:58.1752124Z] [COMPLETED] 588cfd8c-ee53-4290-a616-28399a71af8a, 2845
[2026-04-17T16:40:58.2254579Z] [ABORT] 0025036f-1b5d-427e-8257-87b8b48544a7, N/A
[2026-04-17T16:40:58.2254594Z] [ABORT] d12c967b-510b-4b0c-a422-4f050737439c, N/A
[2026-04-17T16:40:58.2260899Z] [COMPLETED] 5d3a2d2e-5db2-45f9-af7a-3dfbfb95104b, 3719
[2026-04-17T16:40:58.2263827Z] [COMPLETED] 86dee4a5-1137-4c9b-9d54-cbfe7b4ca438, 3272
[2026-04-17T16:40:58.2264014Z] [COMPLETED] bbf7f949-0e4c-4b76-848d-c65fa847772b, 2386
[2026-04-17T16:40:58.5465627Z] [COMPLETED] 6df9ffc4-98df-4b7d-9137-18fc2d985f5d, 34
[2026-04-17T16:40:58.6943824Z] [COMPLETED] da1cfc79-0a88-410a-9f1a-1a411a2df475, 1
[2026-04-17T16:40:58.6954225Z] [COMPLETED] 6e34b666-1ef5-4b30-8ff9-20ef14efb1e7, 4154
[2026-04-17T16:40:58.7365635Z] [COMPLETED] e30343f5-72bf-497d-8f85-c37ee608f35a, 1
[2026-04-17T16:40:58.7384362Z] [COMPLETED] 36d8c27b-7271-4878-be10-edb48517b4ee, 4148
[2026-04-17T16:40:58.8159121Z] [FAILED] ac6bad91-7232-4e0b-be93-0afe378e597e, N/A
[2026-04-17T16:40:59.8236098Z] [COMPLETED] ea278a06-dd4e-4820-ba04-b190a70e21a1, 66
[2026-04-17T16:40:59.9175890Z] [COMPLETED] 04bdfd77-9d19-49f3-a11d-acf780d2add2, 88
[2026-04-17T16:41:00.2517870Z] [COMPLETED] b62ee69c-bdf5-4181-83f9-2db83eafddbc, 79
[2026-04-17T16:41:00.2524322Z] [COMPLETED] 55c95dad-e11f-4653-a361-ae37db591420, 3296
[2026-04-17T16:41:00.2531371Z] [COMPLETED] 68e900bb-8bae-4673-834e-6f52a675618c, 4061
[2026-04-17T16:41:00.5053086Z] [COMPLETED] 8d9b46e2-955e-4fc8-b175-0de7d9a4cfc5, 88
[2026-04-17T16:41:00.5064763Z] [COMPLETED] 4efbcac4-6e28-49cf-86e4-25d0f9c1955f, 2780
[2026-04-17T16:41:00.8155339Z] [FAILED] ac6bad91-7232-4e0b-be93-0afe378e597e, N/A
[2026-04-17T16:41:00.9726211Z] [COMPLETED] 9dfbb5ae-de46-4e7c-8c14-fb7aec57f6b8, 51
[2026-04-17T16:41:01.0508612Z] [COMPLETED] 46b1841d-e983-47c8-b1b0-889f4f8b1da5, 59
[2026-04-17T16:41:01.8540516Z] [COMPLETED] 67b575e2-68f4-4b9e-86f2-5e11b28828a6, 11
[2026-04-17T16:41:01.8557597Z] [COMPLETED] 2d35c8af-e168-42d2-a78a-37e4ad2371f5, 4018
[2026-04-17T16:41:01.8561869Z] [COMPLETED] f0df2c84-8f4a-4791-8c6c-5766ebd3bb7a, 2461
[2026-04-17T16:41:01.8575096Z] [COMPLETED] b407bf31-12e2-4233-8d06-a28ca8b06b16, 3050
[2026-04-17T16:41:01.9177382Z] [FAILED] db42c7d0-e9bc-4a68-a69e-baae7d245119, N/A
[2026-04-17T16:41:02.8164533Z] [ABORT] ac6bad91-7232-4e0b-be93-0afe378e597e, N/A
[2026-04-17T16:41:02.9724832Z] [FAILED] 263c8ea0-b37f-4abb-932c-0511abad8e4a, N/A
[2026-04-17T16:41:03.7886564Z] [COMPLETED] 133f1095-66c0-47c4-9c53-ff73c1df8990, 83
[2026-04-17T16:41:03.7892141Z] [COMPLETED] 6b7e4c93-b2a7-4954-9c39-e36da1c8e859, 3124
[2026-04-17T16:41:03.7897405Z] [COMPLETED] 9613685b-2990-4bca-97ba-aba505844d52, 3270
[2026-04-17T16:41:03.7902077Z] [COMPLETED] 32e580a7-28e2-4ad2-9a7b-be95302604c0, 3427
[2026-04-17T16:41:03.9175143Z] [FAILED] db42c7d0-e9bc-4a68-a69e-baae7d245119, N/A
[2026-04-17T16:41:04.0506581Z] [COMPLETED] 5e65de3d-728a-4bd4-94e0-a87ba8db74e1, 50
[2026-04-17T16:41:04.2868399Z] [COMPLETED] 15bb2547-9d54-4d3a-be2d-c09055d5f238, 56
[2026-04-17T16:41:04.9732531Z] [FAILED] 263c8ea0-b37f-4abb-932c-0511abad8e4a, N/A
[2026-04-17T16:41:05.3453477Z] [COMPLETED] 36367ee4-e89a-4a49-935d-1ca3b7d55060, 87
[2026-04-17T16:41:05.7470263Z] [COMPLETED] 40cbf50b-6bbb-40a2-9e0a-829bd2cb1004, 32
[2026-04-17T16:41:05.7474828Z] [COMPLETED] 1b9c6549-6bf0-4821-ba4f-81d2a0af0daf, 2807
[2026-04-17T16:41:05.7481935Z] [COMPLETED] b5781b89-1d98-41d6-9b7e-f1bea2f952e6, 3994
[2026-04-17T16:41:05.9175577Z] [ABORT] db42c7d0-e9bc-4a68-a69e-baae7d245119, N/A
[2026-04-17T16:41:05.9179834Z] [COMPLETED] 2c380295-0c85-4147-b765-f814904663aa, 2699
[2026-04-17T16:41:05.9184960Z] [COMPLETED] e56df135-5be6-4c87-a330-3c5d5379e7f9, 3096
[2026-04-17T16:41:06.8703805Z] [COMPLETED] 40229469-06fa-434b-a67e-ee5604a5b9fe, 10
[2026-04-17T16:41:06.9736835Z] [ABORT] 263c8ea0-b37f-4abb-932c-0511abad8e4a, N/A
[2026-04-17T16:41:07.0475384Z] [COMPLETED] c6613c5a-4146-4b6c-ba62-1afc11ba24ae, 8
[2026-04-17T16:41:07.7665646Z] [COMPLETED] 72b91338-3445-4724-be6c-73384bc8cdce, 82
[2026-04-17T16:41:07.9190651Z] [FAILED] ea8353cc-6a8f-4b64-9cbd-ee40eab52e36, N/A
[2026-04-17T16:41:09.9194494Z] [FAILED] ea8353cc-6a8f-4b64-9cbd-ee40eab52e36, N/A
[2026-04-17T16:41:11.9197447Z] [ABORT] ea8353cc-6a8f-4b64-9cbd-ee40eab52e36, N/A
