[4/17/2026 2:27:41 PM] [SUCCESS] e66cbe24-f14a-4dfc-a06f-2eea680ec27d, 1200
[4/17/2026 2:27:41 PM] [SUCCESS] a8a38886-e91c-4fbb-b371-b7e5ef2801d8, 18
[4/17/2026 2:27:41 PM] [SUCCESS] b4a53f5b-a922-465b-9b8b-9550e8173de2, 1058
[4/17/2026 2:27:41 PM] [SUCCESS] fd3895a2-9f4a-4105-9d02-c40847a5bb78, 1127
[4/17/2026 2:27:42 PM] [SUCCESS] f84ee0e8-9b38-4713-823e-aa294f69bf87, 40
[4/17/2026 2:27:42 PM] [SUCCESS] 3e1e43ff-6846-4c41-bbd4-489d117e0385, 28
[4/17/2026 2:27:42 PM] [SUCCESS] 3621fbc9-267e-46c6-8e60-a436bc7bd863, 346
[4/17/2026 2:27:42 PM] [SUCCESS] 96231c5c-4822-43c8-8d78-46cb397e3792, 834
[4/17/2026 2:27:42 PM] [SUCCESS] d6be8b8f-f162-4f4a-9a4c-0e29fbcd306a, 96
[4/17/2026 2:27:42 PM] [SUCCESS] 28e1b255-b543-4583-9d01-dc6eb8569afe, 680
[4/17/2026 2:27:43 PM] [SUCCESS] 09e7a82b-c6da-45b7-a4c8-68b3116928b5, 44
[4/17/2026 2:27:44 PM] [SUCCESS] 1627c37d-a45f-4061-90ae-4ac5bb9e6ced, 47
[4/17/2026 2:27:44 PM] [SUCCESS] b7f061bd-798f-43aa-be7a-1f49af078507, 18
[4/17/2026 2:27:44 PM] [SUCCESS] 98e59696-bbf4-47ff-a8a0-433170f42a30, 325
[4/17/2026 2:27:44 PM] [SUCCESS] 7f643bed-6317-4a1e-9a02-a7a89c90de23, 482
[4/17/2026 2:27:44 PM] [SUCCESS] a55aac02-3d41-4141-a7fe-cb28f4d2a793, 29
[4/17/2026 2:27:44 PM] [SUCCESS] 333f8da3-d87e-46ca-80c5-e5b70b985acd, 692
[4/17/2026 2:27:44 PM] [SUCCESS] bb9a2692-2a00-4c4d-b877-ab16a47b2ca9, 65
[4/17/2026 2:27:45 PM] [SUCCESS] d4a13c36-9768-4d4b-9f95-8cc8313a1cdb, 1004
[4/17/2026 2:27:45 PM] [SUCCESS] 296c8bde-e816-4a1c-9509-c5c618886fd9, 504
[4/17/2026 2:27:45 PM] [SUCCESS] 50e1a112-d5f2-4f53-95f0-5cf442497c03, 687
[4/17/2026 2:27:45 PM] [SUCCESS] d59bce1f-0bfa-4c12-b110-a09b2b921d44, 89
[4/17/2026 2:27:45 PM] [SUCCESS] 313d0390-56c7-4dfd-b51f-1a00a04543d2, 84
[4/17/2026 2:27:46 PM] [SUCCESS] d569ea11-930c-41fc-a7b6-56341ddb1311, 99
[4/17/2026 2:27:46 PM] [FAILED (Attempt 1)] 6dbfc92c-e65b-4b71-80df-80cc8ec03133, 0
[4/17/2026 2:27:46 PM] [SUCCESS] a73d0df7-b6e5-4b9a-9434-cde7b692cd9c, 52
[4/17/2026 2:27:46 PM] [SUCCESS] a04ce895-11fe-47a0-aaa1-206fdfe93fca, 1171
[4/17/2026 2:27:46 PM] [SUCCESS] 5276f54d-3244-4b73-a880-c317870a491d, 812
[4/17/2026 2:27:47 PM] [FAILED (Attempt 1)] 1a008414-f7a6-49c0-8ca5-d6452044ab54, 0
[4/17/2026 2:27:47 PM] [FAILED (Attempt 1)] 00bb695c-d968-44a5-abb8-d006d3c47651, 0
[4/17/2026 2:27:47 PM] [SUCCESS] e7d8e90f-102e-4b89-9a95-491a94d273e9, 987
[4/17/2026 2:27:47 PM] [SUCCESS] 1e015cf6-1d81-4585-bbe6-2d630e6f279c, 809
[4/17/2026 2:27:47 PM] [SUCCESS] 85d85cc2-c905-4f75-9aac-68356aa197bc, 108
[4/17/2026 2:27:47 PM] [SUCCESS] 2a1ee072-f0e4-4952-8a78-245014499263, 4
[4/17/2026 2:27:48 PM] [SUCCESS] afd967f7-8b57-499d-823f-0419195a1732, 42
[4/17/2026 2:27:48 PM] [SUCCESS] c5ec93e2-9bcb-49b4-9b7f-65019ce34445, 996
[4/17/2026 2:27:48 PM] [FAILED (Attempt 2)] 6dbfc92c-e65b-4b71-80df-80cc8ec03133, 0
[4/17/2026 2:27:49 PM] [FAILED (Attempt 2)] 1a008414-f7a6-49c0-8ca5-d6452044ab54, 0
[4/17/2026 2:27:49 PM] [SUCCESS] 0c14ae8a-a268-447f-8d85-e34919fa8809, 7
[4/17/2026 2:27:49 PM] [SUCCESS] 9e329cbc-9bcc-4121-85f8-c37f4071a47c, 1051
[4/17/2026 2:27:49 PM] [FAILED (Attempt 2)] 00bb695c-d968-44a5-abb8-d006d3c47651, 0
[4/17/2026 2:27:49 PM] [SUCCESS] d4fba60e-f1d9-4d12-b7e8-0dd76352b674, 457
[4/17/2026 2:27:49 PM] [SUCCESS] 70c5f353-b490-4b45-a2c9-81f7c0b4a034, 617
[4/17/2026 2:27:49 PM] [SUCCESS] 1d9ca43d-7aba-438b-b2ba-181370f80c45, 468
[4/17/2026 2:27:50 PM] [SUCCESS] 1d16c91c-80f4-4595-a119-4421e3536ce3, 593
[4/17/2026 2:27:50 PM] [FAILED (Attempt 1)] e5ad0978-97d6-47a8-9037-482d601bbd75, 0
[4/17/2026 2:27:50 PM] [SUCCESS] 5f8cf381-f7e1-4449-ba07-61aa78707ba5, 66
[4/17/2026 2:27:50 PM] [SUCCESS] bb05b295-16b7-4604-b105-933aa0d7c85c, 90
[4/17/2026 2:27:50 PM] [SUCCESS] a3791c7d-5e09-4c7d-b548-1c11d4f4a52a, 9
[4/17/2026 2:27:50 PM] [FAILED (Attempt 3)] 6dbfc92c-e65b-4b71-80df-80cc8ec03133, 0
[4/17/2026 2:27:50 PM] [ABORT] 6dbfc92c-e65b-4b71-80df-80cc8ec03133, 0
[4/17/2026 2:27:51 PM] [SUCCESS] 0ef5bda9-efac-42f0-9839-4f4c08372786, 79
[4/17/2026 2:27:51 PM] [FAILED (Attempt 3)] 1a008414-f7a6-49c0-8ca5-d6452044ab54, 0
[4/17/2026 2:27:51 PM] [ABORT] 1a008414-f7a6-49c0-8ca5-d6452044ab54, 0
[4/17/2026 2:27:51 PM] [SUCCESS] 96e7b34e-6244-44d0-b122-8f8dd29b2975, 1130
[4/17/2026 2:27:51 PM] [SUCCESS] a938e58f-165a-465f-bbdc-0ffaa7e95c5a, 84
[4/17/2026 2:27:51 PM] [FAILED (Attempt 3)] 00bb695c-d968-44a5-abb8-d006d3c47651, 0
[4/17/2026 2:27:51 PM] [ABORT] 00bb695c-d968-44a5-abb8-d006d3c47651, 0
[4/17/2026 2:27:51 PM] [SUCCESS] 955a6e4b-1b96-441f-aa5d-71a60aa94119, 443
[4/17/2026 2:27:52 PM] [SUCCESS] f2bc2262-743c-4e84-a354-cc546a01a650, 208
[4/17/2026 2:27:52 PM] [SUCCESS] 88c1fe1b-f4a7-42e1-8eca-b1c4e5242b09, 203
[4/17/2026 2:27:52 PM] [SUCCESS] dca2eb57-7dc5-4d75-83be-f8e2ef25ca74, 0
[4/17/2026 2:27:52 PM] [SUCCESS] 644eaab0-b6c7-4307-9664-efdc35fa23dc, 1118
[4/17/2026 2:27:52 PM] [SUCCESS] a2efc495-afb0-4f71-a33a-f1d8d5a45877, 1136
[4/17/2026 2:27:52 PM] [FAILED (Attempt 2)] e5ad0978-97d6-47a8-9037-482d601bbd75, 0
[4/17/2026 2:27:52 PM] [FAILED (Attempt 1)] d4b43da4-8638-4895-9b5c-01c98e482bcb, 0
[4/17/2026 2:27:52 PM] [SUCCESS] 92377b15-ccc6-4cd7-828b-1fa7e11a6fe0, 41
[4/17/2026 2:27:53 PM] [FAILED (Attempt 1)] 85a4dbab-b282-4472-97e3-22d3efc84476, 0
[4/17/2026 2:27:53 PM] [SUCCESS] 4d598907-e751-400d-9210-cc6a303916f0, 771
[4/17/2026 2:27:53 PM] [SUCCESS] c4c1548a-18ef-4301-ae18-f4dbc53dbee9, 1158
[4/17/2026 2:27:53 PM] [SUCCESS] 3125fab7-2e50-4615-9e4a-719a85b526e9, 1045
[4/17/2026 2:27:54 PM] [SUCCESS] 1000cecd-61a7-4246-bd5f-1b243a8d4409, 882
[4/17/2026 2:27:54 PM] [SUCCESS] 54156cd5-8131-46b2-a356-58df6221f8b8, 2
[4/17/2026 2:27:54 PM] [FAILED (Attempt 3)] e5ad0978-97d6-47a8-9037-482d601bbd75, 0
[4/17/2026 2:27:54 PM] [ABORT] e5ad0978-97d6-47a8-9037-482d601bbd75, 0
[4/17/2026 2:27:54 PM] [SUCCESS] 48057a1c-b352-4ed9-9233-526a6eb6960b, 153
[4/17/2026 2:27:54 PM] [SUCCESS] 724f3152-2979-4c5b-888c-75c8f27a8b5b, 89
[4/17/2026 2:27:54 PM] [SUCCESS] bc0b5c2c-d155-4612-85d1-f9d264704f0e, 757
[4/17/2026 2:27:54 PM] [FAILED (Attempt 2)] d4b43da4-8638-4895-9b5c-01c98e482bcb, 0
[4/17/2026 2:27:55 PM] [SUCCESS] 5615704d-5c8e-4a6a-b3d6-e7a800a43287, 1066
[4/17/2026 2:27:55 PM] [FAILED (Attempt 2)] 85a4dbab-b282-4472-97e3-22d3efc84476, 0
[4/17/2026 2:27:55 PM] [SUCCESS] bf31db47-c283-4f10-affd-a2b366c57468, 93
[4/17/2026 2:27:56 PM] [SUCCESS] 24e7f769-351a-4e90-9a95-b82c37a5451d, 57
[4/17/2026 2:27:56 PM] [SUCCESS] 71bf58db-b573-4241-b3c0-29484c3bf88c, 5
[4/17/2026 2:27:56 PM] [SUCCESS] f5f97eaf-46f0-4d1a-9803-5e439abecd31, 131
[4/17/2026 2:27:56 PM] [SUCCESS] c6b2ed4a-a8f4-4352-9420-7ac867b109a5, 747
[4/17/2026 2:27:56 PM] [SUCCESS] 4a21c644-d21f-4cf8-8ca7-59ccb3a5d45d, 968
[4/17/2026 2:27:56 PM] [FAILED (Attempt 3)] d4b43da4-8638-4895-9b5c-01c98e482bcb, 0
[4/17/2026 2:27:56 PM] [ABORT] d4b43da4-8638-4895-9b5c-01c98e482bcb, 0
[4/17/2026 2:27:56 PM] [SUCCESS] 3b6bb9e4-c125-424f-9ba2-4f0a54777a77, 1215
[4/17/2026 2:27:56 PM] [FAILED (Attempt 1)] 8f87bf8a-c105-45c6-898f-1cea10542c15, 0
[4/17/2026 2:27:56 PM] [SUCCESS] 746b7fd0-59ac-47e0-93f8-786e8d91094f, 734
[4/17/2026 2:27:57 PM] [SUCCESS] 6e8b7296-7c1f-489c-8a29-35048ed9de3c, 14
[4/17/2026 2:27:57 PM] [FAILED (Attempt 3)] 85a4dbab-b282-4472-97e3-22d3efc84476, 0
[4/17/2026 2:27:57 PM] [ABORT] 85a4dbab-b282-4472-97e3-22d3efc84476, 0
[4/17/2026 2:27:57 PM] [SUCCESS] e2bba9e0-eb0c-4e9e-980d-6ffaeed6788b, 99
[4/17/2026 2:27:57 PM] [SUCCESS] 38f73e91-346e-48a3-89fd-f62807d61b54, 9
[4/17/2026 2:27:57 PM] [SUCCESS] 1210b852-0bfa-4762-9722-776162650655, 505
[4/17/2026 2:27:57 PM] [SUCCESS] b748679d-5017-46de-905c-413d8874caf5, 619
[4/17/2026 2:27:58 PM] [SUCCESS] 9f2c8a46-bc68-4eb2-b823-6d1734db597f, 559
[4/17/2026 2:27:58 PM] [SUCCESS] cce661a5-e6d2-4c1a-a7a8-5c09c220b4fb, 88
[4/17/2026 2:27:58 PM] [FAILED (Attempt 2)] 8f87bf8a-c105-45c6-898f-1cea10542c15, 0
[4/17/2026 2:27:59 PM] [SUCCESS] 973a8bfe-76d4-42f9-a197-8a8eedf13e7c, 590
[4/17/2026 2:27:59 PM] [SUCCESS] ab664909-a508-4b6f-acfa-8576e4eb1860, 1137
[4/17/2026 2:27:59 PM] [SUCCESS] c737ff02-4538-4d94-8531-3129113aad54, 1035
[4/17/2026 2:27:59 PM] [SUCCESS] 0a043259-b66d-4d50-b73d-2410c11f48c0, 5
[4/17/2026 2:27:59 PM] [SUCCESS] cb56b315-acda-4b21-9120-9480dd4439f3, 69
[4/17/2026 2:28:00 PM] [FAILED (Attempt 1)] d77ca9f1-a0d1-4eb6-b77d-2c10e388e611, 0
[4/17/2026 2:28:00 PM] [SUCCESS] 82f651a0-6537-4665-b287-9e144abe487a, 378
[4/17/2026 2:28:00 PM] [SUCCESS] 11630833-1d33-4589-8490-a4fdc15dafdb, 71
[4/17/2026 2:28:00 PM] [SUCCESS] 0fd4faf1-87e4-4f3b-b03f-0b60c8f85134, 381
[4/17/2026 2:28:00 PM] [SUCCESS] 4574470d-836f-4880-b9e7-08c1388f3add, 938
[4/17/2026 2:28:00 PM] [SUCCESS] 40fad168-6b97-42a5-bc0b-74a5d878d03a, 344
[4/17/2026 2:28:00 PM] [FAILED (Attempt 3)] 8f87bf8a-c105-45c6-898f-1cea10542c15, 0
[4/17/2026 2:28:00 PM] [ABORT] 8f87bf8a-c105-45c6-898f-1cea10542c15, 0
[4/17/2026 2:28:01 PM] [SUCCESS] 67829de3-9133-490c-b643-d62365a2b7c6, 127
[4/17/2026 2:28:01 PM] [FAILED (Attempt 1)] 7ba908c9-ed67-4628-a222-4156b26918a2, 0
[4/17/2026 2:28:01 PM] [SUCCESS] 610fcb0d-3a39-4ca5-a58f-cb68fbc25961, 1045
[4/17/2026 2:28:02 PM] [FAILED (Attempt 2)] d77ca9f1-a0d1-4eb6-b77d-2c10e388e611, 0
[4/17/2026 2:28:02 PM] [SUCCESS] bdc74332-325a-4dd4-9170-0f6c94718552, 64
[4/17/2026 2:28:02 PM] [SUCCESS] 7dd46239-652a-4619-856e-871944ae062d, 1038
[4/17/2026 2:28:02 PM] [SUCCESS] 6bcd4e62-2ca5-4be2-8786-0015ee245422, 25
[4/17/2026 2:28:02 PM] [SUCCESS] 8a451555-f771-432f-9408-3d14d50a6a1a, 1160
[4/17/2026 2:28:02 PM] [SUCCESS] 696e00fb-a0b0-4eb8-9105-54d11f230ace, 50
[4/17/2026 2:28:03 PM] [SUCCESS] afa5c889-8643-4ff0-b18d-6e62736c529b, 5
[4/17/2026 2:28:03 PM] [SUCCESS] e83cb417-a7ba-4460-bab0-9299e54f520c, 77
[4/17/2026 2:28:03 PM] [SUCCESS] f6e6d8f8-9559-454d-a51e-aea3b32bc657, 985
[4/17/2026 2:28:03 PM] [FAILED (Attempt 2)] 7ba908c9-ed67-4628-a222-4156b26918a2, 0
[4/17/2026 2:28:03 PM] [SUCCESS] 30165f30-61c5-4682-a468-33b30e063db4, 1060
[4/17/2026 2:28:04 PM] [FAILED (Attempt 3)] d77ca9f1-a0d1-4eb6-b77d-2c10e388e611, 0
[4/17/2026 2:28:04 PM] [ABORT] d77ca9f1-a0d1-4eb6-b77d-2c10e388e611, 0
[4/17/2026 2:28:04 PM] [SUCCESS] c5709ae3-80b9-4396-93a1-6ccb651f7ba4, 96
[4/17/2026 2:28:04 PM] [SUCCESS] 9ccc3941-e6e3-4e01-8efa-c2d97b8b8a5c, 73
[4/17/2026 2:28:04 PM] [FAILED (Attempt 1)] a525509f-c145-492f-84c2-609ac01c8274, 0
[4/17/2026 2:28:04 PM] [SUCCESS] 998bf773-2e56-40c4-81ab-cf9cae53ee98, 510
[4/17/2026 2:28:04 PM] [SUCCESS] f549147f-277b-4a3b-9743-fa7bd6b107d5, 612
[4/17/2026 2:28:04 PM] [SUCCESS] 3abb6545-f69a-4115-9381-6d0ae2a0fac9, 70
[4/17/2026 2:28:05 PM] [SUCCESS] ea78aa6d-414d-4157-870b-1e5a41714d02, 67
[4/17/2026 2:28:05 PM] [SUCCESS] 3c6140f3-cc54-436a-9b70-af492714af96, 627
[4/17/2026 2:28:05 PM] [FAILED (Attempt 3)] 7ba908c9-ed67-4628-a222-4156b26918a2, 0
[4/17/2026 2:28:05 PM] [ABORT] 7ba908c9-ed67-4628-a222-4156b26918a2, 0
[4/17/2026 2:28:05 PM] [SUCCESS] 584fceff-7aff-4502-86d3-d0d0ad3501f2, 115
[4/17/2026 2:28:05 PM] [SUCCESS] 42631fa2-1812-4ca0-8a7b-4d4aecca50f7, 95
[4/17/2026 2:28:06 PM] [SUCCESS] fead5323-0f9a-4651-a557-6ada79828d73, 264
[4/17/2026 2:28:06 PM] [SUCCESS] 5f447b43-15c8-450b-a729-f674aef3a637, 375
[4/17/2026 2:28:06 PM] [FAILED (Attempt 2)] a525509f-c145-492f-84c2-609ac01c8274, 0
[4/17/2026 2:28:06 PM] [SUCCESS] 1adef76f-a589-4ee5-86ef-04a68e8c9948, 1147
[4/17/2026 2:28:06 PM] [FAILED (Attempt 1)] f3a4c71d-67ce-42c0-8ad6-55c1972e5c65, 0
[4/17/2026 2:28:07 PM] [SUCCESS] a0896f66-fb1f-4a4c-ae13-4a958a8dfe2d, 162
[4/17/2026 2:28:07 PM] [SUCCESS] eba41365-0b28-43b2-acbd-cdf295de2057, 76
[4/17/2026 2:28:07 PM] [SUCCESS] 49947b04-c0f4-4fa8-b6da-ea62ced2f24b, 682
[4/17/2026 2:28:07 PM] [SUCCESS] 3a51d8a4-e464-4da9-b8cf-5cb472ca34af, 10
[4/17/2026 2:28:07 PM] [SUCCESS] 8cd04113-fc2f-4b88-8d23-7d3367e4b870, 1098
[4/17/2026 2:28:07 PM] [SUCCESS] 16e9c451-d153-4cb9-abbc-25265991c1c9, 978
[4/17/2026 2:28:07 PM] [SUCCESS] fcd51cd5-2453-427d-b896-09c7f959bbd6, 40
[4/17/2026 2:28:07 PM] [FAILED (Attempt 1)] f4893b03-f082-48d8-b622-f9973cd689a3, 0
[4/17/2026 2:28:08 PM] [SUCCESS] 055e0599-8248-48bd-9136-8c39806f2a67, 455
[4/17/2026 2:28:08 PM] [FAILED (Attempt 3)] a525509f-c145-492f-84c2-609ac01c8274, 0
[4/17/2026 2:28:08 PM] [ABORT] a525509f-c145-492f-84c2-609ac01c8274, 0
[4/17/2026 2:28:08 PM] [FAILED (Attempt 2)] f3a4c71d-67ce-42c0-8ad6-55c1972e5c65, 0
[4/17/2026 2:28:09 PM] [SUCCESS] 223f3983-0edd-4adb-840c-902b25b7a579, 593
[4/17/2026 2:28:09 PM] [SUCCESS] a54318b3-87e7-494b-be3a-58079d084eec, 661
[4/17/2026 2:28:09 PM] [SUCCESS] 235d298e-dd03-42eb-a116-2f40ddd0a5c0, 31
[4/17/2026 2:28:09 PM] [FAILED (Attempt 2)] f4893b03-f082-48d8-b622-f9973cd689a3, 0
[4/17/2026 2:28:10 PM] [SUCCESS] 0e40ffbb-4b71-4248-807a-16fe46f77c0d, 10
[4/17/2026 2:28:10 PM] [SUCCESS] 40ac8e5e-cdd2-406f-b77b-78a4702058be, 39
[4/17/2026 2:28:10 PM] [FAILED (Attempt 1)] f02fdf60-5886-4c6b-b891-f2953c607aa6, 0
[4/17/2026 2:28:10 PM] [SUCCESS] 103a36a3-9ba0-465d-bc5c-2a831b3eab44, 577
[4/17/2026 2:28:10 PM] [SUCCESS] a0851b15-6a65-49eb-bd1b-0559fee7fb57, 64
[4/17/2026 2:28:10 PM] [FAILED (Attempt 3)] f3a4c71d-67ce-42c0-8ad6-55c1972e5c65, 0
[4/17/2026 2:28:10 PM] [ABORT] f3a4c71d-67ce-42c0-8ad6-55c1972e5c65, 0
[4/17/2026 2:28:10 PM] [SUCCESS] c313c4db-6620-4176-8e7a-97e6730c65de, 548
[4/17/2026 2:28:11 PM] [SUCCESS] a800f2c5-33e8-45d2-a4b4-2679e79d12dc, 79
[4/17/2026 2:28:11 PM] [SUCCESS] 901e787d-c309-4d2f-ab8d-d2f306d7a500, 197
[4/17/2026 2:28:11 PM] [SUCCESS] fe5d6074-1059-4941-8215-e2ea63f90d9c, 35
[4/17/2026 2:28:11 PM] [SUCCESS] 99f4a371-3965-4122-8c2c-204d0cbdf1cc, 53
[4/17/2026 2:28:11 PM] [SUCCESS] 91248cf6-ce6e-4e32-b9ef-da84b7af6de4, 635
[4/17/2026 2:28:11 PM] [FAILED (Attempt 1)] 0163f71c-83d3-49b6-bb7b-f61da86433d5, 0
[4/17/2026 2:28:11 PM] [SUCCESS] ae45c5a5-677b-4b14-aa3e-9cd1fefe0a1c, 1154
[4/17/2026 2:28:11 PM] [FAILED (Attempt 3)] f4893b03-f082-48d8-b622-f9973cd689a3, 0
[4/17/2026 2:28:11 PM] [ABORT] f4893b03-f082-48d8-b622-f9973cd689a3, 0
[4/17/2026 2:28:12 PM] [SUCCESS] 3e85aaf5-e7e8-4e5f-93b2-041273a4a2f5, 21
[4/17/2026 2:28:12 PM] [SUCCESS] ffcc6d61-ae09-443a-8c2f-9d687bf823b2, 383
[4/17/2026 2:28:12 PM] [SUCCESS] 2c5f0046-d9bb-4305-b384-2a168c6f0cb5, 7
[4/17/2026 2:28:12 PM] [SUCCESS] 1d854c50-e326-4c0a-8c7b-75bfb4c2576a, 22
[4/17/2026 2:28:12 PM] [FAILED (Attempt 2)] f02fdf60-5886-4c6b-b891-f2953c607aa6, 0
[4/17/2026 2:28:12 PM] [SUCCESS] c80395b9-ac38-44a4-bf1a-042ac6ed333d, 1095
[4/17/2026 2:28:13 PM] [SUCCESS] 12968703-4f50-4236-b03b-9793178821f4, 114
[4/17/2026 2:28:13 PM] [SUCCESS] db194994-3949-4765-8cc0-0ce75ce5a002, 65
[4/17/2026 2:28:13 PM] [SUCCESS] 89c81ba1-9131-406f-9a74-973b8b7af7f2, 840
[4/17/2026 2:28:13 PM] [FAILED (Attempt 2)] 0163f71c-83d3-49b6-bb7b-f61da86433d5, 0
[4/17/2026 2:28:13 PM] [SUCCESS] 37c8051b-b10e-4330-8f5d-f42ef9ce93a9, 1000
[4/17/2026 2:28:14 PM] [SUCCESS] 309bc059-d22d-486b-9ffe-a1d6940dfcd2, 706
[4/17/2026 2:28:14 PM] [SUCCESS] 7aeed672-b6c7-4b21-b7f8-009ea383f2a6, 75
[4/17/2026 2:28:14 PM] [SUCCESS] 46edaaf9-0d16-488d-86bd-3ab9ecb396b8, 781
[4/17/2026 2:28:14 PM] [FAILED (Attempt 3)] f02fdf60-5886-4c6b-b891-f2953c607aa6, 0
[4/17/2026 2:28:14 PM] [ABORT] f02fdf60-5886-4c6b-b891-f2953c607aa6, 0
[4/17/2026 2:28:15 PM] [SUCCESS] b7249cfb-c249-4c23-98de-ae1dd8d53573, 84
[4/17/2026 2:28:15 PM] [SUCCESS] a5b90511-d845-448e-acb6-f72d434c863d, 1018
[4/17/2026 2:28:15 PM] [SUCCESS] 831811e2-497f-4af9-bfa7-a008246fb4c1, 457
[4/17/2026 2:28:15 PM] [SUCCESS] 44586221-8067-4284-b930-e4f373996f41, 7
[4/17/2026 2:28:15 PM] [FAILED (Attempt 3)] 0163f71c-83d3-49b6-bb7b-f61da86433d5, 0
[4/17/2026 2:28:15 PM] [ABORT] 0163f71c-83d3-49b6-bb7b-f61da86433d5, 0
[4/17/2026 2:28:15 PM] [SUCCESS] 858b56bf-dd62-4881-b24e-11959fb546e8, 890
[4/17/2026 2:28:16 PM] [SUCCESS] 21479160-12d0-409b-97f9-cb45c86203d7, 420
[4/17/2026 2:28:16 PM] [FAILED (Attempt 1)] 0d571744-fb08-41f0-97f1-76e79a74e53b, 0
[4/17/2026 2:28:16 PM] [SUCCESS] 45aac23f-d7ee-4019-ab5b-1d8e1b708168, 201
[4/17/2026 2:28:16 PM] [SUCCESS] 29532d1e-0451-4414-a43f-ba08f90adc3a, 82
[4/17/2026 2:28:16 PM] [SUCCESS] c3ecb381-8657-4b46-9023-088ad0199030, 1051
[4/17/2026 2:28:17 PM] [SUCCESS] 15293a1b-2efb-46d6-81ef-e88f0b6cb9ed, 1107
[4/17/2026 2:28:17 PM] [SUCCESS] a41f77a2-e6b2-4b2a-ba26-bcf83adcf28f, 4
[4/17/2026 2:28:17 PM] [SUCCESS] 4e65f298-5692-4127-9ea2-7c33798ec5b9, 12
[4/17/2026 2:28:17 PM] [SUCCESS] d565d0d3-14e2-460f-9f3d-a766ec9e8366, 1183
[4/17/2026 2:28:17 PM] [SUCCESS] 7048a5fb-c589-469d-adaf-2bd5b50c4215, 53
[4/17/2026 2:28:17 PM] [FAILED (Attempt 1)] bf357eb7-35a6-4e05-addb-1da27ca84948, 0
[4/17/2026 2:28:17 PM] [SUCCESS] 2284218c-4549-4946-acfd-30a3adad70ca, 877
[4/17/2026 2:28:18 PM] [SUCCESS] d7a9b879-78b1-41bd-a919-6d331ad72d3d, 1036
[4/17/2026 2:28:18 PM] [SUCCESS] 7315fe79-01a8-41d4-bc7c-e8e37b3620a4, 81
[4/17/2026 2:28:18 PM] [SUCCESS] e69a5f7c-8212-403a-9c92-27419e375e5d, 888
[4/17/2026 2:28:18 PM] [SUCCESS] e5f20fd8-782e-48bb-a76e-e256cd4c658d, 62
[4/17/2026 2:28:18 PM] [FAILED (Attempt 2)] 0d571744-fb08-41f0-97f1-76e79a74e53b, 0
[4/17/2026 2:28:19 PM] [SUCCESS] 810bc010-937a-4bed-a2f4-29e28e17bb8b, 573
[4/17/2026 2:28:19 PM] [SUCCESS] 4bda54c4-b64a-4cd6-94ba-1b919f24f487, 610
[4/17/2026 2:28:19 PM] [FAILED (Attempt 2)] bf357eb7-35a6-4e05-addb-1da27ca84948, 0
[4/17/2026 2:28:19 PM] [SUCCESS] 79101973-9120-4680-85ef-383f0c74e8da, 86
[4/17/2026 2:28:19 PM] [SUCCESS] 71de208d-bdb6-4290-9d74-4f3a393094d4, 178
[4/17/2026 2:28:19 PM] [SUCCESS] bc99c397-44be-464d-a4a1-da8a76a01273, 487
[4/17/2026 2:28:20 PM] [SUCCESS] c9b2a68a-7936-4144-8525-59382361891e, 3
[4/17/2026 2:28:20 PM] [SUCCESS] 96d72f1d-1d9c-4a74-b3c2-ff0b9c52028d, 336
[4/17/2026 2:28:20 PM] [SUCCESS] 744ff54d-2283-46f0-a5a1-63a43ab9735c, 5
[4/17/2026 2:28:20 PM] [FAILED (Attempt 3)] 0d571744-fb08-41f0-97f1-76e79a74e53b, 0
[4/17/2026 2:28:20 PM] [ABORT] 0d571744-fb08-41f0-97f1-76e79a74e53b, 0
[4/17/2026 2:28:20 PM] [SUCCESS] d1302f69-95e3-4aa1-8164-006311147719, 281
[4/17/2026 2:28:20 PM] [SUCCESS] 770b2250-36af-4883-b91a-e4e54471c11b, 1011
[4/17/2026 2:28:21 PM] [FAILED (Attempt 1)] e2160b94-97f7-47f2-9411-b44d3fb96285, 0
[4/17/2026 2:28:21 PM] [SUCCESS] 784049d1-2ce4-421b-98db-97facea067af, 55
[4/17/2026 2:28:21 PM] [FAILED (Attempt 3)] bf357eb7-35a6-4e05-addb-1da27ca84948, 0
[4/17/2026 2:28:21 PM] [ABORT] bf357eb7-35a6-4e05-addb-1da27ca84948, 0
[4/17/2026 2:28:21 PM] [SUCCESS] 8dec1512-bc14-4430-82b1-b63224f58421, 1158
[4/17/2026 2:28:21 PM] [SUCCESS] 981e0756-08ec-40a5-9b65-5dc64d06b5e6, 58
[4/17/2026 2:28:21 PM] [FAILED (Attempt 1)] 622507a8-026a-4d5a-90d9-f52d209fd03e, 0
[4/17/2026 2:28:21 PM] [SUCCESS] 4eaec391-21bb-4522-b1d9-232cb1bbbd0f, 539
[4/17/2026 2:28:22 PM] [SUCCESS] 337a3d8a-c4c5-4616-a062-d93e1f224921, 546
[4/17/2026 2:28:22 PM] [SUCCESS] e62934a4-9e14-4005-8afb-bbf526d8d435, 60
[4/17/2026 2:28:22 PM] [SUCCESS] 2db4b017-778e-4be8-ba87-1ced27bfc253, 1179
[4/17/2026 2:28:23 PM] [FAILED (Attempt 2)] e2160b94-97f7-47f2-9411-b44d3fb96285, 0
[4/17/2026 2:28:23 PM] [SUCCESS] 5986b48b-b073-4c00-b4b9-4f81a95b55df, 84
[4/17/2026 2:28:23 PM] [FAILED (Attempt 1)] 36f593cd-4c97-4733-99c1-1da9226c9c63, 0
[4/17/2026 2:28:23 PM] [SUCCESS] b72674bf-38c5-48f5-9bf6-32d441a0eae9, 270
[4/17/2026 2:28:23 PM] [FAILED (Attempt 2)] 622507a8-026a-4d5a-90d9-f52d209fd03e, 0
[4/17/2026 2:28:23 PM] [SUCCESS] f789c34f-0638-4813-b59c-562d0f0e2b2e, 478
[4/17/2026 2:28:23 PM] [SUCCESS] 1e764961-9a43-4d19-b439-22930a64bb00, 360
[4/17/2026 2:28:24 PM] [SUCCESS] 6a99abd2-0e25-44e1-80e5-bb433e811668, 69
[4/17/2026 2:28:24 PM] [SUCCESS] 151141eb-b680-4a08-abb7-d61e5b07db49, 587
[4/17/2026 2:28:24 PM] [SUCCESS] 8196dc42-824c-478f-a160-bb2ca6c4d6f2, 58
[4/17/2026 2:28:24 PM] [SUCCESS] 7c121899-a4a0-45fe-b396-1f403778415e, 7
[4/17/2026 2:28:24 PM] [SUCCESS] 3e4fdb51-e4a1-4f3f-8f70-3a802f088717, 965
[4/17/2026 2:28:25 PM] [FAILED (Attempt 3)] e2160b94-97f7-47f2-9411-b44d3fb96285, 0
[4/17/2026 2:28:25 PM] [ABORT] e2160b94-97f7-47f2-9411-b44d3fb96285, 0
[4/17/2026 2:28:25 PM] [SUCCESS] 6222da53-4faa-44a1-9a61-92ddbd58b36c, 19
[4/17/2026 2:28:25 PM] [FAILED (Attempt 2)] 36f593cd-4c97-4733-99c1-1da9226c9c63, 0
[4/17/2026 2:28:25 PM] [FAILED (Attempt 1)] d462fd26-ed31-463b-9a99-e3272606c3eb, 0
[4/17/2026 2:28:25 PM] [SUCCESS] 99a86349-b9c5-4315-8cf4-d352c9785ab5, 95
[4/17/2026 2:28:25 PM] [FAILED (Attempt 3)] 622507a8-026a-4d5a-90d9-f52d209fd03e, 0
[4/17/2026 2:28:25 PM] [ABORT] 622507a8-026a-4d5a-90d9-f52d209fd03e, 0
[4/17/2026 2:28:25 PM] [SUCCESS] 0fe3fdd2-e642-484a-bfc8-68ddb870cc5b, 1137
[4/17/2026 2:28:25 PM] [SUCCESS] c1e23977-a5d1-4370-b332-998901fd2a26, 478
[4/17/2026 2:28:26 PM] [SUCCESS] 33bc1cb3-d91d-4fbb-9269-f9bee6523cd4, 608
[4/17/2026 2:28:26 PM] [SUCCESS] bb357df5-3ed6-4f35-824a-4cc9b1d2009e, 47
[4/17/2026 2:28:26 PM] [SUCCESS] 0193f2ee-508a-462b-8a22-7c43a6073dc5, 372
[4/17/2026 2:28:26 PM] [SUCCESS] cb06171e-bb5f-4425-b7be-ad82a618e1f7, 367
[4/17/2026 2:28:26 PM] [SUCCESS] b98367b5-57b9-467b-bec2-d83d2d4393a5, 93
[4/17/2026 2:28:27 PM] [FAILED (Attempt 3)] 36f593cd-4c97-4733-99c1-1da9226c9c63, 0
[4/17/2026 2:28:27 PM] [ABORT] 36f593cd-4c97-4733-99c1-1da9226c9c63, 0
[4/17/2026 2:28:27 PM] [FAILED (Attempt 2)] d462fd26-ed31-463b-9a99-e3272606c3eb, 0
[4/17/2026 2:28:27 PM] [SUCCESS] 1b103cc6-221a-48a0-a97e-b995e89216bb, 99
[4/17/2026 2:28:27 PM] [SUCCESS] 63c517f4-bf4a-4ca7-88b1-fc0145e22439, 509
[4/17/2026 2:28:27 PM] [SUCCESS] f83fa505-ee60-4604-8c69-4eb3006cf8ec, 30
[4/17/2026 2:28:28 PM] [SUCCESS] a2d32b1b-7adf-47ce-815b-2dde81e4700e, 57
[4/17/2026 2:28:28 PM] [SUCCESS] be183495-85b0-49d0-b560-a2ac8f57871b, 442
[4/17/2026 2:28:28 PM] [FAILED (Attempt 1)] 49900063-e727-4177-81cb-36c3c556945e, 0
[4/17/2026 2:28:29 PM] [SUCCESS] 218722c0-7642-4141-b71b-3cee04aaade9, 748
[4/17/2026 2:28:29 PM] [SUCCESS] 1045bf8a-4331-47cb-b786-5f3ac9f2324b, 88
[4/17/2026 2:28:29 PM] [SUCCESS] 472da067-6294-4f82-8625-9537de99fab9, 34
[4/17/2026 2:28:29 PM] [SUCCESS] 340608c8-c353-43e0-8354-9b586e9585ad, 99
[4/17/2026 2:28:29 PM] [FAILED (Attempt 3)] d462fd26-ed31-463b-9a99-e3272606c3eb, 0
[4/17/2026 2:28:29 PM] [ABORT] d462fd26-ed31-463b-9a99-e3272606c3eb, 0
[4/17/2026 2:28:29 PM] [SUCCESS] af79a739-bed9-4d3a-96a6-86ad7ff78357, 294
[4/17/2026 2:28:29 PM] [SUCCESS] 3c22a868-913c-44bc-a0a3-6fef2dd2da2a, 166
[4/17/2026 2:28:29 PM] [SUCCESS] b310a81e-ba74-4469-a1d3-d3de6816c58c, 58
[4/17/2026 2:28:30 PM] [SUCCESS] 1b66245f-11a3-426b-8e31-d9c6209bdfd6, 2
[4/17/2026 2:28:30 PM] [SUCCESS] e8d2d558-477f-49ca-a30e-d606100a431e, 511
[4/17/2026 2:28:30 PM] [FAILED (Attempt 2)] 49900063-e727-4177-81cb-36c3c556945e, 0
[4/17/2026 2:28:30 PM] [SUCCESS] b63c6014-47d6-47ea-9845-bbd84233073d, 24
[4/17/2026 2:28:31 PM] [SUCCESS] 76290d50-8d07-4be7-bd28-a1a778d7b0c1, 45
[4/17/2026 2:28:31 PM] [SUCCESS] 1c659c36-4643-4b82-b642-6b2775a09a80, 666
[4/17/2026 2:28:31 PM] [SUCCESS] 6052664c-6e49-48ea-ae78-3220c5e89f19, 883
[4/17/2026 2:28:31 PM] [SUCCESS] c78d21e3-6d2a-4a67-ba51-7f28337e4075, 1000
[4/17/2026 2:28:31 PM] [SUCCESS] 422958f7-d0cf-4b1d-b7f1-663866a65bec, 321
[4/17/2026 2:28:31 PM] [SUCCESS] 13726790-f04a-4c33-a4bc-f5093bd8509d, 41
[4/17/2026 2:28:31 PM] [SUCCESS] 854ce5cb-9fb5-4c7f-8eab-c708bf8b644e, 649
[4/17/2026 2:28:31 PM] [SUCCESS] 6fd0facc-c183-43bb-aaff-a2365a78051d, 886
[4/17/2026 2:28:32 PM] [SUCCESS] c258a301-a853-45a0-82c8-c598a4fd92ad, 137
[4/17/2026 2:28:32 PM] [SUCCESS] 49e138bf-8264-4fb3-9658-e2a52c07acca, 929
[4/17/2026 2:28:32 PM] [FAILED (Attempt 3)] 49900063-e727-4177-81cb-36c3c556945e, 0
[4/17/2026 2:28:32 PM] [ABORT] 49900063-e727-4177-81cb-36c3c556945e, 0
[4/17/2026 2:28:32 PM] [SUCCESS] 873ace3b-b4bd-4e22-9676-27355d6440e7, 1147
[4/17/2026 2:28:32 PM] [SUCCESS] 53234356-3a3f-4fa0-a235-6a0eb3dc0540, 956
[4/17/2026 2:28:33 PM] [SUCCESS] 87a9eba0-74c1-4687-b571-d235ed0206fa, 225
[4/17/2026 2:28:33 PM] [SUCCESS] c1128064-4645-43b7-959b-b3bfe42bb0f2, 609
[4/17/2026 2:28:33 PM] [SUCCESS] 19a239e8-51dd-4098-b685-6e85d1dfcb1d, 71
[4/17/2026 2:28:33 PM] [SUCCESS] 79d14899-820f-4cc2-b61f-12861f5fd4d4, 297
[4/17/2026 2:28:33 PM] [SUCCESS] a2ba4307-e325-4745-ae5d-73389d29a5bf, 24
[4/17/2026 2:28:34 PM] [SUCCESS] 95eeb5b8-2c93-4054-8dcf-9fc5309c1d39, 64
[4/17/2026 2:28:34 PM] [SUCCESS] 3efaa3ee-a565-4c0a-a399-73bf985648f3, 17
[4/17/2026 2:28:34 PM] [SUCCESS] c4bd8ac3-82da-45e0-9961-6f692361fa23, 100
[4/17/2026 2:28:34 PM] [SUCCESS] d4bace8b-d188-4d23-8a80-270693265b2d, 38
[4/17/2026 2:28:35 PM] [SUCCESS] 4bdbb0bd-e36f-4aaa-9876-f593573fe350, 269
[4/17/2026 2:28:36 PM] [SUCCESS] d0d5071f-a55d-477f-ab67-ad3bed93e5db, 94
[4/17/2026 2:28:36 PM] [SUCCESS] 8c7f7a7d-b97a-4b4f-ab1d-2798bd0ff0ff, 88
[4/17/2026 2:28:36 PM] [SUCCESS] 2729b5f0-89fa-46ac-93fc-d7fa4871aff8, 1051
[4/17/2026 2:28:36 PM] [SUCCESS] 2d7541cb-1e9f-43d8-8b06-ef93f14f9c61, 39
[4/17/2026 2:28:36 PM] [SUCCESS] 16fa4e96-e2fb-42dd-9b66-677421d6c71d, 49
[4/17/2026 2:28:36 PM] [SUCCESS] bed6f11d-40aa-4888-b47a-18b5dc4f9e9e, 8
[4/17/2026 2:28:36 PM] [SUCCESS] 6a2515df-7605-4a66-9492-58bbd5f79e7a, 70
[4/17/2026 2:28:36 PM] [SUCCESS] bfd5316a-d4d3-44f3-b637-bca7cea0603a, 364
[4/17/2026 2:28:37 PM] [SUCCESS] 2c4d083d-9c64-4fb7-951f-4bd71824ad17, 840
[4/17/2026 2:28:37 PM] [SUCCESS] 85dab864-66a8-4b2d-92ca-6e7a385086cd, 77
[4/17/2026 2:28:37 PM] [SUCCESS] 682bfd91-340a-42a8-885b-7f49ed3f833d, 166
[4/17/2026 2:28:37 PM] [FAILED (Attempt 1)] 55cf004c-7566-4aef-a361-1e4eedffa777, 0
[4/17/2026 2:28:37 PM] [SUCCESS] ed62162c-d1c4-4600-a119-40b6126920cd, 925
[4/17/2026 2:28:37 PM] [SUCCESS] 27f2eee6-e3c2-46eb-b71a-2281da0ea8c4, 334
[4/17/2026 2:28:37 PM] [SUCCESS] 53976307-ab3f-4f7a-9502-65944808999a, 241
[4/17/2026 2:28:38 PM] [FAILED (Attempt 1)] 1b00d2af-a725-42ab-b9ee-d8f5669ff645, 0
[4/17/2026 2:28:38 PM] [SUCCESS] a3c3f7d0-331c-4312-938d-33471dbb67e6, 297
[4/17/2026 2:28:38 PM] [SUCCESS] ec5847a3-e947-45fe-b609-b1e5423a1f9c, 809
[4/17/2026 2:28:38 PM] [SUCCESS] 0afe94ce-4aae-43ac-baf2-907423f8da58, 6
[4/17/2026 2:28:38 PM] [SUCCESS] 827b41d6-d844-49f6-b1a8-0ad71ebf869c, 66
[4/17/2026 2:28:39 PM] [SUCCESS] 2291a79b-1429-4372-9bcc-6cdb569860a2, 685
[4/17/2026 2:28:39 PM] [FAILED (Attempt 2)] 55cf004c-7566-4aef-a361-1e4eedffa777, 0
[4/17/2026 2:28:39 PM] [SUCCESS] fd6160c3-3fdc-4d03-b410-58efcbe50904, 44
[4/17/2026 2:28:39 PM] [SUCCESS] 6e9a3b39-e69d-4286-a8c8-a34cfb7067e8, 95
[4/17/2026 2:28:39 PM] [SUCCESS] 6ef23241-0121-4bc6-b585-34ff51ab3464, 990
[4/17/2026 2:28:39 PM] [SUCCESS] 7802f69a-01cc-45cd-b57f-c40c1d476bfc, 532
[4/17/2026 2:28:40 PM] [FAILED (Attempt 2)] 1b00d2af-a725-42ab-b9ee-d8f5669ff645, 0
[4/17/2026 2:28:40 PM] [SUCCESS] b9ee95d6-6969-4559-a072-8a82c175772c, 85
[4/17/2026 2:28:40 PM] [SUCCESS] e6429e11-1ae0-45c6-b94c-a9eae0b78fbc, 37
[4/17/2026 2:28:40 PM] [SUCCESS] 6a7906c3-04d4-4b83-a1b1-f51d331f43e5, 1051
[4/17/2026 2:28:40 PM] [SUCCESS] 1e982a0b-8cdf-47ce-93d9-322a37686be8, 1072
[4/17/2026 2:28:40 PM] [SUCCESS] bed505fe-2b3e-4cfa-bb0a-50c0c02acdfd, 930
[4/17/2026 2:28:40 PM] [FAILED (Attempt 1)] f80896f0-a269-4a5c-9ebf-9148b774b559, 0
[4/17/2026 2:28:41 PM] [SUCCESS] 236078ab-1144-4128-b179-5b889a0f0b7b, 436
[4/17/2026 2:28:41 PM] [SUCCESS] 70b9b98b-7b2d-4120-a66e-0e7cdc309677, 31
[4/17/2026 2:28:41 PM] [FAILED (Attempt 3)] 55cf004c-7566-4aef-a361-1e4eedffa777, 0
[4/17/2026 2:28:41 PM] [ABORT] 55cf004c-7566-4aef-a361-1e4eedffa777, 0
[4/17/2026 2:28:41 PM] [SUCCESS] 39960528-2a4b-4274-ac6b-8347357f7487, 560
[4/17/2026 2:28:41 PM] [SUCCESS] 65c9c434-ce4b-4645-9253-4f03842aed6c, 667
[4/17/2026 2:28:41 PM] [SUCCESS] c41c4940-bc4b-40b6-bb79-14fed8d417d8, 62
[4/17/2026 2:28:42 PM] [FAILED (Attempt 3)] 1b00d2af-a725-42ab-b9ee-d8f5669ff645, 0
[4/17/2026 2:28:42 PM] [ABORT] 1b00d2af-a725-42ab-b9ee-d8f5669ff645, 0
[4/17/2026 2:28:42 PM] [FAILED (Attempt 2)] f80896f0-a269-4a5c-9ebf-9148b774b559, 0
[4/17/2026 2:28:43 PM] [SUCCESS] ae0a58f0-ee87-4247-aae5-dfc1bcb0aa40, 78
[4/17/2026 2:28:43 PM] [SUCCESS] 1e6b7e9a-4187-448e-b09b-6d8faed74ddc, 1204
[4/17/2026 2:28:43 PM] [SUCCESS] 49051fcc-d47a-484e-9069-a6712e05217e, 735
[4/17/2026 2:28:43 PM] [SUCCESS] eab4088a-2026-4a51-b11f-bbd2b930a009, 62
[4/17/2026 2:28:43 PM] [SUCCESS] 5ace067c-d8a5-48a7-a487-a6d3b71af109, 906
[4/17/2026 2:28:44 PM] [FAILED (Attempt 1)] 0fb0d070-8377-4699-b6bc-9a43ebbe4585, 0
[4/17/2026 2:28:44 PM] [SUCCESS] fcdde204-c067-4d57-bbf2-b3d333b6de98, 90
[4/17/2026 2:28:44 PM] [SUCCESS] 0c4b272f-2e15-4554-bd27-8fc1067f3b83, 990
[4/17/2026 2:28:44 PM] [FAILED (Attempt 1)] 0227bdd5-bd4d-4c14-96a1-56cb7f9ad0bd, 0
[4/17/2026 2:28:44 PM] [FAILED (Attempt 3)] f80896f0-a269-4a5c-9ebf-9148b774b559, 0
[4/17/2026 2:28:44 PM] [ABORT] f80896f0-a269-4a5c-9ebf-9148b774b559, 0
[4/17/2026 2:28:44 PM] [SUCCESS] 7bafed62-a6e7-420d-8964-eddd00ce2e25, 245
[4/17/2026 2:28:44 PM] [FAILED (Attempt 1)] 1a688872-2e52-4abc-8da6-4f7e1eb1d26b, 0
[4/17/2026 2:28:44 PM] [FAILED (Attempt 1)] a3e1eba2-785c-42e8-ada6-f666de9c5397, 0
[4/17/2026 2:28:44 PM] [SUCCESS] b621c69f-1e76-45b2-93c5-0ce586a6d3d2, 319
[4/17/2026 2:28:45 PM] [SUCCESS] bdfbbf03-f44e-476e-81ad-aa4e26e335c9, 17
[4/17/2026 2:28:45 PM] [SUCCESS] b96f8619-244f-446c-a52e-c450750120ee, 562
[4/17/2026 2:28:45 PM] [SUCCESS] 19bbe8e3-723c-40f6-95ff-72bb73c2174d, 680
[4/17/2026 2:28:45 PM] [SUCCESS] a69d1f70-47a0-43d8-bd7e-24bfd9e2745b, 651
[4/17/2026 2:28:45 PM] [SUCCESS] 39c9d54f-a5bb-4feb-af24-2995bc128e7a, 8
[4/17/2026 2:28:46 PM] [FAILED (Attempt 2)] 0fb0d070-8377-4699-b6bc-9a43ebbe4585, 0
[4/17/2026 2:28:46 PM] [SUCCESS] 2c936ebd-6331-4828-8323-4a83e48bb7d5, 73
[4/17/2026 2:28:46 PM] [SUCCESS] 5c9113be-9928-4e00-9935-4a767ff5807b, 997
[4/17/2026 2:28:46 PM] [FAILED (Attempt 2)] 0227bdd5-bd4d-4c14-96a1-56cb7f9ad0bd, 0
[4/17/2026 2:28:46 PM] [SUCCESS] e8bbe578-c729-478a-8e61-3f3a87673390, 633
[4/17/2026 2:28:46 PM] [FAILED (Attempt 2)] 1a688872-2e52-4abc-8da6-4f7e1eb1d26b, 0
[4/17/2026 2:28:46 PM] [FAILED (Attempt 2)] a3e1eba2-785c-42e8-ada6-f666de9c5397, 0
[4/17/2026 2:28:47 PM] [SUCCESS] f419c4df-4864-4eca-9ad2-659ed16d83a6, 90
[4/17/2026 2:28:47 PM] [SUCCESS] 24b27360-8298-42ea-8b72-3f4bad0c4aeb, 725
[4/17/2026 2:28:47 PM] [FAILED (Attempt 1)] 30db77b5-6fdf-436d-a680-a50447a1e54b, 0
[4/17/2026 2:28:47 PM] [SUCCESS] 310a4d77-ea13-4c70-99df-e1fc731fb7cf, 1108
[4/17/2026 2:28:47 PM] [SUCCESS] 5f7d1e0b-2d3b-498a-a147-a5b6e71f1a8f, 1136
[4/17/2026 2:28:48 PM] [FAILED (Attempt 3)] 0fb0d070-8377-4699-b6bc-9a43ebbe4585, 0
[4/17/2026 2:28:48 PM] [ABORT] 0fb0d070-8377-4699-b6bc-9a43ebbe4585, 0
[4/17/2026 2:28:48 PM] [SUCCESS] 3da8594b-ec70-4a7e-b148-647d4f0a5964, 568
[4/17/2026 2:28:48 PM] [SUCCESS] 089f694d-7eef-4d7f-a146-a59396dd9e7f, 732
[4/17/2026 2:28:48 PM] [SUCCESS] 8acc833f-5bb8-4a76-9c35-07bed86184eb, 61
[4/17/2026 2:28:48 PM] [FAILED (Attempt 3)] 0227bdd5-bd4d-4c14-96a1-56cb7f9ad0bd, 0
[4/17/2026 2:28:48 PM] [ABORT] 0227bdd5-bd4d-4c14-96a1-56cb7f9ad0bd, 0
[4/17/2026 2:28:48 PM] [SUCCESS] 31062701-aacf-4193-96b9-4e61e10c7ae4, 10
[4/17/2026 2:28:48 PM] [SUCCESS] 96c12e1a-8d63-409e-aa67-f59eafddbd09, 1166
[4/17/2026 2:28:48 PM] [FAILED (Attempt 3)] 1a688872-2e52-4abc-8da6-4f7e1eb1d26b, 0
[4/17/2026 2:28:48 PM] [ABORT] 1a688872-2e52-4abc-8da6-4f7e1eb1d26b, 0
[4/17/2026 2:28:48 PM] [FAILED (Attempt 3)] a3e1eba2-785c-42e8-ada6-f666de9c5397, 0
[4/17/2026 2:28:48 PM] [ABORT] a3e1eba2-785c-42e8-ada6-f666de9c5397, 0
[4/17/2026 2:28:48 PM] [SUCCESS] cc6268a3-1361-4d85-8125-0f52db5d6fdd, 795
[4/17/2026 2:28:49 PM] [FAILED (Attempt 1)] de4667b5-c091-430d-9bfb-4b7d6be139be, 0
[4/17/2026 2:28:49 PM] [SUCCESS] ee69acfa-205c-4706-8004-4d1a969f642d, 78
[4/17/2026 2:28:49 PM] [FAILED (Attempt 1)] 77e18f94-a1f9-4c64-8231-a6723065d026, 0
[4/17/2026 2:28:49 PM] [SUCCESS] fcbb0520-7960-4b61-8e3f-01cd92edd817, 457
[4/17/2026 2:28:49 PM] [SUCCESS] 4f8fbe1f-0be1-4398-b1e0-0f55cda8d42a, 549
[4/17/2026 2:28:49 PM] [SUCCESS] 7c9e4f61-74d7-40dc-bcd5-283cea8294dc, 75
[4/17/2026 2:28:49 PM] [FAILED (Attempt 2)] 30db77b5-6fdf-436d-a680-a50447a1e54b, 0
[4/17/2026 2:28:49 PM] [SUCCESS] 52938137-8a0d-4af3-b926-1e145d0f6857, 488
[4/17/2026 2:28:50 PM] [SUCCESS] 613a18da-e397-48fc-9f8e-793e8c956663, 56
[4/17/2026 2:28:50 PM] [SUCCESS] 562725d6-2b53-45ec-9ab3-e00c48c7b55e, 1128
[4/17/2026 2:28:51 PM] [SUCCESS] 1d1d9be7-85ed-405e-9dc0-91774d4ea20b, 358
[4/17/2026 2:28:51 PM] [FAILED (Attempt 2)] de4667b5-c091-430d-9bfb-4b7d6be139be, 0
[4/17/2026 2:28:51 PM] [FAILED (Attempt 2)] 77e18f94-a1f9-4c64-8231-a6723065d026, 0
[4/17/2026 2:28:51 PM] [FAILED (Attempt 3)] 30db77b5-6fdf-436d-a680-a50447a1e54b, 0
[4/17/2026 2:28:51 PM] [ABORT] 30db77b5-6fdf-436d-a680-a50447a1e54b, 0
[4/17/2026 2:28:51 PM] [SUCCESS] 5a5fa62c-af88-4d70-9f68-0d99ea3f5b01, 917
[4/17/2026 2:28:51 PM] [SUCCESS] a691871e-296f-42c9-9690-426b474f8efc, 938
[4/17/2026 2:28:51 PM] [SUCCESS] ee724c7b-2e95-4070-8c89-dc5930318159, 597
[4/17/2026 2:28:51 PM] [SUCCESS] 9f77cc43-2e2e-4196-82fc-6da29c3b691b, 5
[4/17/2026 2:28:52 PM] [FAILED (Attempt 1)] 0a96e1ac-80f1-4ecc-a1de-1f3d1bc71887, 0
[4/17/2026 2:28:52 PM] [SUCCESS] 847da712-7bcb-42f8-9539-f85faa100271, 317
[4/17/2026 2:28:52 PM] [SUCCESS] 5d4e4310-bfa2-48e5-b081-d5d9f9b01d9b, 53
[4/17/2026 2:28:52 PM] [SUCCESS] 32cd03c5-79d4-4c4f-9916-7a2d620b9098, 22
[4/17/2026 2:28:52 PM] [SUCCESS] a43539a5-a4ae-4ac6-8de2-01f3fa453c88, 95
[4/17/2026 2:28:53 PM] [FAILED (Attempt 3)] de4667b5-c091-430d-9bfb-4b7d6be139be, 0
[4/17/2026 2:28:53 PM] [ABORT] de4667b5-c091-430d-9bfb-4b7d6be139be, 0
[4/17/2026 2:28:53 PM] [SUCCESS] 06467ab7-ad58-4411-84d7-08ada802c831, 587
[4/17/2026 2:28:53 PM] [SUCCESS] 4bd47e22-a00a-4b00-8c81-40435711c128, 565
[4/17/2026 2:28:53 PM] [SUCCESS] 608f3412-ca64-48d9-b039-2c668c670425, 50
[4/17/2026 2:28:53 PM] [FAILED (Attempt 3)] 77e18f94-a1f9-4c64-8231-a6723065d026, 0
[4/17/2026 2:28:53 PM] [ABORT] 77e18f94-a1f9-4c64-8231-a6723065d026, 0
[4/17/2026 2:28:53 PM] [SUCCESS] d5d70979-e67b-4c5d-beff-0ff8a700f435, 485
[4/17/2026 2:28:53 PM] [SUCCESS] efd40108-0e33-4f19-aaf1-83e69d3b98db, 1172
[4/17/2026 2:28:54 PM] [FAILED (Attempt 2)] 0a96e1ac-80f1-4ecc-a1de-1f3d1bc71887, 0
[4/17/2026 2:28:54 PM] [SUCCESS] b99c32ff-77fe-49a5-a5ad-97e2e5c9c1ea, 350
[4/17/2026 2:28:54 PM] [SUCCESS] c70785b1-ce5d-4a42-b1da-9cd663f64c54, 37
[4/17/2026 2:28:54 PM] [SUCCESS] 2ff6db2b-0755-4877-90fd-d8601deba2cf, 1110
[4/17/2026 2:28:54 PM] [SUCCESS] c4fc8b4e-5854-4d4b-b6ea-d5169b5afdf5, 88
[4/17/2026 2:28:54 PM] [SUCCESS] ef99b0b6-bbd5-4b75-b623-0de42dfe67b4, 410
[4/17/2026 2:28:54 PM] [SUCCESS] b6027242-ebe1-4334-a897-81e224320308, 14
[4/17/2026 2:28:54 PM] [SUCCESS] b7589153-5e87-42ba-964d-57a6026f801b, 160
[4/17/2026 2:28:55 PM] [SUCCESS] 4c5d1192-af13-4aa6-9b34-9dba5260f1d1, 87
[4/17/2026 2:28:55 PM] [SUCCESS] 7796955f-a543-4f35-9ac6-0433e44c2afb, 409
[4/17/2026 2:28:55 PM] [SUCCESS] 64afa718-e912-4852-a3e6-9c7788441d19, 1136
[4/17/2026 2:28:55 PM] [SUCCESS] 3a5444ed-ec7a-4af3-a021-1e3de5392427, 679
[4/17/2026 2:28:56 PM] [FAILED (Attempt 3)] 0a96e1ac-80f1-4ecc-a1de-1f3d1bc71887, 0
[4/17/2026 2:28:56 PM] [ABORT] 0a96e1ac-80f1-4ecc-a1de-1f3d1bc71887, 0
[4/17/2026 2:28:56 PM] [SUCCESS] 4331b85f-da84-4a4c-b513-cc713967ab79, 81
[4/17/2026 2:28:56 PM] [SUCCESS] 3a14fbee-54a1-4e2d-ab30-a60579b9cd43, 977
[4/17/2026 2:28:56 PM] [SUCCESS] c20b50dd-a09c-40b4-a53a-639cb699ea34, 42
[4/17/2026 2:28:57 PM] [SUCCESS] 0d52dec3-d08c-4fa1-8bf7-5e147dee2815, 1051
[4/17/2026 2:28:57 PM] [SUCCESS] 02e8f728-2ef1-45ae-b761-8023d0306f18, 261
[4/17/2026 2:28:57 PM] [SUCCESS] 14dc4b62-cf31-4d25-a648-c9bbcbc6109c, 10
[4/17/2026 2:28:57 PM] [SUCCESS] 59bfbb27-7507-4d5d-b23b-dfe4038a2787, 97
[4/17/2026 2:28:57 PM] [SUCCESS] a8fcf766-2636-4b2a-a6e8-5729adfdf774, 220
[4/17/2026 2:28:57 PM] [SUCCESS] 089ce989-b8e9-46d9-88a8-670042722f9d, 596
[4/17/2026 2:28:57 PM] [SUCCESS] 885c7c87-0178-4bb4-8a73-2d862274d5c1, 84
[4/17/2026 2:28:58 PM] [SUCCESS] 8834dfe0-32fe-413a-be68-3c55611aca66, 215
[4/17/2026 2:28:58 PM] [SUCCESS] 04c7169d-8a98-4bca-b3cf-1e5a21de79b7, 12
[4/17/2026 2:28:58 PM] [SUCCESS] a9053011-4de4-461b-a2ea-f3159dda46a8, 47
[4/17/2026 2:28:58 PM] [SUCCESS] 18674ad8-424e-4172-9cf5-29a2b5a3a35d, 1220
[4/17/2026 2:28:59 PM] [SUCCESS] a8c07aed-ae56-43f5-bb65-627e1fc7c67e, 1177
[4/17/2026 2:28:59 PM] [FAILED (Attempt 1)] 07f254db-ff63-4330-bf6e-07b98b4e78c4, 0
[4/17/2026 2:28:59 PM] [SUCCESS] 97bdf668-7f64-4d32-a9ab-14bc59b4abb9, 427
[4/17/2026 2:28:59 PM] [SUCCESS] fa6244f3-9f6f-4deb-a62d-f9022894793b, 400
[4/17/2026 2:29:00 PM] [SUCCESS] 35ac48a2-14ad-459a-9c46-2034ce572f16, 1219
[4/17/2026 2:29:00 PM] [SUCCESS] b82d9c44-053f-44d7-95ea-7a99247d8c35, 8
[4/17/2026 2:29:00 PM] [SUCCESS] 8055698c-0148-4664-a42d-d10f8221c903, 1099
[4/17/2026 2:29:00 PM] [SUCCESS] b998a6eb-2d77-4c38-a6fb-c4806da6d23a, 712
[4/17/2026 2:29:00 PM] [SUCCESS] 60d1c838-98fb-48d0-a639-230a9323e697, 250
[4/17/2026 2:29:01 PM] [SUCCESS] f0df69ac-4072-470a-8d83-786fdce3d023, 33
[4/17/2026 2:29:01 PM] [FAILED (Attempt 2)] 07f254db-ff63-4330-bf6e-07b98b4e78c4, 0
[4/17/2026 2:29:01 PM] [SUCCESS] 90477fe9-0332-45b0-91ec-7755741895a6, 0
[4/17/2026 2:29:01 PM] [SUCCESS] bc878a8c-edea-4eea-bd7a-68843b3b2a77, 886
[4/17/2026 2:29:01 PM] [SUCCESS] c459ad61-42e6-43f5-abe1-eb01ffa33ef2, 364
[4/17/2026 2:29:01 PM] [SUCCESS] 82078f34-6555-4376-8b98-2898cc7f8c44, 769
[4/17/2026 2:29:01 PM] [SUCCESS] 05a1197c-9c90-4703-aadd-bebb269d9969, 18
[4/17/2026 2:29:02 PM] [FAILED (Attempt 1)] 532872d6-e6f3-43be-a177-67cc2372810d, 0
[4/17/2026 2:29:02 PM] [SUCCESS] 2efb5e7b-185b-4817-8578-861be98a7778, 58
[4/17/2026 2:29:03 PM] [SUCCESS] 3f8f5175-14bb-436f-af50-dfb8dfa97ed1, 54
[4/17/2026 2:29:03 PM] [SUCCESS] 991fc355-25b8-4a5b-a719-228b5a8fecc2, 87
[4/17/2026 2:29:03 PM] [SUCCESS] 010b19d2-18df-4b78-a6c9-2d65baa3affc, 1183
[4/17/2026 2:29:03 PM] [FAILED (Attempt 3)] 07f254db-ff63-4330-bf6e-07b98b4e78c4, 0
[4/17/2026 2:29:03 PM] [ABORT] 07f254db-ff63-4330-bf6e-07b98b4e78c4, 0
[4/17/2026 2:29:03 PM] [SUCCESS] ce66a35c-8f7d-408b-bca5-4528e55e4f05, 67
[4/17/2026 2:29:03 PM] [SUCCESS] 778455e0-9966-48bc-8649-c3f5750ecfe6, 56
[4/17/2026 2:29:04 PM] [SUCCESS] e1b1707c-da6c-48b1-8b2a-9a39aecb8d5c, 81
[4/17/2026 2:29:04 PM] [SUCCESS] 2bd85dca-b20f-4c7e-bf38-2dce98f8cb31, 340
[4/17/2026 2:29:04 PM] [FAILED (Attempt 1)] 1f023e6c-22dd-4d1e-a939-9ec9d092f32b, 0
[4/17/2026 2:29:04 PM] [SUCCESS] 49997253-0466-47e9-aeaa-7967744d2379, 64
[4/17/2026 2:29:04 PM] [FAILED (Attempt 2)] 532872d6-e6f3-43be-a177-67cc2372810d, 0
[4/17/2026 2:29:04 PM] [SUCCESS] d576f158-3dcd-4acb-b62b-4cb5068ad57f, 72
[4/17/2026 2:29:05 PM] [SUCCESS] a701663d-8a4e-4e7b-bbb1-ef09ea1b59e5, 1055
[4/17/2026 2:29:05 PM] [SUCCESS] f297da6e-f840-4a1f-9146-800c1ad8c5d4, 50
[4/17/2026 2:29:05 PM] [FAILED (Attempt 1)] 705378bd-12d5-4ede-9756-468743d85ee1, 0
[4/17/2026 2:29:05 PM] [SUCCESS] 208650e8-cc65-425b-865c-017c8db7c0bc, 1185
[4/17/2026 2:29:05 PM] [SUCCESS] cbb368f4-a1cc-4bc8-aabe-0ac6abf75cc0, 86
[4/17/2026 2:29:05 PM] [SUCCESS] 14752d14-5d3c-4dea-8cdd-30547f7fab27, 973
[4/17/2026 2:29:05 PM] [SUCCESS] dd23f7cd-144a-49a7-aabc-dd0842ee1250, 35
[4/17/2026 2:29:05 PM] [SUCCESS] 5ace1e39-1b09-4d87-870f-77f82c954d7d, 51
[4/17/2026 2:29:06 PM] [SUCCESS] ffb87e41-7499-4446-83c6-af2d16b2374e, 90
[4/17/2026 2:29:06 PM] [SUCCESS] 5abb4780-1184-4f9b-9440-566b0d7f311a, 82
[4/17/2026 2:29:06 PM] [SUCCESS] b3999b33-4a79-409c-bc86-f6c26c8fbcfe, 1229
[4/17/2026 2:29:06 PM] [FAILED (Attempt 2)] 1f023e6c-22dd-4d1e-a939-9ec9d092f32b, 0
[4/17/2026 2:29:06 PM] [SUCCESS] c4b327bc-1c0e-447d-9695-afdb1ce60882, 377
[4/17/2026 2:29:06 PM] [FAILED (Attempt 3)] 532872d6-e6f3-43be-a177-67cc2372810d, 0
[4/17/2026 2:29:06 PM] [ABORT] 532872d6-e6f3-43be-a177-67cc2372810d, 0
[4/17/2026 2:29:06 PM] [SUCCESS] a934fdb7-7911-435c-95e7-06783ae91272, 46
[4/17/2026 2:29:07 PM] [SUCCESS] 0ec18fb8-3a41-4a65-aea2-b890f45e683b, 1029
[4/17/2026 2:29:07 PM] [FAILED (Attempt 2)] 705378bd-12d5-4ede-9756-468743d85ee1, 0
[4/17/2026 2:29:07 PM] [SUCCESS] 7e8151e5-9699-48f0-a2ed-0498af44afe0, 487
[4/17/2026 2:29:07 PM] [SUCCESS] 6e80164f-6dc7-4210-8766-1c65ee3bc51b, 31
[4/17/2026 2:29:08 PM] [FAILED (Attempt 1)] be422272-5577-42d1-adf4-985ac5aa80f0, 0
[4/17/2026 2:29:08 PM] [SUCCESS] 81245e68-ce67-4813-9cef-5f77967e0950, 532
[4/17/2026 2:29:08 PM] [FAILED (Attempt 3)] 1f023e6c-22dd-4d1e-a939-9ec9d092f32b, 0
[4/17/2026 2:29:08 PM] [ABORT] 1f023e6c-22dd-4d1e-a939-9ec9d092f32b, 0
[4/17/2026 2:29:08 PM] [SUCCESS] 69459b7b-6c39-4d54-ad61-1bd099322b95, 404
[4/17/2026 2:29:08 PM] [SUCCESS] 9e6673e6-fbaf-44d3-9a17-b2e716e7fb7b, 419
[4/17/2026 2:29:08 PM] [SUCCESS] 7458a1ba-3ca2-4991-85a6-a4143162dab0, 599
[4/17/2026 2:29:08 PM] [SUCCESS] f46b194e-18c9-44d8-b752-c069f8b54b2a, 74
[4/17/2026 2:29:09 PM] [SUCCESS] 8a5ed157-0e94-45bb-b62b-616c84ad3845, 39
[4/17/2026 2:29:09 PM] [SUCCESS] 9eef2446-3069-4aad-b09d-e152b47e6485, 263
[4/17/2026 2:29:09 PM] [FAILED (Attempt 3)] 705378bd-12d5-4ede-9756-468743d85ee1, 0
[4/17/2026 2:29:09 PM] [ABORT] 705378bd-12d5-4ede-9756-468743d85ee1, 0
[4/17/2026 2:29:09 PM] [FAILED (Attempt 1)] 7235bc86-9b06-413a-b64b-2a0be9dbea6b, 0
[4/17/2026 2:29:10 PM] [FAILED (Attempt 2)] be422272-5577-42d1-adf4-985ac5aa80f0, 0
[4/17/2026 2:29:10 PM] [SUCCESS] 7862c8d3-d96f-4dc0-9abc-7523c0393a24, 69
[4/17/2026 2:29:10 PM] [SUCCESS] a7ef10ec-c35b-4380-917c-25f9abf925b3, 37
[4/17/2026 2:29:11 PM] [SUCCESS] ade242aa-fc6c-44a6-8c84-23d638457845, 217
[4/17/2026 2:29:11 PM] [SUCCESS] c2d7ca03-1560-44e6-aa9d-8e0a4ce2cd35, 15
[4/17/2026 2:29:11 PM] [FAILED (Attempt 2)] 7235bc86-9b06-413a-b64b-2a0be9dbea6b, 0
[4/17/2026 2:29:11 PM] [SUCCESS] a75ec1aa-bfe4-4720-9bcd-de2c4c1e01ae, 1
[4/17/2026 2:29:11 PM] [FAILED (Attempt 1)] c23c52b5-ee93-4816-ac32-a74ce16a2a41, 0
[4/17/2026 2:29:11 PM] [SUCCESS] 2e387d29-630c-4206-b477-2a357904e00a, 27
[4/17/2026 2:29:12 PM] [SUCCESS] d794239a-7033-419c-ab6e-8189e0a199b9, 663
[4/17/2026 2:29:12 PM] [FAILED (Attempt 3)] be422272-5577-42d1-adf4-985ac5aa80f0, 0
[4/17/2026 2:29:12 PM] [ABORT] be422272-5577-42d1-adf4-985ac5aa80f0, 0
[4/17/2026 2:29:12 PM] [SUCCESS] 3b46a1c6-0bbf-4e33-af21-7d58c7fe940b, 63
[4/17/2026 2:29:12 PM] [SUCCESS] 61b01098-3eb3-41b9-ba7e-732ff4e9ef22, 75
[4/17/2026 2:29:12 PM] [SUCCESS] c48635c1-48a2-4bab-ae32-97620c0154ec, 59
[4/17/2026 2:29:12 PM] [FAILED (Attempt 1)] 165a25f5-ea84-4b85-a423-0a82c189fdad, 0
[4/17/2026 2:29:12 PM] [SUCCESS] 7a041a78-464a-4e8f-b538-8d90ca81b534, 417
[4/17/2026 2:29:12 PM] [FAILED (Attempt 1)] 118ac073-f6ac-4e6a-8c86-28dcba5725fc, 0
[4/17/2026 2:29:12 PM] [SUCCESS] 8fc855e7-4a56-4574-9084-9278495628cc, 687
[4/17/2026 2:29:12 PM] [SUCCESS] c670dbc6-d837-4e4f-801c-97fd435cbfec, 26
[4/17/2026 2:29:13 PM] [SUCCESS] dd3e6d0e-9d5e-4989-8309-47e2ca187ecc, 1038
[4/17/2026 2:29:13 PM] [SUCCESS] 16bab236-612a-4e80-85ec-7425805993ec, 855
[4/17/2026 2:29:13 PM] [FAILED (Attempt 3)] 7235bc86-9b06-413a-b64b-2a0be9dbea6b, 0
[4/17/2026 2:29:13 PM] [ABORT] 7235bc86-9b06-413a-b64b-2a0be9dbea6b, 0
[4/17/2026 2:29:13 PM] [SUCCESS] 0be54569-7017-4e70-aa0b-d04179b1c2f3, 350
[4/17/2026 2:29:13 PM] [FAILED (Attempt 2)] c23c52b5-ee93-4816-ac32-a74ce16a2a41, 0
[4/17/2026 2:29:13 PM] [SUCCESS] 0a7c12fd-47d4-4003-aed8-4a448cc80bdc, 25
[4/17/2026 2:29:13 PM] [SUCCESS] 832c32dc-1dc4-485c-a9a2-c799a40d2504, 223
[4/17/2026 2:29:14 PM] [SUCCESS] 1cea8fb3-2cc5-42f6-a110-0e92dd6ec594, 97
[4/17/2026 2:29:14 PM] [FAILED (Attempt 1)] 166a9daa-33e9-40b8-8357-7a94494c0a2c, 0
[4/17/2026 2:29:14 PM] [FAILED (Attempt 2)] 165a25f5-ea84-4b85-a423-0a82c189fdad, 0
[4/17/2026 2:29:14 PM] [SUCCESS] 45f99264-fcbf-456e-9262-4f54f18238d6, 35
[4/17/2026 2:29:14 PM] [FAILED (Attempt 2)] 118ac073-f6ac-4e6a-8c86-28dcba5725fc, 0
[4/17/2026 2:29:14 PM] [FAILED (Attempt 1)] c0112fd5-c5fa-4b0f-b7fa-dde3be67548c, 0
[4/17/2026 2:29:15 PM] [SUCCESS] ac067140-5c1f-4d64-a628-917b4cf0c5ea, 429
[4/17/2026 2:29:15 PM] [SUCCESS] 8e6d1a53-7550-463d-a9aa-ecc4ef28ec0e, 72
[4/17/2026 2:29:15 PM] [SUCCESS] f28537a3-c36f-441b-b889-8da783a5cf6f, 45
[4/17/2026 2:29:15 PM] [SUCCESS] f56a2f13-3821-4385-904c-10b60307b60a, 7
[4/17/2026 2:29:15 PM] [SUCCESS] f221495b-9caa-49b1-9e3e-7e3d1a82ccfd, 932
[4/17/2026 2:29:15 PM] [SUCCESS] c7d8c0ed-8a4d-4df9-8877-b9c76b36d192, 1067
[4/17/2026 2:29:15 PM] [FAILED (Attempt 3)] c23c52b5-ee93-4816-ac32-a74ce16a2a41, 0
[4/17/2026 2:29:15 PM] [ABORT] c23c52b5-ee93-4816-ac32-a74ce16a2a41, 0
[4/17/2026 2:29:15 PM] [SUCCESS] d5df233c-e8fa-4a8b-9f2c-298f91384e38, 22
[4/17/2026 2:29:16 PM] [SUCCESS] abd3126c-ae65-434b-b49a-35126d54a624, 711
[4/17/2026 2:29:16 PM] [SUCCESS] b1fbebb5-1280-43af-84a0-4725c1982ec8, 953
[4/17/2026 2:29:16 PM] [FAILED (Attempt 2)] 166a9daa-33e9-40b8-8357-7a94494c0a2c, 0
[4/17/2026 2:29:16 PM] [FAILED (Attempt 1)] 95273b7e-8e28-475e-971a-ef53cbbe5851, 0
[4/17/2026 2:29:16 PM] [FAILED (Attempt 3)] 165a25f5-ea84-4b85-a423-0a82c189fdad, 0
[4/17/2026 2:29:16 PM] [ABORT] 165a25f5-ea84-4b85-a423-0a82c189fdad, 0
[4/17/2026 2:29:16 PM] [SUCCESS] f03a4f07-8a9f-4e3c-a7ed-45a59018773d, 77
[4/17/2026 2:29:16 PM] [SUCCESS] 48e7ffe9-233b-4cef-84ff-5d09b26780a4, 57
[4/17/2026 2:29:16 PM] [FAILED (Attempt 3)] 118ac073-f6ac-4e6a-8c86-28dcba5725fc, 0
[4/17/2026 2:29:16 PM] [ABORT] 118ac073-f6ac-4e6a-8c86-28dcba5725fc, 0
[4/17/2026 2:29:16 PM] [FAILED (Attempt 2)] c0112fd5-c5fa-4b0f-b7fa-dde3be67548c, 0
[4/17/2026 2:29:17 PM] [SUCCESS] b4610a50-71e0-45d6-8560-460e0c579a6f, 217
[4/17/2026 2:29:17 PM] [SUCCESS] 604072e2-11f6-4131-bf74-39533abb4e80, 42
[4/17/2026 2:29:17 PM] [SUCCESS] d1a5a952-cfc0-4352-b02e-e34676fb7021, 80
[4/17/2026 2:29:17 PM] [SUCCESS] 683933a9-98ae-4320-bb5b-7a94b99e8fce, 1007
[4/17/2026 2:29:17 PM] [SUCCESS] ae13319a-39b6-43c1-88e7-214608252073, 62
[4/17/2026 2:29:18 PM] [FAILED (Attempt 3)] 166a9daa-33e9-40b8-8357-7a94494c0a2c, 0
[4/17/2026 2:29:18 PM] [ABORT] 166a9daa-33e9-40b8-8357-7a94494c0a2c, 0
[4/17/2026 2:29:18 PM] [FAILED (Attempt 2)] 95273b7e-8e28-475e-971a-ef53cbbe5851, 0
[4/17/2026 2:29:18 PM] [SUCCESS] 1812c5b3-fbc2-441a-9013-a3f9b0c66e9a, 590
[4/17/2026 2:29:18 PM] [SUCCESS] d859e369-941b-4c13-8d56-7c418924fbfc, 859
[4/17/2026 2:29:18 PM] [SUCCESS] aa3cad4b-d73f-4bff-863c-a6e26b026bc7, 51
[4/17/2026 2:29:18 PM] [SUCCESS] 3c974c4c-fe4d-4039-be13-e6f4d4a28df1, 471
[4/17/2026 2:29:18 PM] [FAILED (Attempt 3)] c0112fd5-c5fa-4b0f-b7fa-dde3be67548c, 0
[4/17/2026 2:29:18 PM] [ABORT] c0112fd5-c5fa-4b0f-b7fa-dde3be67548c, 0
[4/17/2026 2:29:19 PM] [SUCCESS] 5b53a930-ed57-4919-a648-c733160c4782, 41
[4/17/2026 2:29:19 PM] [SUCCESS] 4c1aef6e-94eb-4b25-8b70-d13f8d7bfc08, 429
[4/17/2026 2:29:19 PM] [SUCCESS] e23f2094-3851-457e-9044-ab5d122d51b0, 38
[4/17/2026 2:29:19 PM] [SUCCESS] 37c9d8a3-7daa-48e4-8723-3221bd68c547, 973
[4/17/2026 2:29:19 PM] [SUCCESS] c90febcc-1063-4b51-920a-28ac93b5454c, 802
[4/17/2026 2:29:19 PM] [SUCCESS] b7fba815-62fa-44ec-aad0-a8ef05a7167f, 68
[4/17/2026 2:29:20 PM] [SUCCESS] 28da8569-dd4f-44b6-b60e-bd29f2bb1393, 1
[4/17/2026 2:29:20 PM] [FAILED (Attempt 3)] 95273b7e-8e28-475e-971a-ef53cbbe5851, 0
[4/17/2026 2:29:20 PM] [ABORT] 95273b7e-8e28-475e-971a-ef53cbbe5851, 0
[4/17/2026 2:29:20 PM] [SUCCESS] 5152b857-dc4c-4dd3-8085-d9e5cbc39ab1, 403
[4/17/2026 2:29:20 PM] [SUCCESS] 7d38d7a4-5762-42a5-af63-0d83cef2238f, 55
[4/17/2026 2:29:20 PM] [SUCCESS] 09a25ebb-29db-4963-9ab6-a57aaf3a8e57, 641
[4/17/2026 2:29:21 PM] [SUCCESS] fd1b0bdd-38d7-4284-b1e7-3289afd1cdf5, 74
[4/17/2026 2:29:21 PM] [SUCCESS] 566a9697-2484-4c8d-8420-c4f504570557, 68
[4/17/2026 2:29:21 PM] [SUCCESS] 3ebb062a-7816-40bd-8120-73fe68ad809b, 1028
[4/17/2026 2:29:21 PM] [SUCCESS] 0c340997-3cee-4a35-a3bc-e3e9255e4d1f, 84
[4/17/2026 2:29:22 PM] [SUCCESS] afa2cbde-890b-453c-a9e3-8c962cf808a4, 90
[4/17/2026 2:29:22 PM] [SUCCESS] 21ec5cf9-02c6-4307-abf4-63de19a5616f, 55
[4/17/2026 2:29:22 PM] [SUCCESS] 3b748dba-9a9a-4afa-83b0-c9f5abc26427, 532
[4/17/2026 2:29:22 PM] [SUCCESS] 3e038a55-86e0-40aa-b70a-58ad470bc7d6, 33
[4/17/2026 2:29:22 PM] [SUCCESS] db0b4ba4-b9c3-421d-820a-be437c1e7490, 1078
[4/17/2026 2:29:22 PM] [SUCCESS] cab1e6ee-6f3a-4bd6-b203-ba2ae046c0c1, 83
[4/17/2026 2:29:22 PM] [SUCCESS] 2bf56e5a-f695-43e6-bc92-1d4abad56206, 266
[4/17/2026 2:29:22 PM] [SUCCESS] b6c5b0b3-944b-4157-b446-f85f7d6b55d0, 7
[4/17/2026 2:29:23 PM] [SUCCESS] e5124cfd-b378-4a9e-b2f2-be0de7c07103, 113
[4/17/2026 2:29:23 PM] [SUCCESS] e006355e-a5f7-4416-ae80-78ae17886212, 597
[4/17/2026 2:29:23 PM] [SUCCESS] b703a0ac-efd4-489e-a38c-8f98176eea3e, 1109
[4/17/2026 2:29:24 PM] [SUCCESS] 90e616c8-fbf2-4d9c-ba00-a69e973d5d52, 263
[4/17/2026 2:29:24 PM] [SUCCESS] 616eb9d2-730b-4824-b203-e1e5d09fc0bc, 942
[4/17/2026 2:29:24 PM] [SUCCESS] 6d68f8dd-26dc-4688-8b8e-26721a4366d8, 84
[4/17/2026 2:29:24 PM] [SUCCESS] f55150e5-4b4f-4fff-91d4-c7b9b46fc7cb, 897
[4/17/2026 2:29:25 PM] [SUCCESS] 823554b8-cf94-455a-a650-2378c7a28892, 92
[4/17/2026 2:29:25 PM] [SUCCESS] ab6979ab-92e2-46bd-83e2-ef528056b0bc, 14
[4/17/2026 2:29:25 PM] [SUCCESS] 2228de43-53a1-4561-a0d6-bf03c1f54e34, 1183
[4/17/2026 2:29:25 PM] [SUCCESS] c1df5268-89b0-4841-a215-0a923169d629, 266
[4/17/2026 2:29:25 PM] [SUCCESS] ba037ade-3a73-46c1-b1ec-af2e16f446be, 1208
[4/17/2026 2:29:26 PM] [SUCCESS] 497371e7-dcff-4399-bc58-92d82edb3831, 17
[4/17/2026 2:29:26 PM] [SUCCESS] cb681b80-3119-4023-b11d-d06fda46d098, 177
[4/17/2026 2:29:26 PM] [SUCCESS] 519b748d-b9f9-4cb8-b08d-48e49b88c18a, 10
[4/17/2026 2:29:26 PM] [SUCCESS] 9c6986da-c9c9-446e-8b1b-5ce29205893a, 1052
[4/17/2026 2:29:26 PM] [SUCCESS] 53390053-9066-4f05-b84b-8e6570572f84, 885
[4/17/2026 2:29:26 PM] [SUCCESS] 58bf0c8d-608b-4b6a-b7c8-d0a7fd8a29eb, 100
[4/17/2026 2:29:26 PM] [SUCCESS] e230d25f-dcb4-4757-bf0a-44db975d1183, 14
[4/17/2026 2:29:26 PM] [SUCCESS] a3aef4dc-ab28-4a74-8bf4-d7b269a49ac2, 867
[4/17/2026 2:29:27 PM] [SUCCESS] 1817a799-98ba-47bf-93cc-ad9d869d723c, 771
[4/17/2026 2:29:27 PM] [SUCCESS] 77365438-2088-4756-8005-1615dbe29c25, 1146
[4/17/2026 2:29:27 PM] [SUCCESS] 4a5d9da0-30bc-4610-8e2e-15e7b24070c0, 1051
[4/17/2026 2:29:27 PM] [SUCCESS] 690dd6a7-32d2-40a3-9d84-bc9efa9bc012, 33
[4/17/2026 2:29:28 PM] [SUCCESS] 61af1b9d-70ab-472c-9e1b-f630b188a460, 662
[4/17/2026 2:29:28 PM] [SUCCESS] 21a0c19d-5947-44aa-ad27-71f7f40d7438, 333
[4/17/2026 2:29:28 PM] [SUCCESS] 0bd7da87-1f4b-4a9e-b74f-153ce1d90f2b, 701
[4/17/2026 2:29:28 PM] [SUCCESS] 3ebddca4-cd32-4c0e-a248-beb78b66111b, 77
[4/17/2026 2:29:28 PM] [SUCCESS] 38fa0f6d-ae0f-4e55-8ab9-637540bb9264, 1136
[4/17/2026 2:29:28 PM] [SUCCESS] e40d7530-d631-4ab9-afe9-e40144cc6019, 53
[4/17/2026 2:29:29 PM] [SUCCESS] 565edcef-7223-420e-95c0-a62ea704e29f, 87
[4/17/2026 2:29:29 PM] [SUCCESS] d0788226-962e-467c-a27c-b28876da745d, 525
[4/17/2026 2:29:29 PM] [SUCCESS] 15bf431f-b88b-433c-9bb0-b8079ce3e89e, 93
[4/17/2026 2:29:29 PM] [SUCCESS] 8624baa7-1f17-4637-b311-b5fdf7be2aeb, 708
[4/17/2026 2:29:30 PM] [SUCCESS] 9f2e9ce1-956a-4881-a545-1fe5c031f3a8, 1045
[4/17/2026 2:29:30 PM] [SUCCESS] 6d695395-4c5f-40c6-ba38-40768ecf07fc, 81
[4/17/2026 2:29:30 PM] [SUCCESS] 9c2b1ca0-39cf-4c99-8982-1d383336e705, 1208
[4/17/2026 2:29:30 PM] [SUCCESS] 49905981-c959-42e5-b0e2-37a13446b210, 187
[4/17/2026 2:29:31 PM] [FAILED (Attempt 1)] 0dea99c3-0b4c-4d2d-9853-3278b1fb9572, 0
[4/17/2026 2:29:31 PM] [SUCCESS] 043c2c3c-723d-4a9a-8f96-f1de16014fbf, 26
[4/17/2026 2:29:31 PM] [SUCCESS] 3290c7ea-999b-4004-841d-e0f2005e8403, 88
[4/17/2026 2:29:31 PM] [FAILED (Attempt 1)] 1e76764e-a5dd-413b-96f8-bb4a47d5fc89, 0
[4/17/2026 2:29:31 PM] [SUCCESS] e85a88d6-2bb7-4927-ba12-bd3cec441669, 118
[4/17/2026 2:29:31 PM] [SUCCESS] c4f392cd-11be-4d7a-b378-2e4215076380, 1179
[4/17/2026 2:29:32 PM] [SUCCESS] 4d35f457-ed69-4636-8c45-b5191604f66d, 29
[4/17/2026 2:29:32 PM] [SUCCESS] 145eeb02-53eb-4f51-9729-809c5ab8c6de, 322
[4/17/2026 2:29:32 PM] [SUCCESS] 9e81e492-1e5e-4ac4-957a-b362bbb5c53d, 22
[4/17/2026 2:29:32 PM] [SUCCESS] 1d3591b4-a6c8-4abd-bcbd-a7fcff0ff1a1, 79
[4/17/2026 2:29:32 PM] [SUCCESS] 35641f43-9bc9-4639-bc9d-2196cd3b021e, 69
[4/17/2026 2:29:33 PM] [SUCCESS] 3acd0867-7d01-4e86-8646-68ddf1855c5f, 938
[4/17/2026 2:29:33 PM] [FAILED (Attempt 1)] 2d496bcf-bdd2-4e7c-94cb-64c7572026e4, 0
[4/17/2026 2:29:33 PM] [FAILED (Attempt 2)] 0dea99c3-0b4c-4d2d-9853-3278b1fb9572, 0
[4/17/2026 2:29:33 PM] [SUCCESS] 3c4d3164-d611-4539-9f24-cb668f681b80, 90
[4/17/2026 2:29:33 PM] [SUCCESS] d8dc803a-3990-42e4-9ba3-c68603671207, 29
[4/17/2026 2:29:33 PM] [SUCCESS] 93edebce-7b45-4085-9d2d-31a9d858db23, 364
[4/17/2026 2:29:33 PM] [FAILED (Attempt 2)] 1e76764e-a5dd-413b-96f8-bb4a47d5fc89, 0
[4/17/2026 2:29:33 PM] [SUCCESS] 0104f976-2cac-4132-aef1-6fc9bcfda147, 34
[4/17/2026 2:29:34 PM] [SUCCESS] 44b14938-e49c-42a0-b8e9-70df19ad3bf9, 1112
[4/17/2026 2:29:34 PM] [SUCCESS] 7af37f8c-8d61-4927-8ca8-6937cdf4acc0, 3
[4/17/2026 2:29:34 PM] [SUCCESS] da2c4c5f-2f72-4efc-816a-0df9db29360c, 41
[4/17/2026 2:29:34 PM] [SUCCESS] 3b157048-5cbf-46d4-b2c8-618b821ac826, 786
[4/17/2026 2:29:34 PM] [FAILED (Attempt 1)] 40da024b-34ff-4ed3-9d2a-1ae17c19ac3b, 0
[4/17/2026 2:29:34 PM] [FAILED (Attempt 1)] a75a5180-9600-4c60-bf32-7c6c88162de2, 0
[4/17/2026 2:29:34 PM] [SUCCESS] 1a0de343-21b0-40b1-92d2-e14633e742aa, 88
[4/17/2026 2:29:34 PM] [SUCCESS] 345d2544-5381-4959-92f9-77682c53dc9e, 1113
[4/17/2026 2:29:35 PM] [FAILED (Attempt 2)] 2d496bcf-bdd2-4e7c-94cb-64c7572026e4, 0
[4/17/2026 2:29:35 PM] [FAILED (Attempt 3)] 0dea99c3-0b4c-4d2d-9853-3278b1fb9572, 0
[4/17/2026 2:29:35 PM] [ABORT] 0dea99c3-0b4c-4d2d-9853-3278b1fb9572, 0
[4/17/2026 2:29:35 PM] [FAILED (Attempt 1)] 80933386-0964-4bf8-a628-c4c3eeac27ee, 0
[4/17/2026 2:29:35 PM] [SUCCESS] 1914cf37-9474-4596-ad2a-0e6637b721cc, 13
[4/17/2026 2:29:35 PM] [SUCCESS] 76f8f72e-fef6-4057-a1d1-d29d05e5f34c, 873
[4/17/2026 2:29:35 PM] [FAILED (Attempt 3)] 1e76764e-a5dd-413b-96f8-bb4a47d5fc89, 0
[4/17/2026 2:29:35 PM] [ABORT] 1e76764e-a5dd-413b-96f8-bb4a47d5fc89, 0
[4/17/2026 2:29:35 PM] [SUCCESS] 5b9fb864-55bf-4398-a23c-f722e8d7011c, 985
[4/17/2026 2:29:35 PM] [SUCCESS] e3df5f98-271f-45d3-a777-281973ec0c09, 383
[4/17/2026 2:29:36 PM] [SUCCESS] 90fb311a-ccc6-4107-9947-43bc9650ee74, 514
[4/17/2026 2:29:36 PM] [FAILED (Attempt 1)] 25866bf3-ca23-494c-8958-cec8aced92c0, 0
[4/17/2026 2:29:36 PM] [SUCCESS] 51e35437-85b7-4e50-b1dc-dde5848adc4f, 96
[4/17/2026 2:29:36 PM] [FAILED (Attempt 2)] 40da024b-34ff-4ed3-9d2a-1ae17c19ac3b, 0
[4/17/2026 2:29:36 PM] [FAILED (Attempt 2)] a75a5180-9600-4c60-bf32-7c6c88162de2, 0
[4/17/2026 2:29:36 PM] [SUCCESS] 181b96bc-aadb-4b7c-bc36-50d05f4afe97, 6
[4/17/2026 2:29:36 PM] [SUCCESS] d85f9427-e6b1-4bdd-aa2e-6407552860c5, 667
[4/17/2026 2:29:37 PM] [SUCCESS] cf7e0e0d-f904-4d46-8d9c-bff9e386a272, 1112
[4/17/2026 2:29:37 PM] [SUCCESS] 909f9a8a-b1f1-4293-86ae-044c45574913, 73
[4/17/2026 2:29:37 PM] [SUCCESS] 6aa58b14-4e8c-4372-a274-2e60f8c064eb, 529
[4/17/2026 2:29:37 PM] [FAILED (Attempt 3)] 2d496bcf-bdd2-4e7c-94cb-64c7572026e4, 0
[4/17/2026 2:29:37 PM] [ABORT] 2d496bcf-bdd2-4e7c-94cb-64c7572026e4, 0
[4/17/2026 2:29:37 PM] [SUCCESS] 6b0f982e-c21f-41bc-9812-31bdf08bff0a, 924
[4/17/2026 2:29:37 PM] [FAILED (Attempt 2)] 80933386-0964-4bf8-a628-c4c3eeac27ee, 0
[4/17/2026 2:29:37 PM] [SUCCESS] b29d859a-29dd-42a7-ad44-a04bc4e6adcd, 738
[4/17/2026 2:29:37 PM] [SUCCESS] 99f1771e-7a42-4537-a545-d55afd720524, 880
[4/17/2026 2:29:37 PM] [SUCCESS] 3914e79b-cf54-4c7d-a1ec-84748eed3e1c, 618
[4/17/2026 2:29:37 PM] [SUCCESS] 33860d05-75c5-46e1-9f31-3f6ddc0f3e30, 172
[4/17/2026 2:29:38 PM] [SUCCESS] 2c9c5b0e-34bb-4b2f-88b3-ddcb5724a448, 739
[4/17/2026 2:29:38 PM] [FAILED (Attempt 2)] 25866bf3-ca23-494c-8958-cec8aced92c0, 0
[4/17/2026 2:29:38 PM] [FAILED (Attempt 3)] 40da024b-34ff-4ed3-9d2a-1ae17c19ac3b, 0
[4/17/2026 2:29:38 PM] [ABORT] 40da024b-34ff-4ed3-9d2a-1ae17c19ac3b, 0
[4/17/2026 2:29:38 PM] [FAILED (Attempt 3)] a75a5180-9600-4c60-bf32-7c6c88162de2, 0
[4/17/2026 2:29:38 PM] [ABORT] a75a5180-9600-4c60-bf32-7c6c88162de2, 0
[4/17/2026 2:29:38 PM] [SUCCESS] 2e4c2d33-6923-4c18-a38b-707a7e556b9d, 66
[4/17/2026 2:29:39 PM] [FAILED (Attempt 3)] 80933386-0964-4bf8-a628-c4c3eeac27ee, 0
[4/17/2026 2:29:39 PM] [ABORT] 80933386-0964-4bf8-a628-c4c3eeac27ee, 0
[4/17/2026 2:29:39 PM] [SUCCESS] 8207a9c4-efe9-4c3f-8ca7-6b24af11293d, 705
[4/17/2026 2:29:39 PM] [SUCCESS] 56a585ab-95da-423a-9504-56e0820cb94f, 15
[4/17/2026 2:29:39 PM] [SUCCESS] 96c1a6fd-dff4-486a-af0f-0ad339ae46e2, 92
[4/17/2026 2:29:39 PM] [SUCCESS] 5f6ffb23-8f55-4eab-841d-6497f4a13cc0, 77
[4/17/2026 2:29:40 PM] [SUCCESS] 2b4061e9-c0ec-4ad3-82b9-ab78dbe4a3f2, 986
[4/17/2026 2:29:40 PM] [FAILED (Attempt 3)] 25866bf3-ca23-494c-8958-cec8aced92c0, 0
[4/17/2026 2:29:40 PM] [ABORT] 25866bf3-ca23-494c-8958-cec8aced92c0, 0
[4/17/2026 2:29:40 PM] [SUCCESS] ee5156c7-54c3-4145-a3ff-591f431fcf65, 494
[4/17/2026 2:29:40 PM] [SUCCESS] 395afb57-b330-425b-ab30-5ad776ba358e, 35
[4/17/2026 2:29:40 PM] [SUCCESS] 962a853a-4a39-444c-9cad-02e78718abd1, 1202
[4/17/2026 2:29:40 PM] [SUCCESS] ba4af479-95e9-4df3-a963-8721fac4dbe4, 66
[4/17/2026 2:29:40 PM] [SUCCESS] 6599b912-033d-406b-a066-8ce4b3650698, 689
[4/17/2026 2:29:41 PM] [FAILED (Attempt 1)] a4dee4f3-a57c-4dc7-a1f8-837f3f905af9, 0
[4/17/2026 2:29:41 PM] [SUCCESS] 842253ad-dcde-43ff-8bfc-34c31bf01683, 852
[4/17/2026 2:29:41 PM] [FAILED (Attempt 1)] 725839de-f1d7-4ae2-8772-b6fce4574fd2, 0
[4/17/2026 2:29:41 PM] [SUCCESS] 0e6746cb-4844-477b-96d4-effd562ad286, 16
[4/17/2026 2:29:41 PM] [SUCCESS] e127f28b-d185-46ca-a559-9a5310920afc, 699
[4/17/2026 2:29:41 PM] [SUCCESS] cfaeb832-ded8-43db-bc37-016d86b7def3, 8
[4/17/2026 2:29:41 PM] [SUCCESS] f83cd9d4-8235-409d-8a19-d48745d882df, 12
[4/17/2026 2:29:41 PM] [SUCCESS] c6c40809-ceda-4081-8f53-f9ea24b8e129, 803
[4/17/2026 2:29:42 PM] [SUCCESS] dfffe628-aaf0-4076-b143-88a6021614f2, 7
[4/17/2026 2:29:42 PM] [SUCCESS] e60257e8-9bce-4533-b62a-cf514ccb6323, 753
[4/17/2026 2:29:42 PM] [SUCCESS] e9a0f86a-68dd-4011-94df-3eac7ba17d34, 943
[4/17/2026 2:29:43 PM] [FAILED (Attempt 2)] a4dee4f3-a57c-4dc7-a1f8-837f3f905af9, 0
[4/17/2026 2:29:43 PM] [FAILED (Attempt 2)] 725839de-f1d7-4ae2-8772-b6fce4574fd2, 0
[4/17/2026 2:29:43 PM] [SUCCESS] 9d915863-15f7-41a2-99a1-c0e066822285, 83
[4/17/2026 2:29:43 PM] [SUCCESS] c9cbe9a8-54f1-4a2b-952a-f6d4e93728b0, 708
[4/17/2026 2:29:43 PM] [SUCCESS] f185b85d-039f-41de-bc93-29aa84a3619d, 52
[4/17/2026 2:29:43 PM] [SUCCESS] 7f18e228-1f32-4426-a48e-90284af9de9b, 680
[4/17/2026 2:29:44 PM] [SUCCESS] 8f34706f-48b9-4b35-8342-dc99cc89cbdd, 73
[4/17/2026 2:29:44 PM] [SUCCESS] a470cefd-f8fb-444f-9b7c-09dcfcdf2cf3, 40
[4/17/2026 2:29:44 PM] [FAILED (Attempt 1)] 5f20584f-822c-4c22-9d15-6c5bafd4f865, 0
[4/17/2026 2:29:44 PM] [SUCCESS] 1eb43030-34eb-404d-90ae-b8d6150e583a, 674
[4/17/2026 2:29:45 PM] [SUCCESS] 1c14e450-80e0-4643-a0c4-7cd181c33368, 617
[4/17/2026 2:29:45 PM] [SUCCESS] 09800efa-4a22-4996-bdc3-cfcfb66c2ff1, 70
[4/17/2026 2:29:45 PM] [FAILED (Attempt 3)] a4dee4f3-a57c-4dc7-a1f8-837f3f905af9, 0
[4/17/2026 2:29:45 PM] [ABORT] a4dee4f3-a57c-4dc7-a1f8-837f3f905af9, 0
[4/17/2026 2:29:45 PM] [FAILED (Attempt 3)] 725839de-f1d7-4ae2-8772-b6fce4574fd2, 0
[4/17/2026 2:29:45 PM] [ABORT] 725839de-f1d7-4ae2-8772-b6fce4574fd2, 0
[4/17/2026 2:29:45 PM] [FAILED (Attempt 1)] 81f2236f-8f27-4b68-94c2-66c939b4095b, 0
[4/17/2026 2:29:45 PM] [SUCCESS] 888136a3-4bda-410b-905b-f659e5735fc5, 75
[4/17/2026 2:29:45 PM] [SUCCESS] cf3acdfa-ddb7-423b-acfc-1c86b3647d89, 87
[4/17/2026 2:29:45 PM] [SUCCESS] 6e18b1dd-f310-48a1-85bf-c4cb5ac99044, 8
[4/17/2026 2:29:46 PM] [SUCCESS] 376fffbf-5e79-4eb9-bb7a-19007c659f86, 25
[4/17/2026 2:29:46 PM] [SUCCESS] 91b775ee-5363-4fa2-b757-8fe37e037cf4, 59
[4/17/2026 2:29:46 PM] [SUCCESS] ed7b343d-d3dd-4d5b-87e3-2c2d7469d30d, 74
[4/17/2026 2:29:46 PM] [SUCCESS] 93124891-b302-43b2-be74-addf8c4a09f7, 1092
[4/17/2026 2:29:46 PM] [FAILED (Attempt 2)] 5f20584f-822c-4c22-9d15-6c5bafd4f865, 0
[4/17/2026 2:29:46 PM] [SUCCESS] 23ba7271-e867-4e1a-8b06-71fa1ec3283e, 742
[4/17/2026 2:29:47 PM] [SUCCESS] 49056427-5413-49fe-9c9b-a194df7d047a, 56
[4/17/2026 2:29:47 PM] [SUCCESS] e64b8ca9-7d40-4c0d-9c8b-65656c3bdbdb, 639
[4/17/2026 2:29:47 PM] [FAILED (Attempt 2)] 81f2236f-8f27-4b68-94c2-66c939b4095b, 0
[4/17/2026 2:29:47 PM] [FAILED (Attempt 1)] 8062c535-263f-4cbc-9094-047094b79647, 0
[4/17/2026 2:29:47 PM] [SUCCESS] a6ff2101-3916-40cd-b203-1bf39ddebe82, 309
[4/17/2026 2:29:48 PM] [SUCCESS] 8b6f0fc6-bb3b-4c3d-a6a9-2f4bb40a901a, 448
[4/17/2026 2:29:48 PM] [SUCCESS] 823129b8-b826-4582-87f1-7794db59933f, 106
[4/17/2026 2:29:48 PM] [SUCCESS] e9ab47fd-9db3-4318-9800-bdbd8de17440, 365
[4/17/2026 2:29:48 PM] [SUCCESS] 74eeea10-c810-44be-b35e-9163f6b4e5ae, 993
[4/17/2026 2:29:48 PM] [FAILED (Attempt 3)] 5f20584f-822c-4c22-9d15-6c5bafd4f865, 0
[4/17/2026 2:29:48 PM] [ABORT] 5f20584f-822c-4c22-9d15-6c5bafd4f865, 0
[4/17/2026 2:29:48 PM] [SUCCESS] e95e324a-b894-42da-982b-4ca67bc0cd2f, 901
[4/17/2026 2:29:49 PM] [FAILED (Attempt 1)] 33ed9116-ee6d-4628-b5ab-fad6d7686ffd, 0
[4/17/2026 2:29:49 PM] [FAILED (Attempt 3)] 81f2236f-8f27-4b68-94c2-66c939b4095b, 0
[4/17/2026 2:29:49 PM] [ABORT] 81f2236f-8f27-4b68-94c2-66c939b4095b, 0
[4/17/2026 2:29:49 PM] [FAILED (Attempt 2)] 8062c535-263f-4cbc-9094-047094b79647, 0
[4/17/2026 2:29:49 PM] [SUCCESS] fb77e810-bc72-4740-8538-c242f5538c98, 600
[4/17/2026 2:29:49 PM] [FAILED (Attempt 1)] c511f8e7-5771-42ce-a5b1-de1c62ddebe9, 0
[4/17/2026 2:29:50 PM] [SUCCESS] 8ce1e8c3-c7ed-448b-874a-d41e8546fdb3, 756
[4/17/2026 2:29:50 PM] [SUCCESS] 36d50886-206e-4d8c-b377-a0c49f7f7c3c, 67
[4/17/2026 2:29:50 PM] [SUCCESS] 987516fe-f858-4005-a6e6-65a7cd14bcfc, 590
[4/17/2026 2:29:50 PM] [SUCCESS] d2d38b59-f657-45dc-a306-c255fe5ecd78, 73
[4/17/2026 2:29:50 PM] [SUCCESS] 37b92b28-7501-461d-93c5-b022621ef5dc, 91
[4/17/2026 2:29:50 PM] [SUCCESS] d361f9cf-c0a9-4fd4-983d-133973a418a7, 1031
[4/17/2026 2:29:51 PM] [FAILED (Attempt 2)] 33ed9116-ee6d-4628-b5ab-fad6d7686ffd, 0
[4/17/2026 2:29:51 PM] [SUCCESS] 8362b622-236d-4bbb-bcea-b2d0b80bd99f, 40
[4/17/2026 2:29:51 PM] [FAILED (Attempt 1)] 6a821454-18a7-4433-b2bc-10413dda73c6, 0
[4/17/2026 2:29:51 PM] [SUCCESS] dc6ea10a-2fa3-4cf7-880c-e4a80f9e376c, 637
[4/17/2026 2:29:51 PM] [SUCCESS] ae8fd085-8b67-4fa7-ba32-b19f9c4305ac, 96
[4/17/2026 2:29:51 PM] [SUCCESS] 04c8801d-295c-4642-b382-b2b185f6a8a8, 42
[4/17/2026 2:29:51 PM] [FAILED (Attempt 3)] 8062c535-263f-4cbc-9094-047094b79647, 0
[4/17/2026 2:29:51 PM] [ABORT] 8062c535-263f-4cbc-9094-047094b79647, 0
[4/17/2026 2:29:51 PM] [FAILED (Attempt 2)] c511f8e7-5771-42ce-a5b1-de1c62ddebe9, 0
[4/17/2026 2:29:51 PM] [SUCCESS] b48f181a-50ab-432a-9bfa-f04cc0777edd, 698
[4/17/2026 2:29:51 PM] [SUCCESS] 32ff98c0-6b3d-48da-a7b1-918839762ba5, 1193
[4/17/2026 2:29:52 PM] [SUCCESS] 1ebfec70-fa6d-4d6b-bcf3-db5f8d037600, 952
[4/17/2026 2:29:52 PM] [SUCCESS] 23e10fdb-86d5-425a-b789-6cf8840563f3, 1178
[4/17/2026 2:29:52 PM] [SUCCESS] 13d102f1-e71c-4fb2-85af-9866e2cf1483, 842
[4/17/2026 2:29:52 PM] [SUCCESS] b1a7c85c-62cd-4355-a034-4802e9dba64b, 36
[4/17/2026 2:29:53 PM] [FAILED (Attempt 3)] 33ed9116-ee6d-4628-b5ab-fad6d7686ffd, 0
[4/17/2026 2:29:53 PM] [ABORT] 33ed9116-ee6d-4628-b5ab-fad6d7686ffd, 0
[4/17/2026 2:29:53 PM] [FAILED (Attempt 2)] 6a821454-18a7-4433-b2bc-10413dda73c6, 0
[4/17/2026 2:29:53 PM] [FAILED (Attempt 3)] c511f8e7-5771-42ce-a5b1-de1c62ddebe9, 0
[4/17/2026 2:29:53 PM] [ABORT] c511f8e7-5771-42ce-a5b1-de1c62ddebe9, 0
[4/17/2026 2:29:53 PM] [SUCCESS] 057529a9-23d7-4428-8e29-c0e7d93a6447, 40
[4/17/2026 2:29:54 PM] [FAILED (Attempt 1)] ea7f9b4f-ab77-4d43-8c6e-49cd905169df, 0
[4/17/2026 2:29:54 PM] [SUCCESS] 8b6b447b-fb40-4488-b909-09bf62a467d8, 638
[4/17/2026 2:29:54 PM] [SUCCESS] 885e99b9-6211-4c31-a352-c7485b9d6683, 7
[4/17/2026 2:29:54 PM] [SUCCESS] 63f8da11-3a43-4bae-a4d0-5bec5a00abae, 852
[4/17/2026 2:29:55 PM] [SUCCESS] 7d29b220-bbd3-4588-bdd2-0ca26c6a2fa3, 63
[4/17/2026 2:29:55 PM] [FAILED (Attempt 1)] 15711faa-155e-4974-88d1-d9659a079fb2, 0
[4/17/2026 2:29:55 PM] [SUCCESS] 98890aed-aaea-4b87-850e-be85a03b2a53, 513
[4/17/2026 2:29:55 PM] [FAILED (Attempt 3)] 6a821454-18a7-4433-b2bc-10413dda73c6, 0
[4/17/2026 2:29:55 PM] [ABORT] 6a821454-18a7-4433-b2bc-10413dda73c6, 0
[4/17/2026 2:29:55 PM] [SUCCESS] 333fb26c-1204-43dd-86be-11d2047be093, 345
[4/17/2026 2:29:55 PM] [SUCCESS] edcfa45c-2bb8-4fae-b0c7-38f56407b5cd, 21
[4/17/2026 2:29:55 PM] [FAILED (Attempt 1)] 413e67e5-1f49-4250-b8b1-b33bc724a866, 0
[4/17/2026 2:29:55 PM] [SUCCESS] 215f5581-a683-450f-a763-e46cca2a8c69, 963
[4/17/2026 2:29:55 PM] [FAILED (Attempt 1)] 30463dff-7a69-4638-b1fc-077ed312075b, 0
[4/17/2026 2:29:55 PM] [SUCCESS] 38e87dc2-952d-47a4-a069-21e9f7abffe6, 69
[4/17/2026 2:29:56 PM] [FAILED (Attempt 2)] ea7f9b4f-ab77-4d43-8c6e-49cd905169df, 0
[4/17/2026 2:29:56 PM] [SUCCESS] e402ec67-1922-4048-bd12-58c87db0ffb0, 32
[4/17/2026 2:29:56 PM] [SUCCESS] 668719ca-8a7b-4c7b-90cc-2210ee27518a, 819
[4/17/2026 2:29:56 PM] [SUCCESS] 75deee46-3845-4498-b318-9ced6b9906d4, 763
[4/17/2026 2:29:56 PM] [SUCCESS] 18657404-4259-4f34-9855-7b20ed77ca69, 1183
[4/17/2026 2:29:56 PM] [SUCCESS] 132e600c-e2d5-4080-b70c-54e9f32310d7, 975
[4/17/2026 2:29:56 PM] [SUCCESS] 0233c1cd-c7de-4999-87bf-82196124717b, 1144
[4/17/2026 2:29:57 PM] [FAILED (Attempt 2)] 15711faa-155e-4974-88d1-d9659a079fb2, 0
[4/17/2026 2:29:57 PM] [SUCCESS] 3f853f98-2032-4a89-b155-26daa063b4cf, 474
[4/17/2026 2:29:57 PM] [FAILED (Attempt 1)] 92e806a0-66a9-42c0-93fc-31462e637f85, 0
[4/17/2026 2:29:57 PM] [FAILED (Attempt 2)] 413e67e5-1f49-4250-b8b1-b33bc724a866, 0
[4/17/2026 2:29:57 PM] [FAILED (Attempt 2)] 30463dff-7a69-4638-b1fc-077ed312075b, 0
[4/17/2026 2:29:57 PM] [SUCCESS] cc552c88-bad4-4946-bf46-8a71872d8ed2, 11
[4/17/2026 2:29:58 PM] [FAILED (Attempt 3)] ea7f9b4f-ab77-4d43-8c6e-49cd905169df, 0
[4/17/2026 2:29:58 PM] [ABORT] ea7f9b4f-ab77-4d43-8c6e-49cd905169df, 0
[4/17/2026 2:29:58 PM] [FAILED (Attempt 1)] 4150744e-398c-40c7-8951-bad133615c20, 0
[4/17/2026 2:29:58 PM] [SUCCESS] 7588c6b6-3e43-4b94-9623-e84e1dc35dc7, 935
[4/17/2026 2:29:58 PM] [SUCCESS] 4b0cf38d-24ec-4c9a-9a6f-d9d60d2bdf0b, 91
[4/17/2026 2:29:58 PM] [SUCCESS] 290c0898-aca5-436e-a214-c3b6447859bb, 869
[4/17/2026 2:29:58 PM] [SUCCESS] ac4781c0-ad08-4c71-802f-5ea5341b2360, 23
[4/17/2026 2:29:59 PM] [FAILED (Attempt 3)] 15711faa-155e-4974-88d1-d9659a079fb2, 0
[4/17/2026 2:29:59 PM] [ABORT] 15711faa-155e-4974-88d1-d9659a079fb2, 0
[4/17/2026 2:29:59 PM] [SUCCESS] aa529821-4944-4ed0-bec9-41104cda0909, 18
[4/17/2026 2:29:59 PM] [FAILED (Attempt 2)] 92e806a0-66a9-42c0-93fc-31462e637f85, 0
[4/17/2026 2:29:59 PM] [SUCCESS] 370b336f-cd5f-47ba-a289-b1754f37cdad, 326
[4/17/2026 2:29:59 PM] [FAILED (Attempt 3)] 413e67e5-1f49-4250-b8b1-b33bc724a866, 0
[4/17/2026 2:29:59 PM] [ABORT] 413e67e5-1f49-4250-b8b1-b33bc724a866, 0
[4/17/2026 2:29:59 PM] [FAILED (Attempt 1)] a8f4cf07-a528-409e-9178-f468c5c9a481, 0
[4/17/2026 2:29:59 PM] [FAILED (Attempt 1)] 98cd0437-1ad4-41c6-b0f8-079bf2692ec6, 0
[4/17/2026 2:29:59 PM] [FAILED (Attempt 3)] 30463dff-7a69-4638-b1fc-077ed312075b, 0
[4/17/2026 2:29:59 PM] [ABORT] 30463dff-7a69-4638-b1fc-077ed312075b, 0
[4/17/2026 2:30:00 PM] [FAILED (Attempt 2)] 4150744e-398c-40c7-8951-bad133615c20, 0
[4/17/2026 2:30:00 PM] [SUCCESS] 6e3db563-1481-4c23-acd3-ae96032e7f45, 393
[4/17/2026 2:30:00 PM] [SUCCESS] 5ae84d75-8ed1-4b75-98b9-048be637ab14, 653
[4/17/2026 2:30:00 PM] [SUCCESS] 5b55d092-70da-47d6-ab71-b1e6dffc0660, 43
[4/17/2026 2:30:00 PM] [SUCCESS] bcb13c7f-da9f-48e8-8d0b-8046bcc6d492, 94
[4/17/2026 2:30:00 PM] [SUCCESS] 67422bc2-3b93-4686-a8f0-52bd47d519eb, 549
[4/17/2026 2:30:01 PM] [SUCCESS] b25055c4-7186-4cab-840e-71d685aae4d3, 14
[4/17/2026 2:30:01 PM] [SUCCESS] fd9cdc12-0744-4bc4-a7dc-d6fb497ed4f7, 58
[4/17/2026 2:30:01 PM] [SUCCESS] 4bb9d935-2d11-4113-a9e9-f17648555187, 94
[4/17/2026 2:30:01 PM] [FAILED (Attempt 3)] 92e806a0-66a9-42c0-93fc-31462e637f85, 0
[4/17/2026 2:30:01 PM] [ABORT] 92e806a0-66a9-42c0-93fc-31462e637f85, 0
[4/17/2026 2:30:01 PM] [SUCCESS] 6b715476-3a81-4f33-90ff-086f5e966cb1, 38
[4/17/2026 2:30:01 PM] [SUCCESS] 7c390c0d-5f5d-4726-bef3-4a4b6f540e8d, 15
[4/17/2026 2:30:01 PM] [SUCCESS] e90e7ab2-9c65-4357-b59e-d950571ad7ae, 69
[4/17/2026 2:30:01 PM] [FAILED (Attempt 2)] a8f4cf07-a528-409e-9178-f468c5c9a481, 0
[4/17/2026 2:30:01 PM] [FAILED (Attempt 2)] 98cd0437-1ad4-41c6-b0f8-079bf2692ec6, 0
[4/17/2026 2:30:01 PM] [SUCCESS] 283d2b2a-ef50-488a-aef8-8e216eea93ba, 922
[4/17/2026 2:30:01 PM] [SUCCESS] 0cc0e029-4671-4774-a83c-2ae3e2bdbd97, 25
[4/17/2026 2:30:02 PM] [FAILED (Attempt 3)] 4150744e-398c-40c7-8951-bad133615c20, 0
[4/17/2026 2:30:02 PM] [ABORT] 4150744e-398c-40c7-8951-bad133615c20, 0
[4/17/2026 2:30:02 PM] [SUCCESS] 05366072-9b68-497f-af44-4eca5767ac0d, 652
[4/17/2026 2:30:02 PM] [SUCCESS] 95ff3ec3-f230-4945-ae7e-d01d899855c6, 847
[4/17/2026 2:30:02 PM] [SUCCESS] 10a8f6f1-9ed9-40d4-8bb2-67dbc5c8a23c, 64
[4/17/2026 2:30:03 PM] [SUCCESS] e4a46ba7-c44c-4027-8013-bcb9aa4cf69c, 13
[4/17/2026 2:30:03 PM] [SUCCESS] 172cbde6-a14c-4574-b3fa-4b062ed56af1, 5
[4/17/2026 2:30:03 PM] [SUCCESS] 23187404-8b83-4f35-9608-e331f5b3e995, 892
[4/17/2026 2:30:03 PM] [SUCCESS] 02266bc6-e100-4f9a-9aba-1d827b6930ab, 1
[4/17/2026 2:30:03 PM] [FAILED (Attempt 1)] 77fc9bc1-a9e8-487e-b29b-9c453a89372a, 0
[4/17/2026 2:30:03 PM] [FAILED (Attempt 3)] a8f4cf07-a528-409e-9178-f468c5c9a481, 0
[4/17/2026 2:30:03 PM] [ABORT] a8f4cf07-a528-409e-9178-f468c5c9a481, 0
[4/17/2026 2:30:03 PM] [FAILED (Attempt 3)] 98cd0437-1ad4-41c6-b0f8-079bf2692ec6, 0
[4/17/2026 2:30:03 PM] [ABORT] 98cd0437-1ad4-41c6-b0f8-079bf2692ec6, 0
[4/17/2026 2:30:04 PM] [SUCCESS] 3c3cada8-aa17-42b0-b5e8-a989b118c976, 730
[4/17/2026 2:30:04 PM] [SUCCESS] 0b513347-c56f-4b5c-8553-28fbbef6889e, 86
[4/17/2026 2:30:04 PM] [SUCCESS] c04057bb-a6b7-48b3-9070-c746fe3451bd, 415
[4/17/2026 2:30:04 PM] [SUCCESS] eae0029c-50e4-40db-a2fc-3bc659cf4db7, 1055
[4/17/2026 2:30:04 PM] [SUCCESS] 124daeaa-dbc8-4c35-8360-7d641855c548, 59
[4/17/2026 2:30:04 PM] [SUCCESS] ee627a4d-c81f-4dd4-a977-b52eb0801734, 64
[4/17/2026 2:30:04 PM] [SUCCESS] 6edff82a-6c4d-421e-9f1e-7e5c961718f3, 50
[4/17/2026 2:30:04 PM] [SUCCESS] 99776a88-1ae0-4203-84e8-afc3432d77a9, 580
[4/17/2026 2:30:04 PM] [SUCCESS] e5ea1e5c-4552-4421-9a99-6946f4828453, 548
[4/17/2026 2:30:05 PM] [SUCCESS] b83c41c3-21b9-421b-81b7-5edd3c632fad, 52
[4/17/2026 2:30:05 PM] [SUCCESS] d33645f1-cb99-4771-8afa-2c2369364a71, 1069
[4/17/2026 2:30:05 PM] [SUCCESS] 8d8a084e-7b15-4810-8b55-fa43e8916932, 48
[4/17/2026 2:30:05 PM] [SUCCESS] 4eb8a465-438c-4c23-b46c-833e2743f139, 480
[4/17/2026 2:30:05 PM] [FAILED (Attempt 2)] 77fc9bc1-a9e8-487e-b29b-9c453a89372a, 0
[4/17/2026 2:30:05 PM] [SUCCESS] 7185ab74-21aa-47fe-b5c5-446c3b3c1173, 491
[4/17/2026 2:30:05 PM] [SUCCESS] fe792a43-a454-425b-9f98-e29aa91d2242, 96
[4/17/2026 2:30:06 PM] [SUCCESS] 24547442-6a27-4e4b-9245-cb6c741870ab, 1006
[4/17/2026 2:30:06 PM] [SUCCESS] b60a6dcf-cce2-4bca-8d1f-c8429682d670, 134
[4/17/2026 2:30:06 PM] [SUCCESS] 7b5fa20a-6e34-455b-a259-bbdd20747c7b, 230
[4/17/2026 2:30:06 PM] [SUCCESS] ee9ea8be-d35a-412f-a417-fb35b7607c17, 46
[4/17/2026 2:30:07 PM] [SUCCESS] 1720656a-957b-4e7e-8f94-f4d5cae6aa67, 876
[4/17/2026 2:30:07 PM] [SUCCESS] 65325910-f2bc-44d8-a980-d45541ddf903, 66
[4/17/2026 2:30:07 PM] [SUCCESS] 76676c6b-da54-42f9-a13d-22c31100c16c, 397
[4/17/2026 2:30:07 PM] [SUCCESS] 78aa50b2-55cb-486f-a981-7559b6864bc6, 732
[4/17/2026 2:30:07 PM] [FAILED (Attempt 3)] 77fc9bc1-a9e8-487e-b29b-9c453a89372a, 0
[4/17/2026 2:30:07 PM] [ABORT] 77fc9bc1-a9e8-487e-b29b-9c453a89372a, 0
[4/17/2026 2:30:07 PM] [SUCCESS] a3ce98f3-c578-4b79-92bb-8f9002f62331, 16
[4/17/2026 2:30:08 PM] [SUCCESS] b82dc2dd-0ec3-4655-ac90-26ed03c92572, 657
[4/17/2026 2:30:08 PM] [SUCCESS] 470ab8bd-1d2b-428f-8c2d-13d9bbdb57d9, 1154
[4/17/2026 2:30:08 PM] [SUCCESS] 643ed095-e76c-4f85-a2e5-d4087166e9c9, 603
[4/17/2026 2:30:08 PM] [SUCCESS] 4904880e-fd4a-40a8-9f88-302c612fd40e, 730
[4/17/2026 2:30:08 PM] [SUCCESS] 9a13d446-45f9-4286-8de4-577ef5f2b967, 892
[4/17/2026 2:30:09 PM] [SUCCESS] 0940116e-4e77-45f1-9e9a-cfd87fb4817d, 81
[4/17/2026 2:30:09 PM] [SUCCESS] 0db38d71-3afe-45f0-8f2c-ad19dd0c481d, 319
[4/17/2026 2:30:09 PM] [SUCCESS] ab3bf9f6-af0d-461d-84be-bf12ffeb507a, 60
[4/17/2026 2:30:09 PM] [SUCCESS] eae0645b-04f8-471c-892e-edc29ccb0d08, 1078
[4/17/2026 2:30:10 PM] [SUCCESS] f92d2457-8d90-4ee5-9903-16cb2756a283, 856
[4/17/2026 2:30:10 PM] [SUCCESS] 0160b896-75b2-4881-8564-b2c4d7ccd1ec, 14
[4/17/2026 2:30:10 PM] [SUCCESS] f5594a9e-20b5-4d08-ba1a-eeba83deeb1a, 132
[4/17/2026 2:30:10 PM] [SUCCESS] 4787e293-06df-4d82-bdf4-e1030cbc8421, 55
[4/17/2026 2:30:10 PM] [SUCCESS] b2a40191-b71c-4af7-b917-87cb84176c42, 344
[4/17/2026 2:30:10 PM] [SUCCESS] 35564474-81ae-49cb-87eb-31c6e4549234, 869
[4/17/2026 2:30:11 PM] [SUCCESS] 48d49a9e-a516-4048-bb4a-7484e325a994, 867
[4/17/2026 2:30:11 PM] [SUCCESS] 24dd1339-15cd-42ea-b236-d218b8ee7292, 464
[4/17/2026 2:30:11 PM] [SUCCESS] 80cd0cd0-8f1b-4f43-bd52-b2bd471efc0e, 721
[4/17/2026 2:30:11 PM] [SUCCESS] 07275510-eb83-481d-81bf-100bc5a16e6c, 95
[4/17/2026 2:30:11 PM] [FAILED (Attempt 1)] 83797b5b-d33d-4970-abf6-92ecda29db8e, 0
[4/17/2026 2:30:12 PM] [SUCCESS] 2c4a62d5-048e-43b0-af1f-9526d7cc0875, 514
[4/17/2026 2:30:12 PM] [SUCCESS] 929306f1-5e9b-46c2-8ee4-e7e708599ff2, 391
[4/17/2026 2:30:12 PM] [SUCCESS] 5f75900f-aa9b-4849-83b6-2ee4c2e7871f, 26
[4/17/2026 2:30:12 PM] [SUCCESS] d1fe5a13-1359-451d-a8a6-48fd102c1438, 5
[4/17/2026 2:30:13 PM] [SUCCESS] 22f8e209-c3ba-489a-aadd-ef89ffdb994e, 157
[4/17/2026 2:30:13 PM] [SUCCESS] b41e956d-9b99-45d7-bf92-3d4d85dbea74, 293
[4/17/2026 2:30:13 PM] [SUCCESS] 4b3daa1d-b4dd-4bea-9c39-309428290bb9, 658
[4/17/2026 2:30:13 PM] [SUCCESS] 8c1b140f-b92d-4d7e-84b2-55dfc4a0fc7f, 640
[4/17/2026 2:30:13 PM] [FAILED (Attempt 2)] 83797b5b-d33d-4970-abf6-92ecda29db8e, 0
[4/17/2026 2:30:13 PM] [SUCCESS] d9407b13-58d2-41ea-b250-b4826d99f658, 78
[4/17/2026 2:30:13 PM] [SUCCESS] 3aac4ecb-3306-41f6-b56b-08f4ee62a8cf, 44
[4/17/2026 2:30:14 PM] [SUCCESS] 4ab1ae2e-65e5-4edd-a585-f61bda1a375a, 610
[4/17/2026 2:30:14 PM] [SUCCESS] 73082672-4ff6-46ab-af32-580ae97283df, 924
[4/17/2026 2:30:14 PM] [SUCCESS] fc0823d1-1ad0-46a2-abba-563c95540f5f, 23
[4/17/2026 2:30:14 PM] [SUCCESS] 2193123a-86c7-49d8-a0de-7612e3131df7, 698
[4/17/2026 2:30:14 PM] [SUCCESS] cd9dac22-fa79-4866-9d98-9c5a6bd53467, 83
[4/17/2026 2:30:15 PM] [FAILED (Attempt 1)] cfd68d67-d22c-49ad-9577-70866cdc6b51, 0
[4/17/2026 2:30:15 PM] [SUCCESS] 085af43a-8e39-49d0-9c3f-4eb54dae50d4, 13
[4/17/2026 2:30:15 PM] [SUCCESS] 2f77ebb3-aff4-4b94-bd8d-fc52ca1d1b50, 1108
[4/17/2026 2:30:15 PM] [FAILED (Attempt 3)] 83797b5b-d33d-4970-abf6-92ecda29db8e, 0
[4/17/2026 2:30:15 PM] [ABORT] 83797b5b-d33d-4970-abf6-92ecda29db8e, 0
[4/17/2026 2:30:15 PM] [SUCCESS] 8f6ad9c4-29a7-4fb8-9d8c-196d3d27eef9, 888
[4/17/2026 2:30:16 PM] [SUCCESS] cfec52b7-3d05-4bd5-a20c-f82351e842c2, 979
[4/17/2026 2:30:16 PM] [SUCCESS] 43b39e7c-d7b8-4e0b-a4a8-448d329df2c2, 573
[4/17/2026 2:30:16 PM] [SUCCESS] 9fb0c698-4b6f-47bd-ad5b-880612843c1f, 41
[4/17/2026 2:30:16 PM] [FAILED (Attempt 1)] 29e497b2-1f1b-4343-8262-e7e553d907e1, 0
[4/17/2026 2:30:16 PM] [FAILED (Attempt 1)] 3cba5bc6-4dbd-43df-a27b-2a61ecc4044f, 0
[4/17/2026 2:30:17 PM] [SUCCESS] 6cabe05d-062f-48d8-a359-2285708532b7, 95
[4/17/2026 2:30:17 PM] [FAILED (Attempt 2)] cfd68d67-d22c-49ad-9577-70866cdc6b51, 0
[4/17/2026 2:30:17 PM] [SUCCESS] 3f1225a0-610a-4bd4-8e21-b0b6001dfc7f, 1184
[4/17/2026 2:30:17 PM] [SUCCESS] 8bd6c391-70b5-4ffe-8454-2ebc4ab28881, 126
[4/17/2026 2:30:17 PM] [SUCCESS] 7880f72b-8398-48e7-ac35-5c38904884da, 722
[4/17/2026 2:30:17 PM] [SUCCESS] 2c7a4c29-04e2-4979-b26a-6b75d8280403, 89
[4/17/2026 2:30:17 PM] [SUCCESS] f3e1bbcb-1881-4bc5-8a41-764b94b14456, 1075
[4/17/2026 2:30:18 PM] [SUCCESS] 51a31e60-fad4-4b74-bdee-f9c970b6de86, 141
[4/17/2026 2:30:18 PM] [FAILED (Attempt 1)] b1cf2a8a-46fc-435d-9e3b-05df56fd84d2, 0
[4/17/2026 2:30:18 PM] [SUCCESS] fe6ff9ec-2b5b-497b-9bd5-89b1bbd7def0, 75
[4/17/2026 2:30:18 PM] [FAILED (Attempt 2)] 29e497b2-1f1b-4343-8262-e7e553d907e1, 0
[4/17/2026 2:30:18 PM] [SUCCESS] eef12c53-56d2-4bb5-b3a6-74f6688edb61, 693
[4/17/2026 2:30:18 PM] [FAILED (Attempt 2)] 3cba5bc6-4dbd-43df-a27b-2a61ecc4044f, 0
[4/17/2026 2:30:19 PM] [FAILED (Attempt 3)] cfd68d67-d22c-49ad-9577-70866cdc6b51, 0
[4/17/2026 2:30:19 PM] [ABORT] cfd68d67-d22c-49ad-9577-70866cdc6b51, 0
[4/17/2026 2:30:19 PM] [SUCCESS] a5ac96d1-4152-4802-aacf-9e136e1eedca, 15
[4/17/2026 2:30:19 PM] [SUCCESS] 0ba4cee1-9e2c-4769-a56a-b8557386f443, 853
[4/17/2026 2:30:19 PM] [SUCCESS] 2bdf23f2-328e-4e25-8cf6-7a7ddf5ed727, 37
[4/17/2026 2:30:19 PM] [SUCCESS] c06873d6-71e0-47cf-b369-008ffbc65e0a, 520
[4/17/2026 2:30:20 PM] [SUCCESS] fd46eb62-db3d-4cb0-a6c6-963d2e3f8f79, 14
[4/17/2026 2:30:20 PM] [FAILED (Attempt 2)] b1cf2a8a-46fc-435d-9e3b-05df56fd84d2, 0
[4/17/2026 2:30:20 PM] [SUCCESS] c852cb27-e429-4c5d-93d3-7818229206d1, 876
[4/17/2026 2:30:20 PM] [SUCCESS] 8ed295fb-c0e4-4d4b-a2dd-9fffdb5a85de, 697
[4/17/2026 2:30:20 PM] [FAILED (Attempt 3)] 29e497b2-1f1b-4343-8262-e7e553d907e1, 0
[4/17/2026 2:30:20 PM] [ABORT] 29e497b2-1f1b-4343-8262-e7e553d907e1, 0
[4/17/2026 2:30:20 PM] [SUCCESS] df98ea66-7e43-47d5-93d4-889fb4bfe3b3, 40
[4/17/2026 2:30:20 PM] [SUCCESS] 02515170-36d5-4fc2-82a1-0e69c74daa4b, 1042
[4/17/2026 2:30:20 PM] [FAILED (Attempt 3)] 3cba5bc6-4dbd-43df-a27b-2a61ecc4044f, 0
[4/17/2026 2:30:20 PM] [ABORT] 3cba5bc6-4dbd-43df-a27b-2a61ecc4044f, 0
[4/17/2026 2:30:20 PM] [SUCCESS] 788296a0-b0ce-4140-9169-58ae14b8bcbb, 846
[4/17/2026 2:30:21 PM] [SUCCESS] f74f6f94-c02c-464d-9f05-5cff558e5a58, 735
[4/17/2026 2:30:21 PM] [SUCCESS] cd0ecaa5-f40a-4af4-bd0f-0c0afffd0e52, 1077
[4/17/2026 2:30:21 PM] [SUCCESS] 6fad2082-78aa-4b63-9302-2f0ea223c81a, 1127
[4/17/2026 2:30:21 PM] [FAILED (Attempt 1)] cf4cea62-890e-47d4-9e4f-922345678c03, 0
[4/17/2026 2:30:21 PM] [SUCCESS] 71fca98e-4ed4-4af7-b8c2-9c047f679056, 443
[4/17/2026 2:30:21 PM] [SUCCESS] c50655b6-afeb-4ca0-a6d5-0f5fe9ff2ce6, 83
[4/17/2026 2:30:22 PM] [SUCCESS] 2407f06a-c4ca-417b-938f-474bed288a88, 60
[4/17/2026 2:30:22 PM] [FAILED (Attempt 3)] b1cf2a8a-46fc-435d-9e3b-05df56fd84d2, 0
[4/17/2026 2:30:22 PM] [ABORT] b1cf2a8a-46fc-435d-9e3b-05df56fd84d2, 0
[4/17/2026 2:30:22 PM] [SUCCESS] f6f0e708-617b-4190-9633-617b2eb98832, 1097
[4/17/2026 2:30:22 PM] [FAILED (Attempt 1)] e8ca9161-2304-49b4-b01b-182584630b7a, 0
[4/17/2026 2:30:22 PM] [SUCCESS] 4b2d478b-eba9-474c-8f8c-5611ff37c193, 40
[4/17/2026 2:30:22 PM] [SUCCESS] 66d147f4-34b4-4e9e-b211-13973b5e7bae, 687
[4/17/2026 2:30:22 PM] [SUCCESS] 05c990c4-ca4d-486c-841a-2b0a80446a45, 1134
[4/17/2026 2:30:23 PM] [SUCCESS] ff3505eb-8796-4aa8-8819-32b6cae8abb7, 68
[4/17/2026 2:30:23 PM] [SUCCESS] 40cdcc19-7b54-4a26-866e-7425bb987abf, 20
[4/17/2026 2:30:23 PM] [FAILED (Attempt 2)] cf4cea62-890e-47d4-9e4f-922345678c03, 0
[4/17/2026 2:30:23 PM] [SUCCESS] f8ffdc14-f336-4338-8432-3c75828f3e7a, 93
[4/17/2026 2:30:23 PM] [SUCCESS] 4838987d-ac04-4ddc-b5ad-f58dab0fab67, 27
[4/17/2026 2:30:23 PM] [SUCCESS] 7234712c-81e1-4750-b1a2-f76fa1348b40, 855
[4/17/2026 2:30:24 PM] [SUCCESS] a37bef48-f5c1-4530-b16d-d34ecbf1dda2, 128
[4/17/2026 2:30:24 PM] [FAILED (Attempt 2)] e8ca9161-2304-49b4-b01b-182584630b7a, 0
[4/17/2026 2:30:24 PM] [SUCCESS] c748a8cb-9803-4915-9960-fd57d5ff7030, 75
[4/17/2026 2:30:24 PM] [SUCCESS] 110c7d3f-810b-475a-b76a-778280fde21a, 34
[4/17/2026 2:30:24 PM] [SUCCESS] f7e21c3a-2ee6-43d4-b5fc-77cd39c85761, 775
[4/17/2026 2:30:24 PM] [SUCCESS] c35c6560-9c4c-4cfc-af35-90c00d32ae57, 98
[4/17/2026 2:30:25 PM] [FAILED (Attempt 1)] 90733119-d4b7-4ac4-934d-97a3cef37976, 0
[4/17/2026 2:30:25 PM] [SUCCESS] a22c878f-fec8-46c8-b45e-56742448ceec, 273
[4/17/2026 2:30:25 PM] [SUCCESS] 92084550-318a-4b58-99b1-35de794675ab, 246
[4/17/2026 2:30:25 PM] [SUCCESS] 029ea7df-c84d-4a77-b806-f5dedf16d60a, 19
[4/17/2026 2:30:25 PM] [SUCCESS] c1cacd05-2d9a-4630-8610-47fc8ecde5f9, 3
[4/17/2026 2:30:25 PM] [FAILED (Attempt 3)] cf4cea62-890e-47d4-9e4f-922345678c03, 0
[4/17/2026 2:30:25 PM] [ABORT] cf4cea62-890e-47d4-9e4f-922345678c03, 0
[4/17/2026 2:30:25 PM] [SUCCESS] 5ffdbcb5-d850-4df2-b81a-7f17c10f6b98, 1067
[4/17/2026 2:30:26 PM] [SUCCESS] 1f4366fe-19e1-4817-8d76-7c78d0b52e06, 603
[4/17/2026 2:30:26 PM] [FAILED (Attempt 3)] e8ca9161-2304-49b4-b01b-182584630b7a, 0
[4/17/2026 2:30:26 PM] [ABORT] e8ca9161-2304-49b4-b01b-182584630b7a, 0
[4/17/2026 2:30:26 PM] [SUCCESS] a7be1aa0-4792-46bd-9646-9df9d5c8f0c0, 728
[4/17/2026 2:30:26 PM] [SUCCESS] 1db16665-4290-40cc-a645-45141c19e536, 7
[4/17/2026 2:30:26 PM] [SUCCESS] 7c21d512-6fff-4b61-99b3-e25fc0242909, 8
[4/17/2026 2:30:26 PM] [SUCCESS] 945f4233-20f8-465d-99e1-eaa9203c959d, 793
[4/17/2026 2:30:26 PM] [SUCCESS] 80e229bc-3921-4c7c-8ca3-5d9c751fb076, 99
[4/17/2026 2:30:27 PM] [FAILED (Attempt 2)] 90733119-d4b7-4ac4-934d-97a3cef37976, 0
[4/17/2026 2:30:27 PM] [SUCCESS] 52f8a134-41f5-40c3-a230-4520170ba41c, 787
[4/17/2026 2:30:27 PM] [FAILED (Attempt 1)] c0e6e079-de01-4755-b816-39bef9a778af, 0
[4/17/2026 2:30:27 PM] [SUCCESS] 5b378324-5f16-46e0-8b82-3af9608c9f4e, 2
[4/17/2026 2:30:27 PM] [SUCCESS] c8f63c7d-de3f-4e1e-931c-0bccb607bf23, 221
[4/17/2026 2:30:28 PM] [SUCCESS] 0527fb25-977c-45d9-80d7-34b495944b99, 10
[4/17/2026 2:30:28 PM] [SUCCESS] 60fb39c9-ee65-4922-878d-45bb74d0c977, 168
[4/17/2026 2:30:28 PM] [SUCCESS] d7d702a0-63fa-4197-a9a2-4a50b917666c, 192
[4/17/2026 2:30:28 PM] [SUCCESS] ecfa6817-2db6-49d4-b198-bc8642ae2296, 68
[4/17/2026 2:30:29 PM] [FAILED (Attempt 3)] 90733119-d4b7-4ac4-934d-97a3cef37976, 0
[4/17/2026 2:30:29 PM] [ABORT] 90733119-d4b7-4ac4-934d-97a3cef37976, 0
[4/17/2026 2:30:29 PM] [SUCCESS] 8fa728f9-8290-4d14-97ce-8c0d8b73ac9d, 302
[4/17/2026 2:30:29 PM] [SUCCESS] b29941e2-5db5-4b45-bfa7-7ea346a695d9, 363
[4/17/2026 2:30:29 PM] [SUCCESS] 4af4f4b8-652c-4786-bf10-62a123ca3f60, 1217
[4/17/2026 2:30:29 PM] [FAILED (Attempt 2)] c0e6e079-de01-4755-b816-39bef9a778af, 0
[4/17/2026 2:30:29 PM] [SUCCESS] 83f30312-2b6f-4b22-a795-946a1e216276, 37
[4/17/2026 2:30:30 PM] [FAILED (Attempt 1)] 16fc6a00-e783-4b64-9922-d4752b20f7ba, 0
[4/17/2026 2:30:30 PM] [SUCCESS] fa504152-154f-4ac4-80dd-ca90171a7148, 5
[4/17/2026 2:30:30 PM] [SUCCESS] 06b9e596-03f8-431c-b3be-259be4fe64d6, 438
[4/17/2026 2:30:31 PM] [SUCCESS] 5eb926f1-5192-4a1b-bdbe-199c16bbbb28, 66
[4/17/2026 2:30:31 PM] [SUCCESS] bf0c69b4-1fbb-4c5b-8b6f-5ee2c4630ea0, 64
[4/17/2026 2:30:31 PM] [FAILED (Attempt 3)] c0e6e079-de01-4755-b816-39bef9a778af, 0
[4/17/2026 2:30:31 PM] [ABORT] c0e6e079-de01-4755-b816-39bef9a778af, 0
[4/17/2026 2:30:31 PM] [SUCCESS] 4519e292-3f25-45e8-a6d5-26bcf34d4e8b, 13
[4/17/2026 2:30:31 PM] [FAILED (Attempt 1)] f1eab5ac-67be-49ef-8956-717db42add77, 0
[4/17/2026 2:30:32 PM] [SUCCESS] 86ef76fd-22c9-4822-a83d-f826d138d094, 40
[4/17/2026 2:30:32 PM] [FAILED (Attempt 2)] 16fc6a00-e783-4b64-9922-d4752b20f7ba, 0
[4/17/2026 2:30:32 PM] [SUCCESS] 6fa609ce-bfcd-425a-86ae-36de1e3b9236, 24
[4/17/2026 2:30:32 PM] [SUCCESS] 72f61d64-ed03-4534-9378-2ae31720c33e, 290
[4/17/2026 2:30:32 PM] [FAILED (Attempt 1)] 1614652c-09fa-4184-a1ff-3c2311da46ed, 0
[4/17/2026 2:30:32 PM] [SUCCESS] 715bd7b4-48f5-49c9-b69e-d975ef37b4be, 689
[4/17/2026 2:30:32 PM] [SUCCESS] 9f0f5ed9-3a68-4b2c-8d88-e2e19ffc21b5, 829
[4/17/2026 2:30:32 PM] [SUCCESS] ddc73769-15eb-42ac-8cf9-df84459dab0a, 54
[4/17/2026 2:30:33 PM] [SUCCESS] d9ac8846-8e2a-411f-b83b-efdb1309fc18, 71
[4/17/2026 2:30:33 PM] [SUCCESS] 6a17c3aa-e5dd-4447-b1ea-0df88f9ea5e3, 62
[4/17/2026 2:30:33 PM] [SUCCESS] 28e2bc03-0539-4c61-a3cf-5f90c41c4cfa, 49
[4/17/2026 2:30:33 PM] [SUCCESS] 948ff184-fb58-4909-a99d-4c08c806aa8d, 82
[4/17/2026 2:30:33 PM] [SUCCESS] b52d1f13-bec6-42e9-b368-7adc62fb098e, 70
[4/17/2026 2:30:33 PM] [SUCCESS] 978e2b2d-1437-41d7-bc67-b3f5c2ffaa3d, 79
[4/17/2026 2:30:33 PM] [SUCCESS] 42b5955a-9461-4c9c-af48-42fee585b7b7, 1197
[4/17/2026 2:30:33 PM] [SUCCESS] eea9ba19-3d09-4337-b419-80ca15f3c7a2, 597
[4/17/2026 2:30:33 PM] [SUCCESS] 8f3faa76-4194-4d7c-b222-ea9a93a61d78, 10
[4/17/2026 2:30:33 PM] [FAILED (Attempt 2)] f1eab5ac-67be-49ef-8956-717db42add77, 0
[4/17/2026 2:30:33 PM] [SUCCESS] 72643f12-7e64-42af-ae03-84f1c068c258, 991
[4/17/2026 2:30:34 PM] [FAILED (Attempt 3)] 16fc6a00-e783-4b64-9922-d4752b20f7ba, 0
[4/17/2026 2:30:34 PM] [ABORT] 16fc6a00-e783-4b64-9922-d4752b20f7ba, 0
[4/17/2026 2:30:34 PM] [SUCCESS] a49834ee-80c7-4151-b031-c707dfa72869, 615
[4/17/2026 2:30:34 PM] [FAILED (Attempt 2)] 1614652c-09fa-4184-a1ff-3c2311da46ed, 0
[4/17/2026 2:30:34 PM] [SUCCESS] 2a1da69c-fe4f-4d48-91fb-b7dd15cbf9e3, 2
[4/17/2026 2:30:34 PM] [SUCCESS] de80bc0c-6b23-434b-babd-ecc42ce34862, 11
[4/17/2026 2:30:34 PM] [SUCCESS] edbccda2-fb21-4120-9ced-3ebb04ccfcfe, 620
[4/17/2026 2:30:34 PM] [SUCCESS] 66cf4465-8dc7-4a7e-a400-0ea0152d06e7, 641
[4/17/2026 2:30:34 PM] [SUCCESS] 57844ecf-20a5-4cf0-b983-d8b260042d0f, 514
[4/17/2026 2:30:35 PM] [SUCCESS] 1d6d20b7-afb4-4f7b-8abb-610d4c9c280b, 41
[4/17/2026 2:30:35 PM] [SUCCESS] 3bf3fd30-475b-4749-8f2c-a2d067027b18, 1012
[4/17/2026 2:30:35 PM] [SUCCESS] c508f4f1-d012-452d-b932-e6b26b7d4e4c, 1170
[4/17/2026 2:30:35 PM] [FAILED (Attempt 1)] 1146bcba-1e30-44e9-b627-3ca4d2562eda, 0
[4/17/2026 2:30:35 PM] [SUCCESS] eb05208c-fb58-4180-a0af-819731065004, 185
[4/17/2026 2:30:35 PM] [FAILED (Attempt 3)] f1eab5ac-67be-49ef-8956-717db42add77, 0
[4/17/2026 2:30:35 PM] [ABORT] f1eab5ac-67be-49ef-8956-717db42add77, 0
[4/17/2026 2:30:36 PM] [FAILED (Attempt 3)] 1614652c-09fa-4184-a1ff-3c2311da46ed, 0
[4/17/2026 2:30:36 PM] [ABORT] 1614652c-09fa-4184-a1ff-3c2311da46ed, 0
[4/17/2026 2:30:36 PM] [SUCCESS] 8d504a45-a97b-43c5-ade2-21d3d085bd99, 347
[4/17/2026 2:30:36 PM] [SUCCESS] e511f34b-dbe1-4291-a06f-61f98c43ae32, 200
[4/17/2026 2:30:36 PM] [SUCCESS] c95a6a03-036a-4fc6-b5a5-3bd7e1fb22b4, 82
[4/17/2026 2:30:37 PM] [SUCCESS] 35616ddd-9d2d-4d37-8657-0227f108e75b, 1206
[4/17/2026 2:30:37 PM] [SUCCESS] 75dc6704-13fb-4236-9e65-76b80007240c, 576
[4/17/2026 2:30:37 PM] [SUCCESS] 9dacf116-7e05-45a9-948c-5fdf4ff7f667, 51
[4/17/2026 2:30:37 PM] [FAILED (Attempt 2)] 1146bcba-1e30-44e9-b627-3ca4d2562eda, 0
[4/17/2026 2:30:37 PM] [SUCCESS] 0930a6c5-fb5d-4d38-b7fc-a8d69e95a26a, 1158
[4/17/2026 2:30:37 PM] [SUCCESS] 9d80f436-aa91-4e44-88f0-856ef4fe8b45, 62
[4/17/2026 2:30:37 PM] [SUCCESS] 79cfe5ed-4a33-458d-9684-99b986fd9fa7, 1035
[4/17/2026 2:30:38 PM] [SUCCESS] 6423edce-2d16-468a-97bc-f4eb231ee53c, 358
[4/17/2026 2:30:38 PM] [SUCCESS] 2b3e776b-1069-4781-91fd-43edfe08f3f3, 82
[4/17/2026 2:30:39 PM] [FAILED (Attempt 1)] 0b644b51-dba7-416d-b76a-d4baf0d3138d, 0
[4/17/2026 2:30:39 PM] [FAILED (Attempt 3)] 1146bcba-1e30-44e9-b627-3ca4d2562eda, 0
[4/17/2026 2:30:39 PM] [ABORT] 1146bcba-1e30-44e9-b627-3ca4d2562eda, 0
[4/17/2026 2:30:39 PM] [SUCCESS] accb4f73-1dd2-4838-8a9d-d107cbca353f, 41
[4/17/2026 2:30:39 PM] [SUCCESS] 2a20aea3-1912-4162-9b00-1818fbe054e7, 95
[4/17/2026 2:30:39 PM] [SUCCESS] 48e9542a-5b1e-4397-8453-820ca2c01bd4, 86
[4/17/2026 2:30:40 PM] [SUCCESS] 651f764c-7fc8-4e40-a100-af8e29fe640c, 676
[4/17/2026 2:30:40 PM] [SUCCESS] 5d1f3325-1532-4362-8028-28ffc1a3bcb7, 82
[4/17/2026 2:30:40 PM] [SUCCESS] 455329df-b7c8-45d2-8158-a5df69b8d47e, 67
[4/17/2026 2:30:40 PM] [SUCCESS] d0188a63-7f06-4019-b81a-4578703d35f9, 93
[4/17/2026 2:30:40 PM] [SUCCESS] 7ae6d2a2-163e-4f93-9886-c75f78bd121d, 51
[4/17/2026 2:30:40 PM] [SUCCESS] 4b9599a9-45d0-4f36-9423-ec47dca7458b, 85
[4/17/2026 2:30:40 PM] [FAILED (Attempt 1)] a0648587-ab42-4353-a121-29b8217b7609, 0
[4/17/2026 2:30:41 PM] [SUCCESS] ce2ed5dc-9343-4786-99d0-ed4e502d747d, 223
[4/17/2026 2:30:41 PM] [SUCCESS] 01c150c0-85f4-48e8-bba3-d50efb82c51c, 294
[4/17/2026 2:30:41 PM] [FAILED (Attempt 2)] 0b644b51-dba7-416d-b76a-d4baf0d3138d, 0
[4/17/2026 2:30:41 PM] [SUCCESS] cb9bfeee-071f-40aa-8a89-ede31f26b3c8, 65
[4/17/2026 2:30:41 PM] [SUCCESS] 9785379c-510c-431f-b583-6380b07579f7, 33
[4/17/2026 2:30:41 PM] [SUCCESS] ab8b3138-ee08-424f-9a83-e7b5fb742430, 88
[4/17/2026 2:30:42 PM] [SUCCESS] ce9b7b09-c1a8-48e8-b739-74546115bfbc, 777
[4/17/2026 2:30:42 PM] [SUCCESS] 1dd65397-9244-47c2-9504-f5446135c412, 1131
[4/17/2026 2:30:42 PM] [SUCCESS] 5aa518e2-a062-414e-8424-dda30ef87c46, 555
[4/17/2026 2:30:42 PM] [FAILED (Attempt 1)] 6fdd103c-3489-4e88-a7f6-a558dbf28365, 0
[4/17/2026 2:30:42 PM] [SUCCESS] b4c0fd7b-55eb-44e3-b2f9-6e3c594dec2c, 47
[4/17/2026 2:30:42 PM] [FAILED (Attempt 2)] a0648587-ab42-4353-a121-29b8217b7609, 0
[4/17/2026 2:30:43 PM] [FAILED (Attempt 3)] 0b644b51-dba7-416d-b76a-d4baf0d3138d, 0
[4/17/2026 2:30:43 PM] [ABORT] 0b644b51-dba7-416d-b76a-d4baf0d3138d, 0
[4/17/2026 2:30:43 PM] [SUCCESS] 7770c509-4e9c-4c23-951c-8cc74511cf43, 167
[4/17/2026 2:30:43 PM] [SUCCESS] 5bf7ee0b-bdfd-4b8b-81f0-6ac0d30cd771, 22
[4/17/2026 2:30:43 PM] [SUCCESS] ab26849d-6828-481b-be09-a04ef9fc0eb6, 51
[4/17/2026 2:30:43 PM] [SUCCESS] 9e1e197e-ea34-4122-9dee-fc90c670f649, 300
[4/17/2026 2:30:43 PM] [FAILED (Attempt 1)] 5efc2138-e37c-4d69-abf9-8fa1af635f63, 0
[4/17/2026 2:30:43 PM] [SUCCESS] a96ddb01-63f0-40db-a340-d90665c63a86, 74
[4/17/2026 2:30:43 PM] [FAILED (Attempt 1)] 80fc601b-bbf1-4c33-a3d4-ff06139afaf2, 0
[4/17/2026 2:30:43 PM] [SUCCESS] b9812d24-4f91-4423-89b1-b53e5d2aca58, 75
[4/17/2026 2:30:44 PM] [SUCCESS] c8f95507-4a6b-412f-a3e4-00efd24b8161, 737
[4/17/2026 2:30:44 PM] [SUCCESS] 0982033a-ef1c-49a0-8c2c-c141d859153c, 16
[4/17/2026 2:30:44 PM] [FAILED (Attempt 2)] 6fdd103c-3489-4e88-a7f6-a558dbf28365, 0
[4/17/2026 2:30:44 PM] [SUCCESS] 43114ce3-2f38-4707-9052-d1613d599684, 402
[4/17/2026 2:30:44 PM] [FAILED (Attempt 3)] a0648587-ab42-4353-a121-29b8217b7609, 0
[4/17/2026 2:30:44 PM] [ABORT] a0648587-ab42-4353-a121-29b8217b7609, 0
[4/17/2026 2:30:45 PM] [FAILED (Attempt 1)] 5951b970-1d64-4831-9df2-374cb62b020a, 0
[4/17/2026 2:30:45 PM] [SUCCESS] 2ebde1f5-ddef-4c94-8996-70f2753dc0d4, 324
[4/17/2026 2:30:45 PM] [SUCCESS] e8dd1904-2b06-432d-9f50-1afbe7564750, 279
[4/17/2026 2:30:45 PM] [SUCCESS] 6f226a39-e4fa-4531-abc4-1bcce0df6873, 1032
[4/17/2026 2:30:45 PM] [FAILED (Attempt 2)] 5efc2138-e37c-4d69-abf9-8fa1af635f63, 0
[4/17/2026 2:30:45 PM] [SUCCESS] d9ced7f6-673e-424e-8422-4415d7f5651c, 19
[4/17/2026 2:30:45 PM] [FAILED (Attempt 1)] 4595a6e4-552c-4080-8534-7bb283b84e28, 0
[4/17/2026 2:30:45 PM] [FAILED (Attempt 2)] 80fc601b-bbf1-4c33-a3d4-ff06139afaf2, 0
[4/17/2026 2:30:46 PM] [SUCCESS] f445328f-e51a-4551-9930-433b1f6d79c6, 258
[4/17/2026 2:30:46 PM] [FAILED (Attempt 1)] 19110c31-9f9f-4d13-8014-52cd71333717, 0
[4/17/2026 2:30:46 PM] [SUCCESS] d863bf0d-b4b2-4bc4-a0dd-77d169b708e9, 60
[4/17/2026 2:30:46 PM] [FAILED (Attempt 1)] 0a5b08e6-bb41-430e-88ff-85f96fb82056, 0
[4/17/2026 2:30:46 PM] [FAILED (Attempt 3)] 6fdd103c-3489-4e88-a7f6-a558dbf28365, 0
[4/17/2026 2:30:46 PM] [ABORT] 6fdd103c-3489-4e88-a7f6-a558dbf28365, 0
[4/17/2026 2:30:46 PM] [SUCCESS] c14da449-b422-4c8b-8350-2123c5ac19de, 76
[4/17/2026 2:30:47 PM] [SUCCESS] 4b1f9c42-607d-4b6d-8f1b-cf19c8325ce3, 69
[4/17/2026 2:30:47 PM] [FAILED (Attempt 2)] 5951b970-1d64-4831-9df2-374cb62b020a, 0
[4/17/2026 2:30:47 PM] [SUCCESS] 1e2ddad2-0acb-413e-8afd-79fea9edd7bb, 378
[4/17/2026 2:30:47 PM] [SUCCESS] 4593036b-749c-4432-9a19-d345f31f72ee, 480
[4/17/2026 2:30:47 PM] [FAILED (Attempt 1)] 103c37dc-2a51-458d-a9f7-159e6633c43d, 0
[4/17/2026 2:30:47 PM] [SUCCESS] a1945c1b-2ac3-46e3-a661-7ddbfca71b5c, 1177
[4/17/2026 2:30:47 PM] [FAILED (Attempt 3)] 5efc2138-e37c-4d69-abf9-8fa1af635f63, 0
[4/17/2026 2:30:47 PM] [ABORT] 5efc2138-e37c-4d69-abf9-8fa1af635f63, 0
[4/17/2026 2:30:47 PM] [SUCCESS] d988a254-5ea9-4f01-8180-e3b7d438d4f6, 58
[4/17/2026 2:30:47 PM] [FAILED (Attempt 2)] 4595a6e4-552c-4080-8534-7bb283b84e28, 0
[4/17/2026 2:30:47 PM] [FAILED (Attempt 3)] 80fc601b-bbf1-4c33-a3d4-ff06139afaf2, 0
[4/17/2026 2:30:47 PM] [ABORT] 80fc601b-bbf1-4c33-a3d4-ff06139afaf2, 0
[4/17/2026 2:30:48 PM] [FAILED (Attempt 2)] 19110c31-9f9f-4d13-8014-52cd71333717, 0
[4/17/2026 2:30:48 PM] [SUCCESS] 7edadd0d-de27-45c4-bcba-1d466a169485, 633
[4/17/2026 2:30:48 PM] [FAILED (Attempt 2)] 0a5b08e6-bb41-430e-88ff-85f96fb82056, 0
[4/17/2026 2:30:48 PM] [SUCCESS] 37a774cb-d4d4-480b-80ca-8d007b529d05, 71
[4/17/2026 2:30:48 PM] [SUCCESS] e109a091-19f8-40f5-9cec-34baca342784, 186
[4/17/2026 2:30:48 PM] [SUCCESS] dc7476d0-f9aa-4114-b982-0380311cb2b2, 22
[4/17/2026 2:30:48 PM] [SUCCESS] 8f569f26-b136-4756-aa84-c7cd9dadb13e, 402
[4/17/2026 2:30:48 PM] [SUCCESS] 75d25f1d-927d-49f5-b5bc-e109bcb3a68e, 906
[4/17/2026 2:30:49 PM] [FAILED (Attempt 3)] 5951b970-1d64-4831-9df2-374cb62b020a, 0
[4/17/2026 2:30:49 PM] [ABORT] 5951b970-1d64-4831-9df2-374cb62b020a, 0
